2025-05-14 15:33:11.211 [info] Starting TS Server
2025-05-14 15:33:11.211 [info] Using tsserver from: /opt/vscodium-bin/resources/app/extensions/node_modules/typescript/lib/tsserver.js
2025-05-14 15:33:11.211 [info] <syntax> Forking...
2025-05-14 15:33:11.211 [info] <syntax> Starting...
2025-05-14 15:33:11.211 [info] <semantic> Forking...
2025-05-14 15:33:11.211 [info] <semantic> Starting...
2025-05-14 15:33:36.457 [info] Killing TS Server
2025-05-14 15:33:36.457 [info] Starting TS Server
2025-05-14 15:33:36.457 [info] Using tsserver from: /opt/vscodium-bin/resources/app/extensions/node_modules/typescript/lib/tsserver.js
2025-05-14 15:33:36.457 [info] <syntax> Forking...
2025-05-14 15:33:36.457 [info] <syntax> Starting...
2025-05-14 15:33:36.457 [info] <semantic> Forking...
2025-05-14 15:33:36.457 [info] <semantic> Starting...
2025-05-14 15:33:36.457 [error] TSServer exited. Code: null. Signal: SIGTERM
2025-05-14 15:33:36.556 [error] TSServer exited. Code: null. Signal: SIGTERM
2025-05-14 15:33:53.964 [info] Starting TS Server
2025-05-14 15:33:53.964 [info] Using tsserver from: /opt/vscodium-bin/resources/app/extensions/node_modules/typescript/lib/tsserver.js
2025-05-14 15:33:53.964 [info] <syntax> Forking...
2025-05-14 15:33:53.964 [info] <syntax> Starting...
2025-05-14 15:33:53.964 [info] <semantic> Forking...
2025-05-14 15:33:53.964 [info] <semantic> Starting...
2025-05-14 15:33:54.349 [info] Killing TS Server
2025-05-14 15:33:54.383 [error] TSServer exited. Code: null. Signal: SIGTERM
2025-05-14 15:33:54.383 [info] Starting TS Server
2025-05-14 15:33:54.383 [info] Using tsserver from: /opt/vscodium-bin/resources/app/extensions/node_modules/typescript/lib/tsserver.js
2025-05-14 15:33:54.383 [info] <syntax> Forking...
2025-05-14 15:33:54.383 [info] <syntax> Starting...
2025-05-14 15:33:54.383 [info] <semantic> Forking...
2025-05-14 15:33:54.383 [info] <semantic> Starting...
2025-05-14 15:33:54.383 [info] Killing TS Server
2025-05-14 15:33:54.409 [error] TSServer exited. Code: null. Signal: SIGTERM
2025-05-14 15:33:54.409 [info] Starting TS Server
2025-05-14 15:33:54.409 [info] Using tsserver from: /opt/vscodium-bin/resources/app/extensions/node_modules/typescript/lib/tsserver.js
2025-05-14 15:33:54.409 [info] <syntax> Forking...
2025-05-14 15:33:54.409 [info] <syntax> Starting...
2025-05-14 15:33:54.409 [info] <semantic> Forking...
2025-05-14 15:33:54.409 [info] <semantic> Starting...
2025-05-14 15:33:54.776 [info] Killing TS Server
2025-05-14 15:33:54.802 [error] TSServer exited. Code: null. Signal: SIGTERM
2025-05-14 15:33:54.802 [info] Starting TS Server
2025-05-14 15:33:54.802 [info] Using tsserver from: /opt/vscodium-bin/resources/app/extensions/node_modules/typescript/lib/tsserver.js
2025-05-14 15:33:54.802 [info] <syntax> Forking...
2025-05-14 15:33:54.802 [info] <syntax> Starting...
2025-05-14 15:33:54.802 [info] <semantic> Forking...
2025-05-14 15:33:54.802 [info] <semantic> Starting...
2025-05-14 15:33:54.802 [info] Killing TS Server
2025-05-14 15:33:54.824 [error] TSServer exited. Code: null. Signal: SIGTERM
2025-05-14 15:33:54.824 [info] Starting TS Server
2025-05-14 15:33:54.824 [info] Using tsserver from: /opt/vscodium-bin/resources/app/extensions/node_modules/typescript/lib/tsserver.js
2025-05-14 15:33:54.824 [info] <syntax> Forking...
2025-05-14 15:33:54.824 [info] <syntax> Starting...
2025-05-14 15:33:54.824 [info] <semantic> Forking...
2025-05-14 15:33:54.824 [info] <semantic> Starting...
2025-05-14 15:33:55.213 [info] Killing TS Server
2025-05-14 15:33:55.236 [error] TSServer exited. Code: null. Signal: SIGTERM
2025-05-14 15:33:55.236 [info] Starting TS Server
2025-05-14 15:33:55.236 [info] Using tsserver from: /opt/vscodium-bin/resources/app/extensions/node_modules/typescript/lib/tsserver.js
2025-05-14 15:33:55.236 [info] <syntax> Forking...
2025-05-14 15:33:55.236 [info] <syntax> Starting...
2025-05-14 15:33:55.236 [info] <semantic> Forking...
2025-05-14 15:33:55.236 [info] <semantic> Starting...
2025-05-14 15:33:55.578 [info] Killing TS Server
2025-05-14 15:33:55.582 [error] TSServer exited. Code: null. Signal: SIGTERM
