2025-05-14 19:05:33.972 [info] [main] Log level: Info
2025-05-14 19:05:33.972 [info] [main] Validating found git in: "git"
2025-05-14 19:05:33.972 [info] [main] Using git "2.49.0" from "git"
2025-05-14 19:05:33.972 [info] [Model][doInitialScan] Initial repository scan started
2025-05-14 19:05:33.972 [info] > git rev-parse --show-toplevel [3ms]
2025-05-14 19:05:33.972 [info] > git rev-parse --git-dir --git-common-dir [7ms]
2025-05-14 19:05:33.972 [info] [Model][openRepository] Opened repository (path): /home/user/Documents/code/resumix
2025-05-14 19:05:33.972 [info] [Model][openRepository] Opened repository (real path): /home/user/Documents/code/resumix
2025-05-14 19:05:33.972 [info] > git rev-parse --show-toplevel [2ms]
2025-05-14 19:05:33.972 [info] > git config --get commit.template [10ms]
2025-05-14 19:05:33.977 [info] > git rev-parse --show-toplevel [15ms]
2025-05-14 19:05:34.016 [info] > git for-each-ref --format=%(refname)%00%(upstream:short)%00%(objectname)%00%(upstream:track)%00%(upstream:remotename)%00%(upstream:remoteref) refs/heads/main refs/remotes/main [44ms]
2025-05-14 19:05:34.028 [info] > git rev-parse --show-toplevel [12ms]
2025-05-14 19:05:34.057 [info] > git rev-parse --show-toplevel [20ms]
2025-05-14 19:05:34.057 [info] [Model][doInitialScan] Initial repository scan completed - repositories (1), closed repositories (0), parent repositories (0), unsafe repositories (0)
2025-05-14 19:05:34.057 [info] > git for-each-ref --sort -committerdate --format %(refname)%00%(objectname)%00%(*objectname) [2ms]
2025-05-14 19:05:34.072 [info] > git status -z -uall [25ms]
2025-05-14 19:05:34.100 [info] > git for-each-ref --format=%(refname)%00%(upstream:short)%00%(objectname)%00%(upstream:track)%00%(upstream:remotename)%00%(upstream:remoteref) refs/heads/main refs/remotes/main [12ms]
2025-05-14 19:05:34.108 [info] > git config --get commit.template [8ms]
2025-05-14 19:05:34.109 [info] > git config --get --local branch.main.vscode-merge-base [2ms]
2025-05-14 19:05:34.134 [info] > git for-each-ref --format=%(refname)%00%(upstream:short)%00%(objectname)%00%(upstream:track)%00%(upstream:remotename)%00%(upstream:remoteref) refs/heads/origin/main refs/remotes/origin/main [18ms]
2025-05-14 19:05:34.144 [info] > git merge-base refs/heads/main refs/remotes/origin/main [2ms]
2025-05-14 19:05:34.152 [info] > git for-each-ref --format=%(refname)%00%(upstream:short)%00%(objectname)%00%(upstream:track)%00%(upstream:remotename)%00%(upstream:remoteref) refs/heads/main refs/remotes/main [19ms]
2025-05-14 19:05:34.163 [info] > git diff --name-status -z --diff-filter=ADMR e56952a5518af59ec5eb02d490a81f188f3b6375...refs/remotes/origin/main [11ms]
2025-05-14 19:05:34.178 [info] > git status -z -uall [8ms]
2025-05-14 19:05:34.178 [info] > git for-each-ref --sort -committerdate --format %(refname)%00%(objectname)%00%(*objectname) [1ms]
2025-05-14 19:05:34.573 [info] > git check-ignore -v -z --stdin [7ms]
2025-05-14 19:05:34.589 [info] > git show --textconv :backend/main.py [7ms]
2025-05-14 19:05:34.592 [info] > git ls-files --stage -- backend/main.py [3ms]
2025-05-14 19:05:34.601 [info] > git cat-file -s 61a9ab3d1bdcfa4fff545a3ac430085e068aad97 [2ms]
2025-05-14 19:05:34.650 [info] > git blame --root --incremental e56952a5518af59ec5eb02d490a81f188f3b6375 -- backend/main.py [32ms]
2025-05-14 19:05:37.382 [info] > git check-ignore -v -z --stdin [1ms]
2025-05-14 19:05:40.930 [info] > git check-ignore -v -z --stdin [1ms]
2025-05-14 19:05:42.170 [info] > git check-ignore -v -z --stdin [1ms]
2025-05-14 19:05:42.792 [info] > git show --textconv :frontend/src/app.html [11ms]
2025-05-14 19:05:42.793 [info] > git ls-files --stage -- frontend/src/app.html [1ms]
2025-05-14 19:05:42.804 [info] > git cat-file -s 681ed4b990488334c5521277ef12fe48ffe9feb7 [1ms]
2025-05-14 19:05:45.741 [info] > git blame --root --incremental e56952a5518af59ec5eb02d490a81f188f3b6375 -- frontend/src/app.html [19ms]
2025-05-14 19:05:59.518 [info] > git config --get commit.template [9ms]
2025-05-14 19:05:59.518 [info] > git for-each-ref --format=%(refname)%00%(upstream:short)%00%(objectname)%00%(upstream:track)%00%(upstream:remotename)%00%(upstream:remoteref) refs/heads/main refs/remotes/main [0ms]
2025-05-14 19:05:59.535 [info] > git status -z -uall [9ms]
2025-05-14 19:05:59.535 [info] > git for-each-ref --sort -committerdate --format %(refname)%00%(objectname)%00%(*objectname) [1ms]
2025-05-14 19:06:04.556 [info] > git config --get commit.template [8ms]
2025-05-14 19:06:04.556 [info] > git for-each-ref --format=%(refname)%00%(upstream:short)%00%(objectname)%00%(upstream:track)%00%(upstream:remotename)%00%(upstream:remoteref) refs/heads/main refs/remotes/main [1ms]
2025-05-14 19:06:04.573 [info] > git status -z -uall [8ms]
2025-05-14 19:06:04.574 [info] > git for-each-ref --sort -committerdate --format %(refname)%00%(objectname)%00%(*objectname) [1ms]
2025-05-14 19:06:14.910 [info] > git config --get commit.template [13ms]
2025-05-14 19:06:14.910 [info] > git for-each-ref --format=%(refname)%00%(upstream:short)%00%(objectname)%00%(upstream:track)%00%(upstream:remotename)%00%(upstream:remoteref) refs/heads/main refs/remotes/main [1ms]
2025-05-14 19:06:14.928 [info] > git status -z -uall [8ms]
2025-05-14 19:06:14.929 [info] > git for-each-ref --sort -committerdate --format %(refname)%00%(objectname)%00%(*objectname) [1ms]
2025-05-14 19:06:18.301 [info] > git log --format=%H%n%aN%n%aE%n%at%n%ct%n%P%n%D%n%B -z --shortstat --diff-merges=first-parent -n50 --skip=0 --topo-order --decorate=full --stdin [60ms]
2025-05-14 19:06:19.195 [info] > git add -A -- frontend/src/app.html [2ms]
2025-05-14 19:06:19.212 [info] > git config --get commit.template [8ms]
2025-05-14 19:06:19.212 [info] > git for-each-ref --format=%(refname)%00%(upstream:short)%00%(objectname)%00%(upstream:track)%00%(upstream:remotename)%00%(upstream:remoteref) refs/heads/main refs/remotes/main [0ms]
2025-05-14 19:06:19.229 [info] > git status -z -uall [9ms]
2025-05-14 19:06:19.229 [info] > git for-each-ref --sort -committerdate --format %(refname)%00%(objectname)%00%(*objectname) [0ms]
2025-05-14 19:06:19.552 [info] > git show --textconv HEAD:frontend/src/app.html [9ms]
2025-05-14 19:06:19.553 [info] > git ls-tree -l HEAD -- frontend/src/app.html [1ms]
2025-05-14 19:06:20.289 [info] > git config --get commit.template [8ms]
2025-05-14 19:06:20.289 [info] > git for-each-ref --format=%(refname)%00%(upstream:short)%00%(objectname)%00%(upstream:track)%00%(upstream:remotename)%00%(upstream:remoteref) refs/heads/main refs/remotes/main [1ms]
2025-05-14 19:06:20.308 [info] > git status -z -uall [9ms]
2025-05-14 19:06:20.309 [info] > git for-each-ref --sort -committerdate --format %(refname)%00%(objectname)%00%(*objectname) [1ms]
2025-05-14 19:06:20.388 [info] > git ls-files --stage -- frontend/src/app.html [8ms]
2025-05-14 19:06:20.397 [info] > git ls-tree -l HEAD -- frontend/src/app.html [9ms]
2025-05-14 19:06:20.397 [info] > git cat-file -s ab3ecce3cc14ea075904d9d872ffd346b618de5b [1ms]
2025-05-14 19:06:20.414 [info] > git show --textconv HEAD:frontend/src/app.html [9ms]
2025-05-14 19:06:20.415 [info] > git show --textconv :frontend/src/app.html [1ms]
2025-05-14 19:06:30.853 [info] > git config --get commit.template [9ms]
2025-05-14 19:06:30.853 [info] > git for-each-ref --format=%(refname)%00%(upstream:short)%00%(objectname)%00%(upstream:track)%00%(upstream:remotename)%00%(upstream:remoteref) refs/heads/main refs/remotes/main [1ms]
2025-05-14 19:06:30.870 [info] > git status -z -uall [9ms]
2025-05-14 19:06:30.870 [info] > git for-each-ref --sort -committerdate --format %(refname)%00%(objectname)%00%(*objectname) [1ms]
2025-05-14 19:06:35.893 [info] > git config --get commit.template [9ms]
2025-05-14 19:06:35.893 [info] > git for-each-ref --format=%(refname)%00%(upstream:short)%00%(objectname)%00%(upstream:track)%00%(upstream:remotename)%00%(upstream:remoteref) refs/heads/main refs/remotes/main [1ms]
2025-05-14 19:06:35.911 [info] > git status -z -uall [9ms]
2025-05-14 19:06:35.912 [info] > git for-each-ref --sort -committerdate --format %(refname)%00%(objectname)%00%(*objectname) [2ms]
2025-05-14 19:06:42.496 [info] > git config --get commit.template [9ms]
2025-05-14 19:06:42.497 [info] > git for-each-ref --format=%(refname)%00%(upstream:short)%00%(objectname)%00%(upstream:track)%00%(upstream:remotename)%00%(upstream:remoteref) refs/heads/main refs/remotes/main [1ms]
2025-05-14 19:06:42.513 [info] > git status -z -uall [8ms]
2025-05-14 19:06:42.514 [info] > git for-each-ref --sort -committerdate --format %(refname)%00%(objectname)%00%(*objectname) [1ms]
2025-05-14 19:06:47.528 [info] > git config --get commit.template [1ms]
2025-05-14 19:06:47.537 [info] > git for-each-ref --format=%(refname)%00%(upstream:short)%00%(objectname)%00%(upstream:track)%00%(upstream:remotename)%00%(upstream:remoteref) refs/heads/main refs/remotes/main [1ms]
2025-05-14 19:06:47.555 [info] > git status -z -uall [9ms]
2025-05-14 19:06:47.555 [info] > git for-each-ref --sort -committerdate --format %(refname)%00%(objectname)%00%(*objectname) [1ms]
2025-05-14 19:06:52.576 [info] > git config --get commit.template [8ms]
2025-05-14 19:06:52.577 [info] > git for-each-ref --format=%(refname)%00%(upstream:short)%00%(objectname)%00%(upstream:track)%00%(upstream:remotename)%00%(upstream:remoteref) refs/heads/main refs/remotes/main [1ms]
2025-05-14 19:06:52.594 [info] > git status -z -uall [9ms]
2025-05-14 19:06:52.594 [info] > git for-each-ref --sort -committerdate --format %(refname)%00%(objectname)%00%(*objectname) [1ms]
2025-05-14 19:06:57.616 [info] > git config --get commit.template [9ms]
2025-05-14 19:06:57.617 [info] > git for-each-ref --format=%(refname)%00%(upstream:short)%00%(objectname)%00%(upstream:track)%00%(upstream:remotename)%00%(upstream:remoteref) refs/heads/main refs/remotes/main [1ms]
2025-05-14 19:06:57.634 [info] > git status -z -uall [8ms]
2025-05-14 19:06:57.635 [info] > git for-each-ref --sort -committerdate --format %(refname)%00%(objectname)%00%(*objectname) [1ms]
2025-05-14 19:07:04.230 [info] > git config --get commit.template [9ms]
2025-05-14 19:07:04.230 [info] > git for-each-ref --format=%(refname)%00%(upstream:short)%00%(objectname)%00%(upstream:track)%00%(upstream:remotename)%00%(upstream:remoteref) refs/heads/main refs/remotes/main [1ms]
2025-05-14 19:07:04.248 [info] > git status -z -uall [9ms]
2025-05-14 19:07:04.248 [info] > git for-each-ref --sort -committerdate --format %(refname)%00%(objectname)%00%(*objectname) [1ms]
2025-05-14 19:07:21.597 [info] > git config --get commit.template [9ms]
2025-05-14 19:07:21.597 [info] > git for-each-ref --format=%(refname)%00%(upstream:short)%00%(objectname)%00%(upstream:track)%00%(upstream:remotename)%00%(upstream:remoteref) refs/heads/main refs/remotes/main [1ms]
2025-05-14 19:07:21.613 [info] > git status -z -uall [8ms]
2025-05-14 19:07:21.614 [info] > git for-each-ref --sort -committerdate --format %(refname)%00%(objectname)%00%(*objectname) [1ms]
2025-05-14 19:07:26.406 [info] > git branch [1ms]
2025-05-14 19:07:26.417 [info] > git reset -q HEAD -- . [3ms]
2025-05-14 19:07:26.434 [info] > git config --get commit.template [8ms]
2025-05-14 19:07:26.434 [info] > git for-each-ref --format=%(refname)%00%(upstream:short)%00%(objectname)%00%(upstream:track)%00%(upstream:remotename)%00%(upstream:remoteref) refs/heads/main refs/remotes/main [1ms]
2025-05-14 19:07:26.450 [info] > git status -z -uall [8ms]
2025-05-14 19:07:26.451 [info] > git for-each-ref --sort -committerdate --format %(refname)%00%(objectname)%00%(*objectname) [1ms]
2025-05-14 19:07:27.336 [info] > git add -A -- frontend/src/app.html [1ms]
2025-05-14 19:07:27.353 [info] > git config --get commit.template [9ms]
2025-05-14 19:07:27.353 [info] > git for-each-ref --format=%(refname)%00%(upstream:short)%00%(objectname)%00%(upstream:track)%00%(upstream:remotename)%00%(upstream:remoteref) refs/heads/main refs/remotes/main [1ms]
2025-05-14 19:07:27.369 [info] > git status -z -uall [8ms]
2025-05-14 19:07:27.370 [info] > git for-each-ref --sort -committerdate --format %(refname)%00%(objectname)%00%(*objectname) [1ms]
2025-05-14 19:07:27.692 [info] > git show --textconv HEAD:frontend/src/app.html [9ms]
2025-05-14 19:07:27.693 [info] > git ls-tree -l HEAD -- frontend/src/app.html [1ms]
2025-05-14 19:07:28.436 [info] > git config --get commit.template [12ms]
2025-05-14 19:07:28.436 [info] > git for-each-ref --format=%(refname)%00%(upstream:short)%00%(objectname)%00%(upstream:track)%00%(upstream:remotename)%00%(upstream:remoteref) refs/heads/main refs/remotes/main [1ms]
2025-05-14 19:07:28.460 [info] > git status -z -uall [12ms]
2025-05-14 19:07:28.461 [info] > git for-each-ref --sort -committerdate --format %(refname)%00%(objectname)%00%(*objectname) [1ms]
2025-05-14 19:07:28.536 [info] > git ls-files --stage -- frontend/src/app.html [11ms]
2025-05-14 19:07:28.545 [info] > git ls-tree -l HEAD -- frontend/src/app.html [10ms]
2025-05-14 19:07:28.545 [info] > git cat-file -s 811f1c52fb5d1474c3c3657c4b31c668c8acb652 [0ms]
2025-05-14 19:07:28.564 [info] > git show --textconv HEAD:frontend/src/app.html [10ms]
2025-05-14 19:07:28.565 [info] > git show --textconv :frontend/src/app.html [1ms]
2025-05-14 19:07:29.297 [info] > git -c user.useConfigOnly=true commit --quiet --allow-empty-message --file - [3ms]
2025-05-14 19:07:29.297 [info] Author identity unknown

*** Please tell me who you are.

Run

  git config --global user.email "you@example.com"
  git config --global user.name "Your Name"

to set your account's default identity.
Omit --global to set the identity only in this repository.

fatal: no name was given and auto-detection is disabled
2025-05-14 19:07:29.307 [info] > git config --get-all user.name [0ms]
2025-05-14 19:07:29.325 [info] > git config --get commit.template [9ms]
2025-05-14 19:07:29.325 [info] > git for-each-ref --format=%(refname)%00%(upstream:short)%00%(objectname)%00%(upstream:track)%00%(upstream:remotename)%00%(upstream:remoteref) refs/heads/main refs/remotes/main [1ms]
2025-05-14 19:07:29.341 [info] > git status -z -uall [8ms]
2025-05-14 19:07:29.342 [info] > git for-each-ref --sort -committerdate --format %(refname)%00%(objectname)%00%(*objectname) [1ms]
2025-05-14 19:07:30.491 [info] > git ls-files --stage -- frontend/src/app.html [8ms]
2025-05-14 19:07:30.499 [info] > git ls-tree -l HEAD -- frontend/src/app.html [9ms]
2025-05-14 19:07:30.499 [info] > git cat-file -s 811f1c52fb5d1474c3c3657c4b31c668c8acb652 [1ms]
2025-05-14 19:07:30.516 [info] > git show --textconv HEAD:frontend/src/app.html [8ms]
2025-05-14 19:07:30.517 [info] > git show --textconv :frontend/src/app.html [1ms]
2025-05-14 19:07:33.493 [info] > git config --get commit.template [14ms]
2025-05-14 19:07:33.494 [info] > git for-each-ref --format=%(refname)%00%(upstream:short)%00%(objectname)%00%(upstream:track)%00%(upstream:remotename)%00%(upstream:remoteref) refs/heads/main refs/remotes/main [0ms]
2025-05-14 19:07:33.511 [info] > git status -z -uall [9ms]
2025-05-14 19:07:33.512 [info] > git for-each-ref --sort -committerdate --format %(refname)%00%(objectname)%00%(*objectname) [1ms]
2025-05-14 19:08:37.561 [info] > git -c user.useConfigOnly=true commit --quiet --allow-empty-message --file - [5ms]
2025-05-14 19:08:37.572 [info] > git config --get commit.template [1ms]
2025-05-14 19:08:37.584 [info] > git config --get commit.template [1ms]
2025-05-14 19:08:37.594 [info] > git for-each-ref --format=%(refname)%00%(upstream:short)%00%(objectname)%00%(upstream:track)%00%(upstream:remotename)%00%(upstream:remoteref) refs/heads/main refs/remotes/main [1ms]
2025-05-14 19:08:37.614 [info] > git status -z -uall [10ms]
2025-05-14 19:08:37.614 [info] > git for-each-ref --sort -committerdate --format %(refname)%00%(objectname)%00%(*objectname) [1ms]
2025-05-14 19:08:37.639 [info] > git merge-base refs/heads/main refs/remotes/origin/main [2ms]
2025-05-14 19:08:37.650 [info] > git blame --root --incremental 255da4febd9828c9be2b52a1bd5ae3953cb5ff75 -- frontend/src/app.html [24ms]
2025-05-14 19:08:37.661 [info] > git diff --name-status -z --diff-filter=ADMR e56952a5518af59ec5eb02d490a81f188f3b6375...refs/remotes/origin/main [11ms]
2025-05-14 19:08:37.679 [info] > git config --get commit.template [8ms]
2025-05-14 19:08:37.680 [info] > git for-each-ref --format=%(refname)%00%(upstream:short)%00%(objectname)%00%(upstream:track)%00%(upstream:remotename)%00%(upstream:remoteref) refs/heads/main refs/remotes/main [1ms]
2025-05-14 19:08:37.699 [info] > git status -z -uall [10ms]
2025-05-14 19:08:37.699 [info] > git log --format=%H%n%aN%n%aE%n%at%n%ct%n%P%n%D%n%B -z --shortstat --diff-merges=first-parent -n50 --skip=0 --topo-order --decorate=full --stdin [39ms]
2025-05-14 19:08:37.700 [info] > git for-each-ref --sort -committerdate --format %(refname)%00%(objectname)%00%(*objectname) [2ms]
2025-05-14 19:08:38.511 [info] > git log --oneline --cherry main...main@{upstream} -- [1ms]
2025-05-14 19:08:39.712 [info] > git ls-files --stage -- frontend/src/app.html [1ms]
2025-05-14 19:08:39.721 [info] > git cat-file -s 811f1c52fb5d1474c3c3657c4b31c668c8acb652 [1ms]
2025-05-14 19:08:39.732 [info] > git show --textconv :frontend/src/app.html [1ms]
2025-05-14 19:08:41.536 [info] > git pull --tags origin main [3015ms]
2025-05-14 19:08:41.536 [info] From github.com:Forwall100/resumatter
 * branch            main       -> FETCH_HEAD
2025-05-14 19:08:42.774 [info] > git ls-files --stage -- frontend/src/app.html [0ms]
2025-05-14 19:08:42.782 [info] > git cat-file -s 811f1c52fb5d1474c3c3657c4b31c668c8acb652 [0ms]
2025-05-14 19:08:42.792 [info] > git show --textconv :frontend/src/app.html [1ms]
2025-05-14 19:08:44.283 [info] > git push origin main:main [2736ms]
2025-05-14 19:08:44.283 [info] To github.com:Forwall100/resumatter.git
   e56952a..255da4f  main -> main
2025-05-14 19:08:44.302 [info] > git config --get commit.template [8ms]
2025-05-14 19:08:44.303 [info] > git for-each-ref --format=%(refname)%00%(upstream:short)%00%(objectname)%00%(upstream:track)%00%(upstream:remotename)%00%(upstream:remoteref) refs/heads/main refs/remotes/main [1ms]
2025-05-14 19:08:44.320 [info] > git status -z -uall [9ms]
2025-05-14 19:08:44.320 [info] > git for-each-ref --sort -committerdate --format %(refname)%00%(objectname)%00%(*objectname) [1ms]
2025-05-14 19:08:44.334 [info] > git merge-base refs/heads/main refs/remotes/origin/main [1ms]
2025-05-14 19:08:44.362 [info] > git diff --name-status -z --diff-filter=ADMR 255da4febd9828c9be2b52a1bd5ae3953cb5ff75...refs/remotes/origin/main [18ms]
2025-05-14 19:08:44.386 [info] > git log --format=%H%n%aN%n%aE%n%at%n%ct%n%P%n%D%n%B -z --shortstat --diff-merges=first-parent -n50 --skip=0 --topo-order --decorate=full --stdin [24ms]
2025-05-14 19:08:45.375 [info] > git config --get commit.template [1ms]
2025-05-14 19:08:45.385 [info] > git for-each-ref --format=%(refname)%00%(upstream:short)%00%(objectname)%00%(upstream:track)%00%(upstream:remotename)%00%(upstream:remoteref) refs/heads/main refs/remotes/main [1ms]
2025-05-14 19:08:45.401 [info] > git status -z -uall [8ms]
2025-05-14 19:08:45.402 [info] > git for-each-ref --sort -committerdate --format %(refname)%00%(objectname)%00%(*objectname) [1ms]
2025-05-14 19:08:45.474 [info] > git ls-files --stage -- frontend/src/app.html [0ms]
2025-05-14 19:08:45.483 [info] > git cat-file -s 811f1c52fb5d1474c3c3657c4b31c668c8acb652 [1ms]
2025-05-14 19:08:45.492 [info] > git show --textconv :frontend/src/app.html [0ms]
