2025-05-12 10:31:13.253 [info] [main] Log level: Info
2025-05-12 10:31:13.253 [info] [main] Validating found git in: "git"
2025-05-12 10:31:13.253 [info] [main] Using git "2.49.0" from "git"
2025-05-12 10:31:13.253 [info] [Model][doInitialScan] Initial repository scan started
2025-05-12 10:31:13.253 [info] > git rev-parse --show-toplevel [4ms]
2025-05-12 10:31:13.253 [info] > git rev-parse --git-dir --git-common-dir [2ms]
2025-05-12 10:31:13.253 [info] [Model][openRepository] Opened repository (path): /home/user/Documents/code/resumix
2025-05-12 10:31:13.253 [info] [Model][openRepository] Opened repository (real path): /home/user/Documents/code/resumix
2025-05-12 10:31:13.266 [info] > git rev-parse --show-toplevel [4ms]
2025-05-12 10:31:13.266 [info] > git config --get commit.template [8ms]
2025-05-12 10:31:13.280 [info] > git for-each-ref --format=%(refname)%00%(upstream:short)%00%(objectname)%00%(upstream:track)%00%(upstream:remotename)%00%(upstream:remoteref) refs/heads/main refs/remotes/main [2ms]
2025-05-12 10:31:13.280 [info] > git rev-parse --show-toplevel [6ms]
2025-05-12 10:31:13.285 [info] > git rev-parse --show-toplevel [1ms]
2025-05-12 10:31:13.285 [info] [Model][doInitialScan] Initial repository scan completed - repositories (1), closed repositories (0), parent repositories (0), unsafe repositories (0)
2025-05-12 10:31:13.294 [info] > git status -z -uall [5ms]
2025-05-12 10:31:13.296 [info] > git for-each-ref --sort -committerdate --format %(refname)%00%(objectname)%00%(*objectname) [4ms]
2025-05-12 10:31:13.312 [info] > git for-each-ref --format=%(refname)%00%(upstream:short)%00%(objectname)%00%(upstream:track)%00%(upstream:remotename)%00%(upstream:remoteref) refs/heads/main refs/remotes/main [5ms]
2025-05-12 10:31:13.316 [info] > git config --get commit.template [5ms]
2025-05-12 10:31:13.321 [info] > git config --get --local branch.main.vscode-merge-base [5ms]
2025-05-12 10:31:13.340 [info] > git for-each-ref --format=%(refname)%00%(upstream:short)%00%(objectname)%00%(upstream:track)%00%(upstream:remotename)%00%(upstream:remoteref) refs/heads/main refs/remotes/main [13ms]
2025-05-12 10:31:13.341 [info] > git for-each-ref --format=%(refname)%00%(upstream:short)%00%(objectname)%00%(upstream:track)%00%(upstream:remotename)%00%(upstream:remoteref) refs/heads/origin/main refs/remotes/origin/main [17ms]
2025-05-12 10:31:13.348 [info] > git merge-base refs/heads/main refs/remotes/origin/main [2ms]
2025-05-12 10:31:13.352 [info] > git diff --name-status -z --diff-filter=ADMR e56952a5518af59ec5eb02d490a81f188f3b6375...refs/remotes/origin/main [1ms]
2025-05-12 10:31:13.359 [info] > git status -z -uall [3ms]
2025-05-12 10:31:13.360 [info] > git for-each-ref --sort -committerdate --format %(refname)%00%(objectname)%00%(*objectname) [1ms]
2025-05-12 10:31:13.856 [info] > git check-ignore -v -z --stdin [6ms]
2025-05-12 10:31:18.654 [info] > git check-ignore -v -z --stdin [48ms]
2025-05-12 10:31:19.974 [info] > git check-ignore -v -z --stdin [57ms]
2025-05-12 10:31:21.029 [info] > git check-ignore -v -z --stdin [43ms]
2025-05-12 10:31:25.534 [info] > git show --textconv :frontend/src/routes/+page.svelte [25ms]
2025-05-12 10:31:25.534 [info] > git ls-files --stage -- frontend/src/routes/+page.svelte [13ms]
2025-05-12 10:31:25.617 [info] > git cat-file -s 5580857ebb0e1361a47a7ecbcabb2dd6d8a3ba95 [62ms]
2025-05-12 10:31:49.768 [info] > git blame --root --incremental e56952a5518af59ec5eb02d490a81f188f3b6375 -- frontend/src/routes/+page.svelte [13ms]
