2025-05-17 00:05:01.487 [info] [main] Log level: Info
2025-05-17 00:05:01.487 [info] [main] Validating found git in: "git"
2025-05-17 00:05:01.487 [info] [main] Using git "2.49.0" from "git"
2025-05-17 00:05:01.487 [info] [Model][doInitialScan] Initial repository scan started
2025-05-17 00:05:01.487 [info] > git rev-parse --show-toplevel [4ms]
2025-05-17 00:05:01.487 [info] > git rev-parse --git-dir --git-common-dir [4ms]
2025-05-17 00:05:01.487 [info] [Model][openRepository] Opened repository (path): /home/user/Documents/code/resumix
2025-05-17 00:05:01.487 [info] [Model][openRepository] Opened repository (real path): /home/user/Documents/code/resumix
2025-05-17 00:05:01.489 [info] > git rev-parse --show-toplevel [9ms]
2025-05-17 00:05:01.489 [info] > git config --get commit.template [15ms]
2025-05-17 00:05:01.514 [info] > git rev-parse --show-toplevel [11ms]
2025-05-17 00:05:01.523 [info] > git for-each-ref --format=%(refname)%00%(upstream:short)%00%(objectname)%00%(upstream:track)%00%(upstream:remotename)%00%(upstream:remoteref) refs/heads/main refs/remotes/main [10ms]
2025-05-17 00:05:01.524 [info] > git rev-parse --show-toplevel [2ms]
2025-05-17 00:05:01.556 [info] > git status -z -uall [8ms]
2025-05-17 00:05:01.556 [info] > git rev-parse --show-toplevel [20ms]
2025-05-17 00:05:01.557 [info] [Model][doInitialScan] Initial repository scan completed - repositories (1), closed repositories (0), parent repositories (0), unsafe repositories (0)
2025-05-17 00:05:01.571 [info] > git show --textconv :frontend/src/app.html [7ms]
2025-05-17 00:05:01.571 [info] > git for-each-ref --sort -committerdate --format %(refname)%00%(objectname)%00%(*objectname) [15ms]
2025-05-17 00:05:01.611 [info] > git for-each-ref --format=%(refname)%00%(upstream:short)%00%(objectname)%00%(upstream:track)%00%(upstream:remotename)%00%(upstream:remoteref) refs/heads/main refs/remotes/main [26ms]
2025-05-17 00:05:01.619 [info] > git ls-files --stage -- frontend/src/app.html [49ms]
2025-05-17 00:05:01.637 [info] > git cat-file -s 811f1c52fb5d1474c3c3657c4b31c668c8acb652 [11ms]
2025-05-17 00:05:01.637 [info] > git config --get --local branch.main.vscode-merge-base [18ms]
2025-05-17 00:05:01.644 [info] > git config --get commit.template [33ms]
2025-05-17 00:05:01.665 [info] > git for-each-ref --format=%(refname)%00%(upstream:short)%00%(objectname)%00%(upstream:track)%00%(upstream:remotename)%00%(upstream:remoteref) refs/heads/origin/main refs/remotes/origin/main [21ms]
2025-05-17 00:05:01.675 [info] > git merge-base refs/heads/main refs/remotes/origin/main [3ms]
2025-05-17 00:05:01.682 [info] > git for-each-ref --format=%(refname)%00%(upstream:short)%00%(objectname)%00%(upstream:track)%00%(upstream:remotename)%00%(upstream:remoteref) refs/heads/main refs/remotes/main [18ms]
2025-05-17 00:05:01.686 [info] > git diff --name-status -z --diff-filter=ADMR 255da4febd9828c9be2b52a1bd5ae3953cb5ff75...refs/remotes/origin/main [4ms]
2025-05-17 00:05:01.722 [info] > git status -z -uall [18ms]
2025-05-17 00:05:01.722 [info] > git for-each-ref --sort -committerdate --format %(refname)%00%(objectname)%00%(*objectname) [10ms]
2025-05-17 00:05:01.728 [info] > git blame --root --incremental 255da4febd9828c9be2b52a1bd5ae3953cb5ff75 -- frontend/src/app.html [7ms]
2025-05-17 00:05:02.180 [info] > git check-ignore -v -z --stdin [6ms]
2025-05-17 00:05:04.681 [info] > git check-ignore -v -z --stdin [0ms]
2025-05-17 00:05:06.758 [info] > git check-ignore -v -z --stdin [1ms]
2025-05-17 00:05:07.759 [info] > git check-ignore -v -z --stdin [1ms]
2025-05-17 00:05:17.823 [info] > git check-ignore -v -z --stdin [1ms]
2025-05-17 00:05:18.965 [info] > git show --textconv :frontend/src/routes/register/+page.svelte [26ms]
2025-05-17 00:05:18.965 [info] > git ls-files --stage -- frontend/src/routes/register/+page.svelte [13ms]
2025-05-17 00:05:18.984 [info] > git cat-file -s cb0519d6b1de6024c89c266ba01a2cb612413138 [1ms]
2025-05-17 00:07:05.989 [info] > git show --textconv :frontend/src/routes/register/+page.svelte [12ms]
2025-05-17 00:07:05.990 [info] > git ls-files --stage -- frontend/src/routes/register/+page.svelte [3ms]
2025-05-17 00:07:06.000 [info] > git cat-file -s cb0519d6b1de6024c89c266ba01a2cb612413138 [1ms]
2025-05-17 00:07:10.626 [info] > git show --textconv :frontend/src/routes/register/+page.svelte [11ms]
2025-05-17 00:07:10.627 [info] > git ls-files --stage -- frontend/src/routes/register/+page.svelte [1ms]
2025-05-17 00:07:10.637 [info] > git cat-file -s cb0519d6b1de6024c89c266ba01a2cb612413138 [1ms]
2025-05-17 00:08:03.917 [info] > git config --get commit.template [13ms]
2025-05-17 00:08:03.918 [info] > git for-each-ref --format=%(refname)%00%(upstream:short)%00%(objectname)%00%(upstream:track)%00%(upstream:remotename)%00%(upstream:remoteref) refs/heads/main refs/remotes/main [1ms]
2025-05-17 00:08:03.944 [info] > git status -z -uall [13ms]
2025-05-17 00:08:03.945 [info] > git for-each-ref --sort -committerdate --format %(refname)%00%(objectname)%00%(*objectname) [2ms]
2025-05-17 00:08:07.270 [info] > git show --textconv :frontend/src/routes/register/+page.svelte [17ms]
2025-05-17 00:08:07.271 [info] > git ls-files --stage -- frontend/src/routes/register/+page.svelte [1ms]
2025-05-17 00:08:07.286 [info] > git cat-file -s cb0519d6b1de6024c89c266ba01a2cb612413138 [1ms]
2025-05-17 00:08:14.091 [info] > git config --get commit.template [15ms]
2025-05-17 00:08:14.091 [info] > git for-each-ref --format=%(refname)%00%(upstream:short)%00%(objectname)%00%(upstream:track)%00%(upstream:remotename)%00%(upstream:remoteref) refs/heads/main refs/remotes/main [1ms]
2025-05-17 00:08:14.118 [info] > git status -z -uall [13ms]
2025-05-17 00:08:14.119 [info] > git for-each-ref --sort -committerdate --format %(refname)%00%(objectname)%00%(*objectname) [1ms]
2025-05-17 00:08:15.569 [info] > git show --textconv :frontend/src/routes/register/+page.svelte [17ms]
2025-05-17 00:08:15.569 [info] > git ls-files --stage -- frontend/src/routes/register/+page.svelte [1ms]
2025-05-17 00:08:15.586 [info] > git cat-file -s cb0519d6b1de6024c89c266ba01a2cb612413138 [2ms]
2025-05-17 00:08:23.844 [info] > git blame --root --incremental 255da4febd9828c9be2b52a1bd5ae3953cb5ff75 -- frontend/src/routes/register/+page.svelte [49ms]
2025-05-17 00:08:34.631 [info] > git config --get commit.template [15ms]
2025-05-17 00:08:34.632 [info] > git for-each-ref --format=%(refname)%00%(upstream:short)%00%(objectname)%00%(upstream:track)%00%(upstream:remotename)%00%(upstream:remoteref) refs/heads/main refs/remotes/main [1ms]
2025-05-17 00:08:34.663 [info] > git status -z -uall [17ms]
2025-05-17 00:08:34.664 [info] > git for-each-ref --sort -committerdate --format %(refname)%00%(objectname)%00%(*objectname) [1ms]
2025-05-17 00:11:22.441 [info] > git config --get commit.template [15ms]
2025-05-17 00:11:22.441 [info] > git for-each-ref --format=%(refname)%00%(upstream:short)%00%(objectname)%00%(upstream:track)%00%(upstream:remotename)%00%(upstream:remoteref) refs/heads/main refs/remotes/main [1ms]
2025-05-17 00:11:22.468 [info] > git status -z -uall [13ms]
2025-05-17 00:11:22.468 [info] > git for-each-ref --sort -committerdate --format %(refname)%00%(objectname)%00%(*objectname) [1ms]
2025-05-17 00:12:03.060 [info] > git for-each-ref --format=%(refname)%00%(upstream:short)%00%(objectname)%00%(upstream:track)%00%(upstream:remotename)%00%(upstream:remoteref) refs/heads/main refs/remotes/main [1ms]
2025-05-17 00:12:03.060 [info] > git config --get commit.template [16ms]
2025-05-17 00:12:03.091 [info] > git status -z -uall [15ms]
2025-05-17 00:12:03.092 [info] > git for-each-ref --sort -committerdate --format %(refname)%00%(objectname)%00%(*objectname) [1ms]
2025-05-17 00:12:40.033 [info] > git show --textconv :frontend/src/routes/page.svelte [16ms]
2025-05-17 00:12:40.034 [info] > git ls-files --stage -- frontend/src/routes/page.svelte [1ms]
2025-05-17 00:12:40.053 [info] > git cat-file -s 60059efab2375d1518fb25c4c12863b5206352bd [2ms]
2025-05-17 00:12:58.210 [info] > git config --get commit.template [12ms]
2025-05-17 00:12:58.210 [info] > git for-each-ref --format=%(refname)%00%(upstream:short)%00%(objectname)%00%(upstream:track)%00%(upstream:remotename)%00%(upstream:remoteref) refs/heads/main refs/remotes/main [1ms]
2025-05-17 00:12:58.233 [info] > git status -z -uall [12ms]
2025-05-17 00:12:58.233 [info] > git for-each-ref --sort -committerdate --format %(refname)%00%(objectname)%00%(*objectname) [1ms]
2025-05-17 00:12:59.046 [info] > git show --textconv :frontend/src/routes/login/+page.svelte [18ms]
2025-05-17 00:12:59.046 [info] > git ls-files --stage -- frontend/src/routes/login/+page.svelte [1ms]
2025-05-17 00:12:59.062 [info] > git cat-file -s 8906903d741c6bd59be08543c99dd98795a45821 [2ms]
2025-05-17 00:13:05.658 [info] > git show --textconv :frontend/src/routes/login/+page.svelte [17ms]
2025-05-17 00:13:05.673 [info] > git ls-files --stage -- frontend/src/routes/login/+page.svelte [16ms]
2025-05-17 00:13:05.688 [info] > git config --get commit.template [15ms]
2025-05-17 00:13:05.689 [info] > git cat-file -s 8906903d741c6bd59be08543c99dd98795a45821 [2ms]
2025-05-17 00:13:05.706 [info] > git for-each-ref --format=%(refname)%00%(upstream:short)%00%(objectname)%00%(upstream:track)%00%(upstream:remotename)%00%(upstream:remoteref) refs/heads/main refs/remotes/main [1ms]
2025-05-17 00:13:05.734 [info] > git status -z -uall [14ms]
2025-05-17 00:13:05.734 [info] > git for-each-ref --sort -committerdate --format %(refname)%00%(objectname)%00%(*objectname) [1ms]
2025-05-17 00:13:12.271 [info] > git show --textconv :frontend/src/routes/register/+page.svelte [16ms]
2025-05-17 00:13:12.271 [info] > git ls-files --stage -- frontend/src/routes/register/+page.svelte [1ms]
2025-05-17 00:13:12.286 [info] > git cat-file -s cb0519d6b1de6024c89c266ba01a2cb612413138 [1ms]
2025-05-17 00:13:12.782 [info] > git config --get commit.template [13ms]
2025-05-17 00:13:12.782 [info] > git for-each-ref --format=%(refname)%00%(upstream:short)%00%(objectname)%00%(upstream:track)%00%(upstream:remotename)%00%(upstream:remoteref) refs/heads/main refs/remotes/main [1ms]
2025-05-17 00:13:12.809 [info] > git status -z -uall [14ms]
2025-05-17 00:13:12.809 [info] > git for-each-ref --sort -committerdate --format %(refname)%00%(objectname)%00%(*objectname) [1ms]
2025-05-17 00:13:18.820 [info] > git show --textconv :frontend/src/routes/login/+page.svelte [17ms]
2025-05-17 00:13:18.820 [info] > git ls-files --stage -- frontend/src/routes/login/+page.svelte [1ms]
2025-05-17 00:13:18.837 [info] > git cat-file -s 8906903d741c6bd59be08543c99dd98795a45821 [2ms]
2025-05-17 00:13:19.352 [info] > git config --get commit.template [14ms]
2025-05-17 00:13:19.352 [info] > git for-each-ref --format=%(refname)%00%(upstream:short)%00%(objectname)%00%(upstream:track)%00%(upstream:remotename)%00%(upstream:remoteref) refs/heads/main refs/remotes/main [0ms]
2025-05-17 00:13:19.378 [info] > git status -z -uall [13ms]
2025-05-17 00:13:19.378 [info] > git for-each-ref --sort -committerdate --format %(refname)%00%(objectname)%00%(*objectname) [1ms]
2025-05-17 00:13:28.608 [info] > git log --format=%H%n%aN%n%aE%n%at%n%ct%n%P%n%D%n%B -z --shortstat --diff-merges=first-parent -n50 --skip=0 --topo-order --decorate=full --stdin [29ms]
2025-05-17 00:13:30.044 [info] > git add -A -- frontend/src/routes/login/+page.svelte frontend/src/routes/register/+page.svelte [3ms]
2025-05-17 00:13:30.068 [info] > git config --get commit.template [12ms]
2025-05-17 00:13:30.068 [info] > git for-each-ref --format=%(refname)%00%(upstream:short)%00%(objectname)%00%(upstream:track)%00%(upstream:remotename)%00%(upstream:remoteref) refs/heads/main refs/remotes/main [0ms]
2025-05-17 00:13:30.091 [info] > git status -z -uall [11ms]
2025-05-17 00:13:30.092 [info] > git for-each-ref --sort -committerdate --format %(refname)%00%(objectname)%00%(*objectname) [1ms]
2025-05-17 00:13:30.420 [info] > git show --textconv HEAD:frontend/src/routes/login/+page.svelte [12ms]
2025-05-17 00:13:30.421 [info] > git ls-tree -l HEAD -- frontend/src/routes/login/+page.svelte [1ms]
2025-05-17 00:13:31.134 [info] > git config --get commit.template [1ms]
2025-05-17 00:13:31.148 [info] > git for-each-ref --format=%(refname)%00%(upstream:short)%00%(objectname)%00%(upstream:track)%00%(upstream:remotename)%00%(upstream:remoteref) refs/heads/main refs/remotes/main [1ms]
2025-05-17 00:13:31.172 [info] > git status -z -uall [12ms]
2025-05-17 00:13:31.172 [info] > git for-each-ref --sort -committerdate --format %(refname)%00%(objectname)%00%(*objectname) [0ms]
2025-05-17 00:13:31.245 [info] > git ls-files --stage -- frontend/src/routes/login/+page.svelte [12ms]
2025-05-17 00:13:31.256 [info] > git ls-tree -l HEAD -- frontend/src/routes/login/+page.svelte [12ms]
2025-05-17 00:13:31.257 [info] > git cat-file -s fc364b1c9bea26bdbe09c3277ffe5a0933d11e56 [1ms]
2025-05-17 00:13:31.280 [info] > git show --textconv HEAD:frontend/src/routes/login/+page.svelte [12ms]
2025-05-17 00:13:31.281 [info] > git show --textconv :frontend/src/routes/login/+page.svelte [1ms]
2025-05-17 00:13:33.848 [info] > git -c user.useConfigOnly=true commit --quiet --allow-empty-message --file - [49ms]
2025-05-17 00:13:33.864 [info] > git config --get commit.template [1ms]
2025-05-17 00:13:33.878 [info] > git config --get commit.template [1ms]
2025-05-17 00:13:33.903 [info] > git for-each-ref --format=%(refname)%00%(upstream:short)%00%(objectname)%00%(upstream:track)%00%(upstream:remotename)%00%(upstream:remoteref) refs/heads/main refs/remotes/main [1ms]
2025-05-17 00:13:33.931 [info] > git status -z -uall [13ms]
2025-05-17 00:13:33.931 [info] > git for-each-ref --sort -committerdate --format %(refname)%00%(objectname)%00%(*objectname) [1ms]
2025-05-17 00:13:33.951 [info] > git merge-base refs/heads/main refs/remotes/origin/main [2ms]
2025-05-17 00:13:33.980 [info] > git diff --name-status -z --diff-filter=ADMR 255da4febd9828c9be2b52a1bd5ae3953cb5ff75...refs/remotes/origin/main [13ms]
2025-05-17 00:13:34.007 [info] > git log --format=%H%n%aN%n%aE%n%at%n%ct%n%P%n%D%n%B -z --shortstat --diff-merges=first-parent -n50 --skip=0 --topo-order --decorate=full --stdin [28ms]
2025-05-17 00:13:34.008 [info] > git config --get commit.template [14ms]
2025-05-17 00:13:34.008 [info] > git for-each-ref --format=%(refname)%00%(upstream:short)%00%(objectname)%00%(upstream:track)%00%(upstream:remotename)%00%(upstream:remoteref) refs/heads/main refs/remotes/main [2ms]
2025-05-17 00:13:34.034 [info] > git status -z -uall [13ms]
2025-05-17 00:13:34.035 [info] > git for-each-ref --sort -committerdate --format %(refname)%00%(objectname)%00%(*objectname) [1ms]
2025-05-17 00:13:35.098 [info] > git ls-files --stage -- frontend/src/routes/login/+page.svelte [1ms]
2025-05-17 00:13:35.111 [info] > git cat-file -s fc364b1c9bea26bdbe09c3277ffe5a0933d11e56 [1ms]
2025-05-17 00:13:35.125 [info] > git show --textconv :frontend/src/routes/login/+page.svelte [1ms]
2025-05-17 00:13:35.387 [info] > git log --oneline --cherry main...main@{upstream} -- [1ms]
2025-05-17 00:13:36.597 [info] > git ls-files --stage -- frontend/src/routes/login/+page.svelte [1ms]
2025-05-17 00:13:36.611 [info] > git cat-file -s fc364b1c9bea26bdbe09c3277ffe5a0933d11e56 [1ms]
2025-05-17 00:13:36.625 [info] > git show --textconv :frontend/src/routes/login/+page.svelte [0ms]
2025-05-17 00:13:38.377 [info] > git pull --tags origin main [2977ms]
2025-05-17 00:13:38.377 [info] From github.com:Forwall100/resumatter
 * branch            main       -> FETCH_HEAD
2025-05-17 00:13:41.154 [info] > git push origin main:main [2760ms]
2025-05-17 00:13:41.154 [info] To github.com:Forwall100/resumatter.git
   255da4f..2e941f2  main -> main
2025-05-17 00:13:41.185 [info] > git config --get commit.template [15ms]
2025-05-17 00:13:41.186 [info] > git for-each-ref --format=%(refname)%00%(upstream:short)%00%(objectname)%00%(upstream:track)%00%(upstream:remotename)%00%(upstream:remoteref) refs/heads/main refs/remotes/main [1ms]
2025-05-17 00:13:41.214 [info] > git status -z -uall [15ms]
2025-05-17 00:13:41.214 [info] > git for-each-ref --sort -committerdate --format %(refname)%00%(objectname)%00%(*objectname) [1ms]
2025-05-17 00:13:41.249 [info] > git merge-base refs/heads/main refs/remotes/origin/main [17ms]
2025-05-17 00:13:41.264 [info] > git diff --name-status -z --diff-filter=ADMR 2e941f2111532a98be4409135f5a5a5f802768b9...refs/remotes/origin/main [1ms]
2025-05-17 00:13:41.271 [info] > git log --format=%H%n%aN%n%aE%n%at%n%ct%n%P%n%D%n%B -z --shortstat --diff-merges=first-parent -n50 --skip=0 --topo-order --decorate=full --stdin [23ms]
2025-05-17 00:15:33.150 [info] > git config --get commit.template [1ms]
2025-05-17 00:15:33.177 [info] > git ls-files --stage -- frontend/src/routes/login/+page.svelte [14ms]
2025-05-17 00:15:33.190 [info] > git for-each-ref --format=%(refname)%00%(upstream:short)%00%(objectname)%00%(upstream:track)%00%(upstream:remotename)%00%(upstream:remoteref) refs/heads/main refs/remotes/main [13ms]
2025-05-17 00:15:33.216 [info] > git status -z -uall [14ms]
2025-05-17 00:15:33.216 [info] > git cat-file -s fc364b1c9bea26bdbe09c3277ffe5a0933d11e56 [26ms]
2025-05-17 00:15:33.230 [info] > git for-each-ref --sort -committerdate --format %(refname)%00%(objectname)%00%(*objectname) [15ms]
2025-05-17 00:15:33.231 [info] > git show --textconv :frontend/src/routes/login/+page.svelte [2ms]
2025-05-17 00:15:35.560 [info] > git blame --root --incremental 2e941f2111532a98be4409135f5a5a5f802768b9 -- frontend/src/routes/login/+page.svelte [6ms]
2025-05-17 00:16:32.200 [info] > git config --get commit.template [12ms]
2025-05-17 00:16:32.201 [info] > git for-each-ref --format=%(refname)%00%(upstream:short)%00%(objectname)%00%(upstream:track)%00%(upstream:remotename)%00%(upstream:remoteref) refs/heads/main refs/remotes/main [1ms]
2025-05-17 00:16:32.224 [info] > git status -z -uall [12ms]
2025-05-17 00:16:32.225 [info] > git for-each-ref --sort -committerdate --format %(refname)%00%(objectname)%00%(*objectname) [1ms]
2025-05-17 00:18:03.792 [info] > git config --get commit.template [14ms]
2025-05-17 00:18:03.792 [info] > git for-each-ref --format=%(refname)%00%(upstream:short)%00%(objectname)%00%(upstream:track)%00%(upstream:remotename)%00%(upstream:remoteref) refs/heads/main refs/remotes/main [0ms]
2025-05-17 00:18:03.817 [info] > git status -z -uall [12ms]
2025-05-17 00:18:03.818 [info] > git for-each-ref --sort -committerdate --format %(refname)%00%(objectname)%00%(*objectname) [1ms]
2025-05-17 00:18:04.440 [info] > git check-ignore -v -z --stdin [1ms]
2025-05-17 00:18:12.939 [info] > git config --get commit.template [2ms]
2025-05-17 00:18:12.958 [info] > git for-each-ref --format=%(refname)%00%(upstream:short)%00%(objectname)%00%(upstream:track)%00%(upstream:remotename)%00%(upstream:remoteref) refs/heads/main refs/remotes/main [2ms]
2025-05-17 00:18:12.991 [info] > git status -z -uall [17ms]
2025-05-17 00:18:12.992 [info] > git for-each-ref --sort -committerdate --format %(refname)%00%(objectname)%00%(*objectname) [1ms]
2025-05-17 00:18:18.022 [info] > git config --get commit.template [13ms]
2025-05-17 00:18:18.023 [info] > git for-each-ref --format=%(refname)%00%(upstream:short)%00%(objectname)%00%(upstream:track)%00%(upstream:remotename)%00%(upstream:remoteref) refs/heads/main refs/remotes/main [1ms]
2025-05-17 00:18:18.047 [info] > git status -z -uall [12ms]
2025-05-17 00:18:18.047 [info] > git for-each-ref --sort -committerdate --format %(refname)%00%(objectname)%00%(*objectname) [1ms]
2025-05-17 00:18:23.066 [info] > git config --get commit.template [1ms]
2025-05-17 00:18:23.080 [info] > git for-each-ref --format=%(refname)%00%(upstream:short)%00%(objectname)%00%(upstream:track)%00%(upstream:remotename)%00%(upstream:remoteref) refs/heads/main refs/remotes/main [1ms]
2025-05-17 00:18:23.104 [info] > git status -z -uall [12ms]
2025-05-17 00:18:23.104 [info] > git for-each-ref --sort -committerdate --format %(refname)%00%(objectname)%00%(*objectname) [1ms]
2025-05-17 00:18:28.136 [info] > git config --get commit.template [14ms]
2025-05-17 00:18:28.136 [info] > git for-each-ref --format=%(refname)%00%(upstream:short)%00%(objectname)%00%(upstream:track)%00%(upstream:remotename)%00%(upstream:remoteref) refs/heads/main refs/remotes/main [1ms]
2025-05-17 00:18:28.161 [info] > git status -z -uall [12ms]
2025-05-17 00:18:28.162 [info] > git for-each-ref --sort -committerdate --format %(refname)%00%(objectname)%00%(*objectname) [1ms]
2025-05-17 00:18:48.244 [info] > git config --get commit.template [12ms]
2025-05-17 00:18:48.246 [info] > git for-each-ref --format=%(refname)%00%(upstream:short)%00%(objectname)%00%(upstream:track)%00%(upstream:remotename)%00%(upstream:remoteref) refs/heads/main refs/remotes/main [2ms]
2025-05-17 00:18:48.271 [info] > git status -z -uall [14ms]
2025-05-17 00:18:48.271 [info] > git for-each-ref --sort -committerdate --format %(refname)%00%(objectname)%00%(*objectname) [1ms]
2025-05-17 00:18:53.301 [info] > git config --get commit.template [13ms]
2025-05-17 00:18:53.302 [info] > git for-each-ref --format=%(refname)%00%(upstream:short)%00%(objectname)%00%(upstream:track)%00%(upstream:remotename)%00%(upstream:remoteref) refs/heads/main refs/remotes/main [1ms]
2025-05-17 00:18:53.326 [info] > git status -z -uall [12ms]
2025-05-17 00:18:53.326 [info] > git for-each-ref --sort -committerdate --format %(refname)%00%(objectname)%00%(*objectname) [1ms]
2025-05-17 00:18:58.355 [info] > git config --get commit.template [13ms]
2025-05-17 00:18:58.355 [info] > git for-each-ref --format=%(refname)%00%(upstream:short)%00%(objectname)%00%(upstream:track)%00%(upstream:remotename)%00%(upstream:remoteref) refs/heads/main refs/remotes/main [1ms]
2025-05-17 00:18:58.379 [info] > git status -z -uall [12ms]
2025-05-17 00:18:58.380 [info] > git for-each-ref --sort -committerdate --format %(refname)%00%(objectname)%00%(*objectname) [1ms]
2025-05-17 00:19:03.409 [info] > git config --get commit.template [13ms]
2025-05-17 00:19:03.409 [info] > git for-each-ref --format=%(refname)%00%(upstream:short)%00%(objectname)%00%(upstream:track)%00%(upstream:remotename)%00%(upstream:remoteref) refs/heads/main refs/remotes/main [1ms]
2025-05-17 00:19:03.433 [info] > git status -z -uall [12ms]
2025-05-17 00:19:03.435 [info] > git for-each-ref --sort -committerdate --format %(refname)%00%(objectname)%00%(*objectname) [2ms]
2025-05-17 00:19:10.094 [info] > git config --get commit.template [13ms]
2025-05-17 00:19:10.094 [info] > git for-each-ref --format=%(refname)%00%(upstream:short)%00%(objectname)%00%(upstream:track)%00%(upstream:remotename)%00%(upstream:remoteref) refs/heads/main refs/remotes/main [1ms]
2025-05-17 00:19:10.119 [info] > git status -z -uall [13ms]
2025-05-17 00:19:10.119 [info] > git for-each-ref --sort -committerdate --format %(refname)%00%(objectname)%00%(*objectname) [1ms]
2025-05-17 00:19:15.150 [info] > git config --get commit.template [14ms]
2025-05-17 00:19:15.150 [info] > git for-each-ref --format=%(refname)%00%(upstream:short)%00%(objectname)%00%(upstream:track)%00%(upstream:remotename)%00%(upstream:remoteref) refs/heads/main refs/remotes/main [0ms]
2025-05-17 00:19:15.176 [info] > git status -z -uall [13ms]
2025-05-17 00:19:15.177 [info] > git for-each-ref --sort -committerdate --format %(refname)%00%(objectname)%00%(*objectname) [1ms]
2025-05-17 00:19:20.207 [info] > git config --get commit.template [13ms]
2025-05-17 00:19:20.207 [info] > git for-each-ref --format=%(refname)%00%(upstream:short)%00%(objectname)%00%(upstream:track)%00%(upstream:remotename)%00%(upstream:remoteref) refs/heads/main refs/remotes/main [1ms]
2025-05-17 00:19:20.232 [info] > git status -z -uall [12ms]
2025-05-17 00:19:20.233 [info] > git for-each-ref --sort -committerdate --format %(refname)%00%(objectname)%00%(*objectname) [1ms]
2025-05-17 00:19:25.266 [info] > git config --get commit.template [15ms]
2025-05-17 00:19:25.267 [info] > git for-each-ref --format=%(refname)%00%(upstream:short)%00%(objectname)%00%(upstream:track)%00%(upstream:remotename)%00%(upstream:remoteref) refs/heads/main refs/remotes/main [0ms]
2025-05-17 00:19:25.299 [info] > git status -z -uall [16ms]
2025-05-17 00:19:25.299 [info] > git for-each-ref --sort -committerdate --format %(refname)%00%(objectname)%00%(*objectname) [2ms]
2025-05-17 00:19:30.338 [info] > git config --get commit.template [19ms]
2025-05-17 00:19:30.338 [info] > git for-each-ref --format=%(refname)%00%(upstream:short)%00%(objectname)%00%(upstream:track)%00%(upstream:remotename)%00%(upstream:remoteref) refs/heads/main refs/remotes/main [1ms]
2025-05-17 00:19:30.374 [info] > git status -z -uall [18ms]
2025-05-17 00:19:30.375 [info] > git for-each-ref --sort -committerdate --format %(refname)%00%(objectname)%00%(*objectname) [1ms]
2025-05-17 00:20:24.535 [info] > git config --get commit.template [15ms]
2025-05-17 00:20:24.536 [info] > git for-each-ref --format=%(refname)%00%(upstream:short)%00%(objectname)%00%(upstream:track)%00%(upstream:remotename)%00%(upstream:remoteref) refs/heads/main refs/remotes/main [0ms]
2025-05-17 00:20:24.566 [info] > git status -z -uall [15ms]
2025-05-17 00:20:24.567 [info] > git for-each-ref --sort -committerdate --format %(refname)%00%(objectname)%00%(*objectname) [1ms]
2025-05-17 00:20:30.518 [info] > git config --get commit.template [15ms]
2025-05-17 00:20:30.519 [info] > git for-each-ref --format=%(refname)%00%(upstream:short)%00%(objectname)%00%(upstream:track)%00%(upstream:remotename)%00%(upstream:remoteref) refs/heads/main refs/remotes/main [1ms]
2025-05-17 00:20:30.546 [info] > git status -z -uall [14ms]
2025-05-17 00:20:30.547 [info] > git for-each-ref --sort -committerdate --format %(refname)%00%(objectname)%00%(*objectname) [1ms]
2025-05-17 00:20:37.439 [info] > git config --get commit.template [19ms]
2025-05-17 00:20:37.440 [info] > git for-each-ref --format=%(refname)%00%(upstream:short)%00%(objectname)%00%(upstream:track)%00%(upstream:remotename)%00%(upstream:remoteref) refs/heads/main refs/remotes/main [1ms]
2025-05-17 00:20:37.467 [info] > git status -z -uall [14ms]
2025-05-17 00:20:37.467 [info] > git for-each-ref --sort -committerdate --format %(refname)%00%(objectname)%00%(*objectname) [1ms]
2025-05-17 00:20:45.244 [info] > git config --get commit.template [13ms]
2025-05-17 00:20:45.244 [info] > git for-each-ref --format=%(refname)%00%(upstream:short)%00%(objectname)%00%(upstream:track)%00%(upstream:remotename)%00%(upstream:remoteref) refs/heads/main refs/remotes/main [1ms]
2025-05-17 00:20:45.269 [info] > git status -z -uall [13ms]
2025-05-17 00:20:45.269 [info] > git for-each-ref --sort -committerdate --format %(refname)%00%(objectname)%00%(*objectname) [0ms]
2025-05-17 00:21:33.312 [info] > git config --get commit.template [15ms]
2025-05-17 00:21:33.312 [info] > git for-each-ref --format=%(refname)%00%(upstream:short)%00%(objectname)%00%(upstream:track)%00%(upstream:remotename)%00%(upstream:remoteref) refs/heads/main refs/remotes/main [0ms]
2025-05-17 00:21:33.341 [info] > git status -z -uall [15ms]
2025-05-17 00:21:33.341 [info] > git for-each-ref --sort -committerdate --format %(refname)%00%(objectname)%00%(*objectname) [1ms]
2025-05-17 00:22:04.170 [info] > git config --get commit.template [14ms]
2025-05-17 00:22:04.171 [info] > git for-each-ref --format=%(refname)%00%(upstream:short)%00%(objectname)%00%(upstream:track)%00%(upstream:remotename)%00%(upstream:remoteref) refs/heads/main refs/remotes/main [1ms]
2025-05-17 00:22:04.197 [info] > git status -z -uall [13ms]
2025-05-17 00:22:04.197 [info] > git for-each-ref --sort -committerdate --format %(refname)%00%(objectname)%00%(*objectname) [0ms]
2025-05-17 00:22:04.818 [info] > git check-ignore -v -z --stdin [1ms]
2025-05-17 00:22:05.717 [info] > git show --textconv HEAD:frontend/src/routes/login/+page.svelte [14ms]
2025-05-17 00:22:05.717 [info] > git ls-tree -l HEAD -- frontend/src/routes/login/+page.svelte [1ms]
2025-05-17 00:22:07.393 [info] > git show --textconv :frontend/src/routes/login/+page.svelte [14ms]
2025-05-17 00:22:07.394 [info] > git ls-files --stage -- frontend/src/routes/login/+page.svelte [1ms]
2025-05-17 00:22:07.406 [info] > git cat-file -s fc364b1c9bea26bdbe09c3277ffe5a0933d11e56 [0ms]
2025-05-17 00:22:14.380 [info] > git for-each-ref --format=%(refname)%00%(upstream:short)%00%(objectname)%00%(upstream:track)%00%(upstream:remotename)%00%(upstream:remoteref) refs/heads/main refs/remotes/main [2ms]
2025-05-17 00:22:14.380 [info] > git config --get commit.template [14ms]
2025-05-17 00:22:14.404 [info] > git status -z -uall [12ms]
2025-05-17 00:22:14.405 [info] > git for-each-ref --sort -committerdate --format %(refname)%00%(objectname)%00%(*objectname) [1ms]
2025-05-17 00:22:34.399 [info] > git config --get commit.template [13ms]
2025-05-17 00:22:34.400 [info] > git for-each-ref --format=%(refname)%00%(upstream:short)%00%(objectname)%00%(upstream:track)%00%(upstream:remotename)%00%(upstream:remoteref) refs/heads/main refs/remotes/main [1ms]
2025-05-17 00:22:34.430 [info] > git status -z -uall [15ms]
2025-05-17 00:22:34.430 [info] > git for-each-ref --sort -committerdate --format %(refname)%00%(objectname)%00%(*objectname) [0ms]
2025-05-17 00:24:44.838 [info] > git for-each-ref --format=%(refname)%00%(upstream:short)%00%(objectname)%00%(upstream:track)%00%(upstream:remotename)%00%(upstream:remoteref) refs/heads/main refs/remotes/main [1ms]
2025-05-17 00:24:44.838 [info] > git config --get commit.template [16ms]
2025-05-17 00:24:44.866 [info] > git status -z -uall [13ms]
2025-05-17 00:24:44.867 [info] > git for-each-ref --sort -committerdate --format %(refname)%00%(objectname)%00%(*objectname) [1ms]
2025-05-17 00:24:52.425 [info] > git config --get commit.template [2ms]
2025-05-17 00:24:52.442 [info] > git for-each-ref --format=%(refname)%00%(upstream:short)%00%(objectname)%00%(upstream:track)%00%(upstream:remotename)%00%(upstream:remoteref) refs/heads/main refs/remotes/main [1ms]
2025-05-17 00:24:52.467 [info] > git status -z -uall [12ms]
2025-05-17 00:24:52.468 [info] > git for-each-ref --sort -committerdate --format %(refname)%00%(objectname)%00%(*objectname) [1ms]
2025-05-17 00:25:32.646 [info] > git config --get commit.template [18ms]
2025-05-17 00:25:32.647 [info] > git for-each-ref --format=%(refname)%00%(upstream:short)%00%(objectname)%00%(upstream:track)%00%(upstream:remotename)%00%(upstream:remoteref) refs/heads/main refs/remotes/main [1ms]
2025-05-17 00:25:32.679 [info] > git status -z -uall [15ms]
2025-05-17 00:25:32.680 [info] > git for-each-ref --sort -committerdate --format %(refname)%00%(objectname)%00%(*objectname) [1ms]
2025-05-17 00:25:37.710 [info] > git config --get commit.template [14ms]
2025-05-17 00:25:37.710 [info] > git for-each-ref --format=%(refname)%00%(upstream:short)%00%(objectname)%00%(upstream:track)%00%(upstream:remotename)%00%(upstream:remoteref) refs/heads/main refs/remotes/main [0ms]
2025-05-17 00:25:37.740 [info] > git status -z -uall [16ms]
2025-05-17 00:25:37.741 [info] > git for-each-ref --sort -committerdate --format %(refname)%00%(objectname)%00%(*objectname) [1ms]
2025-05-17 00:25:42.772 [info] > git config --get commit.template [13ms]
2025-05-17 00:25:42.773 [info] > git for-each-ref --format=%(refname)%00%(upstream:short)%00%(objectname)%00%(upstream:track)%00%(upstream:remotename)%00%(upstream:remoteref) refs/heads/main refs/remotes/main [1ms]
2025-05-17 00:25:42.797 [info] > git status -z -uall [12ms]
2025-05-17 00:25:42.798 [info] > git for-each-ref --sort -committerdate --format %(refname)%00%(objectname)%00%(*objectname) [1ms]
2025-05-17 00:25:47.828 [info] > git config --get commit.template [13ms]
2025-05-17 00:25:47.828 [info] > git for-each-ref --format=%(refname)%00%(upstream:short)%00%(objectname)%00%(upstream:track)%00%(upstream:remotename)%00%(upstream:remoteref) refs/heads/main refs/remotes/main [0ms]
2025-05-17 00:25:47.853 [info] > git status -z -uall [11ms]
2025-05-17 00:25:47.853 [info] > git for-each-ref --sort -committerdate --format %(refname)%00%(objectname)%00%(*objectname) [1ms]
2025-05-17 00:25:55.819 [info] > git config --get commit.template [15ms]
2025-05-17 00:25:55.819 [info] > git for-each-ref --format=%(refname)%00%(upstream:short)%00%(objectname)%00%(upstream:track)%00%(upstream:remotename)%00%(upstream:remoteref) refs/heads/main refs/remotes/main [1ms]
2025-05-17 00:25:55.849 [info] > git status -z -uall [16ms]
2025-05-17 00:25:55.849 [info] > git for-each-ref --sort -committerdate --format %(refname)%00%(objectname)%00%(*objectname) [1ms]
2025-05-17 00:26:00.880 [info] > git config --get commit.template [13ms]
2025-05-17 00:26:00.880 [info] > git for-each-ref --format=%(refname)%00%(upstream:short)%00%(objectname)%00%(upstream:track)%00%(upstream:remotename)%00%(upstream:remoteref) refs/heads/main refs/remotes/main [1ms]
2025-05-17 00:26:00.905 [info] > git status -z -uall [12ms]
2025-05-17 00:26:00.906 [info] > git for-each-ref --sort -committerdate --format %(refname)%00%(objectname)%00%(*objectname) [1ms]
2025-05-17 00:26:10.081 [info] > git config --get commit.template [13ms]
2025-05-17 00:26:10.082 [info] > git for-each-ref --format=%(refname)%00%(upstream:short)%00%(objectname)%00%(upstream:track)%00%(upstream:remotename)%00%(upstream:remoteref) refs/heads/main refs/remotes/main [1ms]
2025-05-17 00:26:10.109 [info] > git status -z -uall [14ms]
2025-05-17 00:26:10.110 [info] > git for-each-ref --sort -committerdate --format %(refname)%00%(objectname)%00%(*objectname) [1ms]
2025-05-17 00:26:13.727 [info] > git show --textconv :frontend/src/routes/register/+page.svelte [13ms]
2025-05-17 00:26:13.727 [info] > git ls-files --stage -- frontend/src/routes/register/+page.svelte [0ms]
2025-05-17 00:26:13.740 [info] > git cat-file -s e25e5edc55aba59ce077be3d7e6695cfdc414d87 [0ms]
2025-05-17 00:26:13.761 [info] > git blame --root --incremental 2e941f2111532a98be4409135f5a5a5f802768b9 -- frontend/src/routes/register/+page.svelte [6ms]
2025-05-17 00:26:15.141 [info] > git config --get commit.template [14ms]
2025-05-17 00:26:15.141 [info] > git for-each-ref --format=%(refname)%00%(upstream:short)%00%(objectname)%00%(upstream:track)%00%(upstream:remotename)%00%(upstream:remoteref) refs/heads/main refs/remotes/main [1ms]
2025-05-17 00:26:15.169 [info] > git status -z -uall [13ms]
2025-05-17 00:26:15.170 [info] > git for-each-ref --sort -committerdate --format %(refname)%00%(objectname)%00%(*objectname) [1ms]
2025-05-17 00:26:20.206 [info] > git config --get commit.template [18ms]
2025-05-17 00:26:20.206 [info] > git for-each-ref --format=%(refname)%00%(upstream:short)%00%(objectname)%00%(upstream:track)%00%(upstream:remotename)%00%(upstream:remoteref) refs/heads/main refs/remotes/main [0ms]
2025-05-17 00:26:20.239 [info] > git status -z -uall [17ms]
2025-05-17 00:26:20.239 [info] > git for-each-ref --sort -committerdate --format %(refname)%00%(objectname)%00%(*objectname) [1ms]
2025-05-17 00:26:25.274 [info] > git config --get commit.template [16ms]
2025-05-17 00:26:25.275 [info] > git for-each-ref --format=%(refname)%00%(upstream:short)%00%(objectname)%00%(upstream:track)%00%(upstream:remotename)%00%(upstream:remoteref) refs/heads/main refs/remotes/main [1ms]
2025-05-17 00:26:25.302 [info] > git status -z -uall [14ms]
2025-05-17 00:26:25.302 [info] > git for-each-ref --sort -committerdate --format %(refname)%00%(objectname)%00%(*objectname) [1ms]
2025-05-17 00:26:33.803 [info] > git config --get commit.template [13ms]
2025-05-17 00:26:33.804 [info] > git for-each-ref --format=%(refname)%00%(upstream:short)%00%(objectname)%00%(upstream:track)%00%(upstream:remotename)%00%(upstream:remoteref) refs/heads/main refs/remotes/main [1ms]
2025-05-17 00:26:33.829 [info] > git status -z -uall [13ms]
2025-05-17 00:26:33.830 [info] > git for-each-ref --sort -committerdate --format %(refname)%00%(objectname)%00%(*objectname) [1ms]
2025-05-17 00:26:45.902 [info] > git config --get commit.template [13ms]
2025-05-17 00:26:45.902 [info] > git for-each-ref --format=%(refname)%00%(upstream:short)%00%(objectname)%00%(upstream:track)%00%(upstream:remotename)%00%(upstream:remoteref) refs/heads/main refs/remotes/main [1ms]
2025-05-17 00:26:45.927 [info] > git status -z -uall [13ms]
2025-05-17 00:26:45.928 [info] > git for-each-ref --sort -committerdate --format %(refname)%00%(objectname)%00%(*objectname) [1ms]
2025-05-17 00:26:50.958 [info] > git config --get commit.template [13ms]
2025-05-17 00:26:50.959 [info] > git for-each-ref --format=%(refname)%00%(upstream:short)%00%(objectname)%00%(upstream:track)%00%(upstream:remotename)%00%(upstream:remoteref) refs/heads/main refs/remotes/main [1ms]
2025-05-17 00:26:50.983 [info] > git status -z -uall [12ms]
2025-05-17 00:26:50.984 [info] > git for-each-ref --sort -committerdate --format %(refname)%00%(objectname)%00%(*objectname) [1ms]
2025-05-17 00:26:56.003 [info] > git config --get commit.template [2ms]
2025-05-17 00:26:56.016 [info] > git for-each-ref --format=%(refname)%00%(upstream:short)%00%(objectname)%00%(upstream:track)%00%(upstream:remotename)%00%(upstream:remoteref) refs/heads/main refs/remotes/main [1ms]
2025-05-17 00:26:56.040 [info] > git status -z -uall [13ms]
2025-05-17 00:26:56.040 [info] > git for-each-ref --sort -committerdate --format %(refname)%00%(objectname)%00%(*objectname) [1ms]
2025-05-17 00:27:01.082 [info] > git config --get commit.template [22ms]
2025-05-17 00:27:01.082 [info] > git for-each-ref --format=%(refname)%00%(upstream:short)%00%(objectname)%00%(upstream:track)%00%(upstream:remotename)%00%(upstream:remoteref) refs/heads/main refs/remotes/main [1ms]
2025-05-17 00:27:01.120 [info] > git status -z -uall [19ms]
2025-05-17 00:27:01.121 [info] > git for-each-ref --sort -committerdate --format %(refname)%00%(objectname)%00%(*objectname) [1ms]
2025-05-17 00:27:06.150 [info] > git config --get commit.template [12ms]
2025-05-17 00:27:06.151 [info] > git for-each-ref --format=%(refname)%00%(upstream:short)%00%(objectname)%00%(upstream:track)%00%(upstream:remotename)%00%(upstream:remoteref) refs/heads/main refs/remotes/main [1ms]
2025-05-17 00:27:06.175 [info] > git status -z -uall [12ms]
2025-05-17 00:27:06.176 [info] > git for-each-ref --sort -committerdate --format %(refname)%00%(objectname)%00%(*objectname) [1ms]
2025-05-17 00:27:11.210 [info] > git config --get commit.template [15ms]
2025-05-17 00:27:11.211 [info] > git for-each-ref --format=%(refname)%00%(upstream:short)%00%(objectname)%00%(upstream:track)%00%(upstream:remotename)%00%(upstream:remoteref) refs/heads/main refs/remotes/main [1ms]
2025-05-17 00:27:11.240 [info] > git status -z -uall [15ms]
2025-05-17 00:27:11.241 [info] > git for-each-ref --sort -committerdate --format %(refname)%00%(objectname)%00%(*objectname) [1ms]
2025-05-17 00:27:16.277 [info] > git config --get commit.template [17ms]
2025-05-17 00:27:16.277 [info] > git for-each-ref --format=%(refname)%00%(upstream:short)%00%(objectname)%00%(upstream:track)%00%(upstream:remotename)%00%(upstream:remoteref) refs/heads/main refs/remotes/main [1ms]
2025-05-17 00:27:16.312 [info] > git status -z -uall [17ms]
2025-05-17 00:27:16.312 [info] > git for-each-ref --sort -committerdate --format %(refname)%00%(objectname)%00%(*objectname) [1ms]
2025-05-17 00:27:21.348 [info] > git config --get commit.template [17ms]
2025-05-17 00:27:21.349 [info] > git for-each-ref --format=%(refname)%00%(upstream:short)%00%(objectname)%00%(upstream:track)%00%(upstream:remotename)%00%(upstream:remoteref) refs/heads/main refs/remotes/main [1ms]
2025-05-17 00:27:21.382 [info] > git status -z -uall [16ms]
2025-05-17 00:27:21.383 [info] > git for-each-ref --sort -committerdate --format %(refname)%00%(objectname)%00%(*objectname) [1ms]
2025-05-17 00:27:26.414 [info] > git config --get commit.template [14ms]
2025-05-17 00:27:26.415 [info] > git for-each-ref --format=%(refname)%00%(upstream:short)%00%(objectname)%00%(upstream:track)%00%(upstream:remotename)%00%(upstream:remoteref) refs/heads/main refs/remotes/main [1ms]
2025-05-17 00:27:26.439 [info] > git status -z -uall [12ms]
2025-05-17 00:27:26.440 [info] > git for-each-ref --sort -committerdate --format %(refname)%00%(objectname)%00%(*objectname) [1ms]
2025-05-17 00:27:31.509 [info] > git config --get commit.template [13ms]
2025-05-17 00:27:31.510 [info] > git for-each-ref --format=%(refname)%00%(upstream:short)%00%(objectname)%00%(upstream:track)%00%(upstream:remotename)%00%(upstream:remoteref) refs/heads/main refs/remotes/main [1ms]
2025-05-17 00:27:31.534 [info] > git status -z -uall [12ms]
2025-05-17 00:27:31.535 [info] > git for-each-ref --sort -committerdate --format %(refname)%00%(objectname)%00%(*objectname) [1ms]
2025-05-17 00:27:36.555 [info] > git config --get commit.template [1ms]
2025-05-17 00:27:36.569 [info] > git for-each-ref --format=%(refname)%00%(upstream:short)%00%(objectname)%00%(upstream:track)%00%(upstream:remotename)%00%(upstream:remoteref) refs/heads/main refs/remotes/main [1ms]
2025-05-17 00:27:36.595 [info] > git status -z -uall [13ms]
2025-05-17 00:27:36.596 [info] > git for-each-ref --sort -committerdate --format %(refname)%00%(objectname)%00%(*objectname) [1ms]
2025-05-17 00:27:45.420 [info] > git config --get commit.template [16ms]
2025-05-17 00:27:45.420 [info] > git for-each-ref --format=%(refname)%00%(upstream:short)%00%(objectname)%00%(upstream:track)%00%(upstream:remotename)%00%(upstream:remoteref) refs/heads/main refs/remotes/main [1ms]
2025-05-17 00:27:45.449 [info] > git status -z -uall [15ms]
2025-05-17 00:27:45.450 [info] > git for-each-ref --sort -committerdate --format %(refname)%00%(objectname)%00%(*objectname) [1ms]
2025-05-17 00:27:59.580 [info] > git config --get commit.template [13ms]
2025-05-17 00:27:59.580 [info] > git for-each-ref --format=%(refname)%00%(upstream:short)%00%(objectname)%00%(upstream:track)%00%(upstream:remotename)%00%(upstream:remoteref) refs/heads/main refs/remotes/main [1ms]
2025-05-17 00:27:59.607 [info] > git status -z -uall [15ms]
2025-05-17 00:27:59.609 [info] > git for-each-ref --sort -committerdate --format %(refname)%00%(objectname)%00%(*objectname) [3ms]
2025-05-17 00:28:12.040 [info] > git config --get commit.template [15ms]
2025-05-17 00:28:12.041 [info] > git for-each-ref --format=%(refname)%00%(upstream:short)%00%(objectname)%00%(upstream:track)%00%(upstream:remotename)%00%(upstream:remoteref) refs/heads/main refs/remotes/main [1ms]
2025-05-17 00:28:12.066 [info] > git status -z -uall [13ms]
2025-05-17 00:28:12.066 [info] > git for-each-ref --sort -committerdate --format %(refname)%00%(objectname)%00%(*objectname) [1ms]
2025-05-17 00:28:14.019 [info] > git add -A -- frontend/src/routes/login/+page.svelte frontend/src/routes/register/+page.svelte frontend/src/lib/assets/google.png frontend/src/lib/assets/google.svg [1ms]
2025-05-17 00:28:14.044 [info] > git config --get commit.template [11ms]
2025-05-17 00:28:14.045 [info] > git for-each-ref --format=%(refname)%00%(upstream:short)%00%(objectname)%00%(upstream:track)%00%(upstream:remotename)%00%(upstream:remoteref) refs/heads/main refs/remotes/main [1ms]
2025-05-17 00:28:14.069 [info] > git status -z -uall [12ms]
2025-05-17 00:28:14.070 [info] > git for-each-ref --sort -committerdate --format %(refname)%00%(objectname)%00%(*objectname) [1ms]
2025-05-17 00:28:14.401 [info] > git show --textconv HEAD:frontend/src/routes/register/+page.svelte [14ms]
2025-05-17 00:28:14.401 [info] > git ls-tree -l HEAD -- frontend/src/routes/register/+page.svelte [1ms]
2025-05-17 00:28:15.222 [info] > git ls-files --stage -- frontend/src/routes/register/+page.svelte [12ms]
2025-05-17 00:28:15.233 [info] > git ls-tree -l HEAD -- frontend/src/routes/register/+page.svelte [12ms]
2025-05-17 00:28:15.234 [info] > git cat-file -s 5ad17ce64b59d00bb6f9262ccae4e44e70fca4f6 [1ms]
2025-05-17 00:28:15.259 [info] > git show --textconv HEAD:frontend/src/routes/register/+page.svelte [14ms]
2025-05-17 00:28:15.259 [info] > git show --textconv :frontend/src/routes/register/+page.svelte [1ms]
2025-05-17 00:28:17.085 [info] > git config --get commit.template [1ms]
2025-05-17 00:28:17.101 [info] > git for-each-ref --format=%(refname)%00%(upstream:short)%00%(objectname)%00%(upstream:track)%00%(upstream:remotename)%00%(upstream:remoteref) refs/heads/main refs/remotes/main [1ms]
2025-05-17 00:28:17.126 [info] > git status -z -uall [12ms]
2025-05-17 00:28:17.127 [info] > git for-each-ref --sort -committerdate --format %(refname)%00%(objectname)%00%(*objectname) [1ms]
2025-05-17 00:28:23.304 [info] > git -c user.useConfigOnly=true commit --quiet --allow-empty-message --file - [4ms]
2025-05-17 00:28:23.320 [info] > git config --get commit.template [0ms]
2025-05-17 00:28:23.351 [info] > git config --get commit.template [15ms]
2025-05-17 00:28:23.352 [info] > git for-each-ref --format=%(refname)%00%(upstream:short)%00%(objectname)%00%(upstream:track)%00%(upstream:remotename)%00%(upstream:remoteref) refs/heads/main refs/remotes/main [1ms]
2025-05-17 00:28:23.379 [info] > git status -z -uall [13ms]
2025-05-17 00:28:23.379 [info] > git for-each-ref --sort -committerdate --format %(refname)%00%(objectname)%00%(*objectname) [1ms]
2025-05-17 00:28:23.413 [info] > git merge-base refs/heads/main refs/remotes/origin/main [2ms]
2025-05-17 00:28:23.428 [info] > git blame --root --incremental 53b9f8c544f330fa309f616d19d5faad61161b34 -- frontend/src/routes/register/+page.svelte [33ms]
2025-05-17 00:28:23.444 [info] > git diff --name-status -z --diff-filter=ADMR 2e941f2111532a98be4409135f5a5a5f802768b9...refs/remotes/origin/main [16ms]
2025-05-17 00:28:23.472 [info] > git log --format=%H%n%aN%n%aE%n%at%n%ct%n%P%n%D%n%B -z --shortstat --diff-merges=first-parent -n50 --skip=0 --topo-order --decorate=full --stdin [29ms]
2025-05-17 00:28:23.473 [info] > git config --get commit.template [15ms]
2025-05-17 00:28:23.473 [info] > git for-each-ref --format=%(refname)%00%(upstream:short)%00%(objectname)%00%(upstream:track)%00%(upstream:remotename)%00%(upstream:remoteref) refs/heads/main refs/remotes/main [2ms]
2025-05-17 00:28:23.516 [info] > git status -z -uall [22ms]
2025-05-17 00:28:23.517 [info] > git for-each-ref --sort -committerdate --format %(refname)%00%(objectname)%00%(*objectname) [1ms]
2025-05-17 00:28:24.497 [info] > git ls-files --stage -- frontend/src/routes/register/+page.svelte [1ms]
2025-05-17 00:28:24.511 [info] > git cat-file -s 5ad17ce64b59d00bb6f9262ccae4e44e70fca4f6 [1ms]
2025-05-17 00:28:24.525 [info] > git show --textconv :frontend/src/routes/register/+page.svelte [0ms]
2025-05-17 00:28:24.610 [info] > git log --oneline --cherry main...main@{upstream} -- [1ms]
2025-05-17 00:28:25.822 [info] > git ls-files --stage -- frontend/src/routes/register/+page.svelte [1ms]
2025-05-17 00:28:25.835 [info] > git cat-file -s 5ad17ce64b59d00bb6f9262ccae4e44e70fca4f6 [1ms]
2025-05-17 00:28:25.849 [info] > git show --textconv :frontend/src/routes/register/+page.svelte [1ms]
2025-05-17 00:28:27.359 [info] > git pull --tags origin main [2732ms]
2025-05-17 00:28:27.359 [info] From github.com:Forwall100/resumatter
 * branch            main       -> FETCH_HEAD
2025-05-17 00:28:28.602 [info] > git ls-files --stage -- frontend/src/routes/register/+page.svelte [1ms]
2025-05-17 00:28:28.615 [info] > git cat-file -s 5ad17ce64b59d00bb6f9262ccae4e44e70fca4f6 [1ms]
2025-05-17 00:28:28.629 [info] > git show --textconv :frontend/src/routes/register/+page.svelte [1ms]
2025-05-17 00:28:29.946 [info] > git push origin main:main [2572ms]
2025-05-17 00:28:29.946 [info] To github.com:Forwall100/resumatter.git
   2e941f2..53b9f8c  main -> main
2025-05-17 00:28:29.975 [info] > git config --get commit.template [13ms]
2025-05-17 00:28:29.976 [info] > git for-each-ref --format=%(refname)%00%(upstream:short)%00%(objectname)%00%(upstream:track)%00%(upstream:remotename)%00%(upstream:remoteref) refs/heads/main refs/remotes/main [1ms]
2025-05-17 00:28:30.004 [info] > git status -z -uall [15ms]
2025-05-17 00:28:30.004 [info] > git for-each-ref --sort -committerdate --format %(refname)%00%(objectname)%00%(*objectname) [1ms]
2025-05-17 00:28:30.038 [info] > git merge-base refs/heads/main refs/remotes/origin/main [15ms]
2025-05-17 00:28:30.065 [info] > git diff --name-status -z --diff-filter=ADMR 53b9f8c544f330fa309f616d19d5faad61161b34...refs/remotes/origin/main [14ms]
2025-05-17 00:28:30.065 [info] > git config --get commit.template [27ms]
2025-05-17 00:28:30.079 [info] > git for-each-ref --format=%(refname)%00%(upstream:short)%00%(objectname)%00%(upstream:track)%00%(upstream:remotename)%00%(upstream:remoteref) refs/heads/main refs/remotes/main [0ms]
2025-05-17 00:28:30.105 [info] > git status -z -uall [13ms]
2025-05-17 00:28:30.106 [info] > git log --format=%H%n%aN%n%aE%n%at%n%ct%n%P%n%D%n%B -z --shortstat --diff-merges=first-parent -n50 --skip=0 --topo-order --decorate=full --stdin [42ms]
2025-05-17 00:28:30.107 [info] > git for-each-ref --sort -committerdate --format %(refname)%00%(objectname)%00%(*objectname) [2ms]
2025-05-17 00:31:42.361 [info] > git ls-files --stage -- frontend/src/routes/register/+page.svelte [1ms]
2025-05-17 00:31:42.376 [info] > git cat-file -s 5ad17ce64b59d00bb6f9262ccae4e44e70fca4f6 [1ms]
2025-05-17 00:31:42.392 [info] > git show --textconv :frontend/src/routes/register/+page.svelte [1ms]
2025-05-17 00:31:43.374 [info] > git config --get commit.template [14ms]
2025-05-17 00:31:43.375 [info] > git for-each-ref --format=%(refname)%00%(upstream:short)%00%(objectname)%00%(upstream:track)%00%(upstream:remotename)%00%(upstream:remoteref) refs/heads/main refs/remotes/main [1ms]
2025-05-17 00:31:43.401 [info] > git status -z -uall [13ms]
2025-05-17 00:31:43.402 [info] > git for-each-ref --sort -committerdate --format %(refname)%00%(objectname)%00%(*objectname) [0ms]
2025-05-17 00:32:21.776 [info] > git config --get commit.template [15ms]
2025-05-17 00:32:21.776 [info] > git for-each-ref --format=%(refname)%00%(upstream:short)%00%(objectname)%00%(upstream:track)%00%(upstream:remotename)%00%(upstream:remoteref) refs/heads/main refs/remotes/main [1ms]
2025-05-17 00:32:21.805 [info] > git status -z -uall [14ms]
2025-05-17 00:32:21.806 [info] > git for-each-ref --sort -committerdate --format %(refname)%00%(objectname)%00%(*objectname) [1ms]
2025-05-17 00:32:24.327 [info] > git show --textconv :frontend/src/routes/register/+page.svelte [20ms]
2025-05-17 00:32:24.328 [info] > git ls-files --stage -- frontend/src/routes/register/+page.svelte [2ms]
2025-05-17 00:32:24.346 [info] > git cat-file -s 5ad17ce64b59d00bb6f9262ccae4e44e70fca4f6 [2ms]
2025-05-17 00:33:45.504 [info] > git show --textconv :frontend/src/routes/login/+page.svelte [14ms]
2025-05-17 00:33:45.505 [info] > git ls-files --stage -- frontend/src/routes/login/+page.svelte [1ms]
2025-05-17 00:33:45.518 [info] > git cat-file -s 79f471ef7515e2113fd560b96f5f0cf49ec8f8a3 [0ms]
2025-05-17 00:33:45.540 [info] > git blame --root --incremental 53b9f8c544f330fa309f616d19d5faad61161b34 -- frontend/src/routes/login/+page.svelte [5ms]
2025-05-17 00:33:59.976 [info] > git config --get commit.template [15ms]
2025-05-17 00:33:59.976 [info] > git for-each-ref --format=%(refname)%00%(upstream:short)%00%(objectname)%00%(upstream:track)%00%(upstream:remotename)%00%(upstream:remoteref) refs/heads/main refs/remotes/main [0ms]
2025-05-17 00:34:00.004 [info] > git status -z -uall [14ms]
2025-05-17 00:34:00.005 [info] > git for-each-ref --sort -committerdate --format %(refname)%00%(objectname)%00%(*objectname) [1ms]
2025-05-17 00:34:01.233 [info] > git add -A -- frontend/src/routes/login/+page.svelte frontend/src/routes/register/+page.svelte [1ms]
2025-05-17 00:34:01.259 [info] > git config --get commit.template [12ms]
2025-05-17 00:34:01.260 [info] > git for-each-ref --format=%(refname)%00%(upstream:short)%00%(objectname)%00%(upstream:track)%00%(upstream:remotename)%00%(upstream:remoteref) refs/heads/main refs/remotes/main [1ms]
2025-05-17 00:34:01.288 [info] > git status -z -uall [16ms]
2025-05-17 00:34:01.288 [info] > git for-each-ref --sort -committerdate --format %(refname)%00%(objectname)%00%(*objectname) [1ms]
2025-05-17 00:34:01.618 [info] > git show --textconv HEAD:frontend/src/routes/login/+page.svelte [13ms]
2025-05-17 00:34:01.619 [info] > git ls-tree -l HEAD -- frontend/src/routes/login/+page.svelte [0ms]
2025-05-17 00:34:02.437 [info] > git ls-files --stage -- frontend/src/routes/login/+page.svelte [13ms]
2025-05-17 00:34:02.448 [info] > git ls-tree -l HEAD -- frontend/src/routes/login/+page.svelte [12ms]
2025-05-17 00:34:02.448 [info] > git cat-file -s 331975732408439abe8c15dfa768d4e128e32fcc [0ms]
2025-05-17 00:34:02.477 [info] > git show --textconv HEAD:frontend/src/routes/login/+page.svelte [14ms]
2025-05-17 00:34:02.477 [info] > git show --textconv :frontend/src/routes/login/+page.svelte [1ms]
2025-05-17 00:34:05.023 [info] > git config --get commit.template [1ms]
2025-05-17 00:34:05.038 [info] > git for-each-ref --format=%(refname)%00%(upstream:short)%00%(objectname)%00%(upstream:track)%00%(upstream:remotename)%00%(upstream:remoteref) refs/heads/main refs/remotes/main [1ms]
2025-05-17 00:34:05.065 [info] > git status -z -uall [14ms]
2025-05-17 00:34:05.065 [info] > git for-each-ref --sort -committerdate --format %(refname)%00%(objectname)%00%(*objectname) [1ms]
2025-05-17 00:34:09.319 [info] > git -c user.useConfigOnly=true commit --quiet --allow-empty-message --file - [3ms]
2025-05-17 00:34:09.334 [info] > git config --get commit.template [0ms]
2025-05-17 00:34:09.353 [info] > git config --get commit.template [1ms]
2025-05-17 00:34:09.369 [info] > git for-each-ref --format=%(refname)%00%(upstream:short)%00%(objectname)%00%(upstream:track)%00%(upstream:remotename)%00%(upstream:remoteref) refs/heads/main refs/remotes/main [1ms]
2025-05-17 00:34:09.397 [info] > git status -z -uall [14ms]
2025-05-17 00:34:09.397 [info] > git for-each-ref --sort -committerdate --format %(refname)%00%(objectname)%00%(*objectname) [1ms]
2025-05-17 00:34:09.444 [info] > git merge-base refs/heads/main refs/remotes/origin/main [2ms]
2025-05-17 00:34:09.460 [info] > git blame --root --incremental bad6636d0210ef0f00874b25831abef293e9a300 -- frontend/src/routes/login/+page.svelte [38ms]
2025-05-17 00:34:09.476 [info] > git diff --name-status -z --diff-filter=ADMR 53b9f8c544f330fa309f616d19d5faad61161b34...refs/remotes/origin/main [16ms]
2025-05-17 00:34:09.506 [info] > git config --get commit.template [16ms]
2025-05-17 00:34:09.506 [info] > git log --format=%H%n%aN%n%aE%n%at%n%ct%n%P%n%D%n%B -z --shortstat --diff-merges=first-parent -n50 --skip=0 --topo-order --decorate=full --stdin [31ms]
2025-05-17 00:34:09.507 [info] > git for-each-ref --format=%(refname)%00%(upstream:short)%00%(objectname)%00%(upstream:track)%00%(upstream:remotename)%00%(upstream:remoteref) refs/heads/main refs/remotes/main [2ms]
2025-05-17 00:34:09.540 [info] > git status -z -uall [16ms]
2025-05-17 00:34:09.541 [info] > git for-each-ref --sort -committerdate --format %(refname)%00%(objectname)%00%(*objectname) [1ms]
2025-05-17 00:34:10.513 [info] > git ls-files --stage -- frontend/src/routes/login/+page.svelte [1ms]
2025-05-17 00:34:10.527 [info] > git cat-file -s 331975732408439abe8c15dfa768d4e128e32fcc [0ms]
2025-05-17 00:34:10.542 [info] > git show --textconv :frontend/src/routes/login/+page.svelte [1ms]
2025-05-17 00:34:10.648 [info] > git log --oneline --cherry main...main@{upstream} -- [1ms]
2025-05-17 00:34:11.858 [info] > git ls-files --stage -- frontend/src/routes/login/+page.svelte [1ms]
2025-05-17 00:34:11.873 [info] > git cat-file -s 331975732408439abe8c15dfa768d4e128e32fcc [1ms]
2025-05-17 00:34:11.888 [info] > git show --textconv :frontend/src/routes/login/+page.svelte [0ms]
2025-05-17 00:34:13.966 [info] > git pull --tags origin main [3303ms]
2025-05-17 00:34:13.966 [info] From github.com:Forwall100/resumatter
 * branch            main       -> FETCH_HEAD
2025-05-17 00:34:15.209 [info] > git ls-files --stage -- frontend/src/routes/login/+page.svelte [1ms]
2025-05-17 00:34:15.224 [info] > git cat-file -s 331975732408439abe8c15dfa768d4e128e32fcc [1ms]
2025-05-17 00:34:15.240 [info] > git show --textconv :frontend/src/routes/login/+page.svelte [1ms]
2025-05-17 00:34:16.981 [info] > git push origin main:main [3000ms]
2025-05-17 00:34:16.981 [info] To github.com:Forwall100/resumatter.git
   53b9f8c..bad6636  main -> main
2025-05-17 00:34:16.997 [info] > git config --get commit.template [1ms]
2025-05-17 00:34:17.011 [info] > git for-each-ref --format=%(refname)%00%(upstream:short)%00%(objectname)%00%(upstream:track)%00%(upstream:remotename)%00%(upstream:remoteref) refs/heads/main refs/remotes/main [1ms]
2025-05-17 00:34:17.038 [info] > git status -z -uall [14ms]
2025-05-17 00:34:17.038 [info] > git for-each-ref --sort -committerdate --format %(refname)%00%(objectname)%00%(*objectname) [0ms]
2025-05-17 00:34:17.086 [info] > git config --get commit.template [15ms]
2025-05-17 00:34:17.086 [info] > git merge-base refs/heads/main refs/remotes/origin/main [30ms]
2025-05-17 00:34:17.116 [info] > git diff --name-status -z --diff-filter=ADMR bad6636d0210ef0f00874b25831abef293e9a300...refs/remotes/origin/main [15ms]
2025-05-17 00:34:17.116 [info] > git log --format=%H%n%aN%n%aE%n%at%n%ct%n%P%n%D%n%B -z --shortstat --diff-merges=first-parent -n50 --skip=0 --topo-order --decorate=full --stdin [30ms]
2025-05-17 00:34:17.117 [info] > git for-each-ref --format=%(refname)%00%(upstream:short)%00%(objectname)%00%(upstream:track)%00%(upstream:remotename)%00%(upstream:remoteref) refs/heads/main refs/remotes/main [1ms]
2025-05-17 00:34:17.162 [info] > git status -z -uall [20ms]
2025-05-17 00:34:17.163 [info] > git for-each-ref --sort -committerdate --format %(refname)%00%(objectname)%00%(*objectname) [1ms]
2025-05-17 00:54:54.768 [info] > git ls-files --stage -- frontend/src/routes/login/+page.svelte [1ms]
2025-05-17 00:54:54.784 [info] > git cat-file -s 331975732408439abe8c15dfa768d4e128e32fcc [0ms]
2025-05-17 00:54:54.801 [info] > git show --textconv :frontend/src/routes/login/+page.svelte [1ms]
2025-05-17 00:54:55.781 [info] > git config --get commit.template [15ms]
2025-05-17 00:54:55.782 [info] > git for-each-ref --format=%(refname)%00%(upstream:short)%00%(objectname)%00%(upstream:track)%00%(upstream:remotename)%00%(upstream:remoteref) refs/heads/main refs/remotes/main [1ms]
2025-05-17 00:54:55.812 [info] > git status -z -uall [16ms]
2025-05-17 00:54:55.812 [info] > git for-each-ref --sort -committerdate --format %(refname)%00%(objectname)%00%(*objectname) [0ms]
