2025-05-18 23:02:49.752 [info] [main] Log level: Info
2025-05-18 23:02:49.752 [info] [main] Validating found git in: "git"
2025-05-18 23:02:49.752 [info] [main] Using git "2.49.0" from "git"
2025-05-18 23:02:49.752 [info] [Model][doInitialScan] Initial repository scan started
2025-05-18 23:02:49.752 [info] > git rev-parse --show-toplevel [6ms]
2025-05-18 23:02:49.752 [info] > git rev-parse --git-dir --git-common-dir [4ms]
2025-05-18 23:02:49.752 [info] [Model][openRepository] Opened repository (path): /home/user/Documents/code/resumix
2025-05-18 23:02:49.752 [info] [Model][openRepository] Opened repository (real path): /home/user/Documents/code/resumix
2025-05-18 23:02:49.754 [info] > git rev-parse --show-toplevel [30ms]
2025-05-18 23:02:49.755 [info] > git config --get commit.template [36ms]
2025-05-18 23:02:49.820 [info] > git rev-parse --show-toplevel [46ms]
2025-05-18 23:02:49.834 [info] > git for-each-ref --format=%(refname)%00%(upstream:short)%00%(objectname)%00%(upstream:track)%00%(upstream:remotename)%00%(upstream:remoteref) refs/heads/main refs/remotes/main [18ms]
2025-05-18 23:02:49.848 [info] > git rev-parse --show-toplevel [15ms]
2025-05-18 23:02:49.883 [info] > git rev-parse --show-toplevel [4ms]
2025-05-18 23:02:49.883 [info] [Model][doInitialScan] Initial repository scan completed - repositories (1), closed repositories (0), parent repositories (0), unsafe repositories (0)
2025-05-18 23:02:49.918 [info] > git show --textconv :frontend/src/routes/login/+page.svelte [25ms]
2025-05-18 23:02:49.918 [info] > git status -z -uall [10ms]
2025-05-18 23:02:49.928 [info] > git for-each-ref --sort -committerdate --format %(refname)%00%(objectname)%00%(*objectname) [13ms]
2025-05-18 23:02:49.944 [info] > git ls-files --stage -- frontend/src/routes/login/+page.svelte [44ms]
2025-05-18 23:02:49.960 [info] > git for-each-ref --format=%(refname)%00%(upstream:short)%00%(objectname)%00%(upstream:track)%00%(upstream:remotename)%00%(upstream:remoteref) refs/heads/main refs/remotes/main [17ms]
2025-05-18 23:02:49.977 [info] > git config --get --local branch.main.vscode-merge-base [9ms]
2025-05-18 23:02:49.986 [info] > git config --get commit.template [28ms]
2025-05-18 23:02:49.986 [info] > git cat-file -s 331975732408439abe8c15dfa768d4e128e32fcc [36ms]
2025-05-18 23:02:49.987 [info] > git for-each-ref --format=%(refname)%00%(upstream:short)%00%(objectname)%00%(upstream:track)%00%(upstream:remotename)%00%(upstream:remoteref) refs/heads/origin/main refs/remotes/origin/main [2ms]
2025-05-18 23:02:50.019 [info] > git merge-base refs/heads/main refs/remotes/origin/main [23ms]
2025-05-18 23:02:50.031 [info] > git diff --name-status -z --diff-filter=ADMR bad6636d0210ef0f00874b25831abef293e9a300...refs/remotes/origin/main [4ms]
2025-05-18 23:02:50.032 [info] > git for-each-ref --format=%(refname)%00%(upstream:short)%00%(objectname)%00%(upstream:track)%00%(upstream:remotename)%00%(upstream:remoteref) refs/heads/main refs/remotes/main [14ms]
2025-05-18 23:02:50.063 [info] > git status -z -uall [20ms]
2025-05-18 23:02:50.064 [info] > git for-each-ref --sort -committerdate --format %(refname)%00%(objectname)%00%(*objectname) [12ms]
2025-05-18 23:02:50.071 [info] > git blame --root --incremental bad6636d0210ef0f00874b25831abef293e9a300 -- frontend/src/routes/login/+page.svelte [9ms]
2025-05-18 23:02:50.570 [info] > git check-ignore -v -z --stdin [8ms]
2025-05-18 23:02:55.230 [info] > git show --textconv :frontend/src/app.html [11ms]
2025-05-18 23:02:55.230 [info] > git ls-files --stage -- frontend/src/app.html [1ms]
2025-05-18 23:02:55.242 [info] > git cat-file -s 811f1c52fb5d1474c3c3657c4b31c668c8acb652 [1ms]
2025-05-18 23:02:55.262 [info] > git blame --root --incremental bad6636d0210ef0f00874b25831abef293e9a300 -- frontend/src/app.html [6ms]
2025-05-18 23:03:24.754 [info] > git config --get commit.template [12ms]
2025-05-18 23:03:24.754 [info] > git for-each-ref --format=%(refname)%00%(upstream:short)%00%(objectname)%00%(upstream:track)%00%(upstream:remotename)%00%(upstream:remoteref) refs/heads/main refs/remotes/main [1ms]
2025-05-18 23:03:24.775 [info] > git status -z -uall [11ms]
2025-05-18 23:03:24.776 [info] > git for-each-ref --sort -committerdate --format %(refname)%00%(objectname)%00%(*objectname) [1ms]
2025-05-18 23:03:57.720 [info] > git check-ignore -v -z --stdin [0ms]
2025-05-18 23:03:58.260 [info] > git check-ignore -v -z --stdin [0ms]
2025-05-18 23:03:58.809 [info] > git show --textconv :frontend/static/robots.txt [11ms]
2025-05-18 23:03:58.810 [info] > git ls-files --stage -- frontend/static/robots.txt [1ms]
2025-05-18 23:03:58.822 [info] > git cat-file -s 73b9cd01405fe5802188cd45f026f17426baf441 [1ms]
2025-05-18 23:03:59.733 [info] > git blame --root --incremental bad6636d0210ef0f00874b25831abef293e9a300 -- frontend/static/robots.txt [2ms]
2025-05-18 23:04:52.099 [info] > git log --format=%H%n%aN%n%aE%n%at%n%ct%n%P%n%D%n%B -z --shortstat --diff-merges=first-parent -n50 --skip=0 --topo-order --decorate=full --stdin [28ms]
2025-05-18 23:04:53.203 [info] > git add -A -- frontend/src/app.html [2ms]
2025-05-18 23:04:53.222 [info] > git config --get commit.template [9ms]
2025-05-18 23:04:53.223 [info] > git for-each-ref --format=%(refname)%00%(upstream:short)%00%(objectname)%00%(upstream:track)%00%(upstream:remotename)%00%(upstream:remoteref) refs/heads/main refs/remotes/main [1ms]
2025-05-18 23:04:53.242 [info] > git status -z -uall [10ms]
2025-05-18 23:04:53.242 [info] > git for-each-ref --sort -committerdate --format %(refname)%00%(objectname)%00%(*objectname) [1ms]
2025-05-18 23:04:54.301 [info] > git config --get commit.template [10ms]
2025-05-18 23:04:54.302 [info] > git for-each-ref --format=%(refname)%00%(upstream:short)%00%(objectname)%00%(upstream:track)%00%(upstream:remotename)%00%(upstream:remoteref) refs/heads/main refs/remotes/main [0ms]
2025-05-18 23:04:54.319 [info] > git status -z -uall [9ms]
2025-05-18 23:04:54.320 [info] > git for-each-ref --sort -committerdate --format %(refname)%00%(objectname)%00%(*objectname) [1ms]
2025-05-18 23:04:54.391 [info] > git ls-files --stage -- frontend/static/robots.txt [0ms]
2025-05-18 23:04:54.401 [info] > git cat-file -s 73b9cd01405fe5802188cd45f026f17426baf441 [1ms]
2025-05-18 23:04:54.411 [info] > git show --textconv :frontend/static/robots.txt [1ms]
2025-05-18 23:04:58.381 [info] > git -c user.useConfigOnly=true commit --quiet --allow-empty-message --file - [47ms]
2025-05-18 23:04:58.394 [info] > git config --get commit.template [0ms]
2025-05-18 23:04:58.406 [info] > git config --get commit.template [0ms]
2025-05-18 23:04:58.417 [info] > git for-each-ref --format=%(refname)%00%(upstream:short)%00%(objectname)%00%(upstream:track)%00%(upstream:remotename)%00%(upstream:remoteref) refs/heads/main refs/remotes/main [1ms]
2025-05-18 23:04:58.435 [info] > git status -z -uall [9ms]
2025-05-18 23:04:58.436 [info] > git for-each-ref --sort -committerdate --format %(refname)%00%(objectname)%00%(*objectname) [1ms]
2025-05-18 23:04:58.461 [info] > git merge-base refs/heads/main refs/remotes/origin/main [2ms]
2025-05-18 23:04:58.473 [info] > git blame --root --incremental 751c330804027be6b8fb36f6112d1078253d9198 -- frontend/static/robots.txt [26ms]
2025-05-18 23:04:58.484 [info] > git diff --name-status -z --diff-filter=ADMR bad6636d0210ef0f00874b25831abef293e9a300...refs/remotes/origin/main [11ms]
2025-05-18 23:04:58.504 [info] > git config --get commit.template [10ms]
2025-05-18 23:04:58.504 [info] > git for-each-ref --format=%(refname)%00%(upstream:short)%00%(objectname)%00%(upstream:track)%00%(upstream:remotename)%00%(upstream:remoteref) refs/heads/main refs/remotes/main [1ms]
2025-05-18 23:04:58.525 [info] > git status -z -uall [10ms]
2025-05-18 23:04:58.525 [info] > git log --format=%H%n%aN%n%aE%n%at%n%ct%n%P%n%D%n%B -z --shortstat --diff-merges=first-parent -n50 --skip=0 --topo-order --decorate=full --stdin [41ms]
2025-05-18 23:04:58.526 [info] > git for-each-ref --sort -committerdate --format %(refname)%00%(objectname)%00%(*objectname) [2ms]
2025-05-18 23:04:59.302 [info] > git log --oneline --cherry main...main@{upstream} -- [2ms]
2025-05-18 23:05:02.499 [info] > git pull --tags origin main [3186ms]
2025-05-18 23:05:02.499 [info] From github.com:Forwall100/resumatter
 * branch            main       -> FETCH_HEAD
2025-05-18 23:05:05.214 [info] > git push origin main:main [2703ms]
2025-05-18 23:05:05.214 [info] To github.com:Forwall100/resumatter.git
   bad6636..751c330  main -> main
2025-05-18 23:05:05.236 [info] > git config --get commit.template [10ms]
2025-05-18 23:05:05.237 [info] > git for-each-ref --format=%(refname)%00%(upstream:short)%00%(objectname)%00%(upstream:track)%00%(upstream:remotename)%00%(upstream:remoteref) refs/heads/main refs/remotes/main [1ms]
2025-05-18 23:05:05.256 [info] > git status -z -uall [10ms]
2025-05-18 23:05:05.256 [info] > git for-each-ref --sort -committerdate --format %(refname)%00%(objectname)%00%(*objectname) [1ms]
2025-05-18 23:05:05.282 [info] > git merge-base refs/heads/main refs/remotes/origin/main [13ms]
2025-05-18 23:05:05.294 [info] > git diff --name-status -z --diff-filter=ADMR 751c330804027be6b8fb36f6112d1078253d9198...refs/remotes/origin/main [1ms]
2025-05-18 23:05:05.305 [info] > git log --format=%H%n%aN%n%aE%n%at%n%ct%n%P%n%D%n%B -z --shortstat --diff-merges=first-parent -n50 --skip=0 --topo-order --decorate=full --stdin [23ms]
2025-05-18 23:05:19.277 [info] > git config --get commit.template [12ms]
2025-05-18 23:05:19.286 [info] > git ls-files --stage -- frontend/static/robots.txt [10ms]
2025-05-18 23:05:19.297 [info] > git for-each-ref --format=%(refname)%00%(upstream:short)%00%(objectname)%00%(upstream:track)%00%(upstream:remotename)%00%(upstream:remoteref) refs/heads/main refs/remotes/main [11ms]
2025-05-18 23:05:19.317 [info] > git status -z -uall [11ms]
2025-05-18 23:05:19.317 [info] > git for-each-ref --sort -committerdate --format %(refname)%00%(objectname)%00%(*objectname) [1ms]
2025-05-18 23:05:19.318 [info] > git cat-file -s 73b9cd01405fe5802188cd45f026f17426baf441 [21ms]
2025-05-18 23:05:19.330 [info] > git show --textconv :frontend/static/robots.txt [1ms]
