2025-05-12 10:31:10.006 [info] Extension host with pid 124685 started
2025-05-12 10:31:10.006 [info] Skipping acquiring lock for /home/user/.config/VSCodium/User/workspaceStorage/37a78256e8d94ef7ebafbd9684081717.
2025-05-12 10:31:10.022 [info] ExtensionService#_doActivateExtension vscode.configuration-editing, startup: false, activationEvent: 'onLanguage:jsonc'
2025-05-12 10:31:10.029 [info] ExtensionService#_doActivateExtension vscode.json-language-features, startup: false, activationEvent: 'onLanguage:jsonc'
2025-05-12 10:31:10.060 [info] ExtensionService#_doActivateExtension vscode.typescript-language-features, startup: false, activationEvent: 'onLanguage:jsonc'
2025-05-12 10:31:10.086 [info] ExtensionService#_doActivateExtension vscode.emmet, startup: false, activationEvent: 'onLanguage'
2025-05-12 10:31:10.207 [info] ExtensionService#_doActivateExtension vscode.git-base, startup: true, activationEvent: '*'
2025-05-12 10:31:10.208 [info] ExtensionService#_doActivateExtension ms-python.python, startup: true, activationEvent: 'workspaceContains:.venv'
2025-05-12 10:31:10.310 [info] ExtensionService#_doActivateExtension vscode.github, startup: true, activationEvent: '*'
2025-05-12 10:31:10.337 [info] Eager extensions activated
2025-05-12 10:31:10.341 [info] ExtensionService#_doActivateExtension vscode.debug-auto-launch, startup: false, activationEvent: 'onStartupFinished'
2025-05-12 10:31:10.347 [info] ExtensionService#_doActivateExtension vscode.merge-conflict, startup: false, activationEvent: 'onStartupFinished'
2025-05-12 10:31:12.823 [info] ExtensionService#_doActivateExtension vscode.git, startup: false, activationEvent: 'api', root cause: vscode.github
2025-05-12 10:31:12.866 [info] ExtensionService#_doActivateExtension bradlc.vscode-tailwindcss, startup: false, activationEvent: 'onStartupFinished'
2025-05-12 10:31:12.888 [info] ExtensionService#_doActivateExtension Continue.continue, startup: false, activationEvent: 'onStartupFinished'
2025-05-12 10:31:13.179 [info] ExtensionService#_doActivateExtension dlasagno.wal-theme, startup: false, activationEvent: '*'
2025-05-12 10:31:13.328 [info] ExtensionService#_doActivateExtension vscode.github-authentication, startup: false, activationEvent: 'onAuthenticationRequest:github'
2025-05-12 10:31:25.083 [info] ExtensionService#_doActivateExtension svelte.svelte-vscode, startup: false, activationEvent: 'onLanguage:svelte'
2025-05-12 11:13:14.275 [info] Extension host terminating: renderer closed the MessagePort
2025-05-12 11:13:14.283 [warning] Canceled
2025-05-12 11:13:14.286 [info] Extension host with pid 124685 exiting with code 0
