2025-05-14 15:29:56.231 [info] [main] Log level: Info
2025-05-14 15:29:56.231 [info] [main] Validating found git in: "git"
2025-05-14 15:29:56.231 [info] [main] Using git "2.49.0" from "git"
2025-05-14 15:29:56.231 [info] [Model][doInitialScan] Initial repository scan started
2025-05-14 15:29:56.231 [info] > git rev-parse --show-toplevel [3ms]
2025-05-14 15:29:56.231 [info] > git rev-parse --git-dir --git-common-dir [3ms]
2025-05-14 15:29:56.231 [info] [Model][openRepository] Opened repository (path): /home/user/Documents/code/queryquest
2025-05-14 15:29:56.231 [info] [Model][openRepository] Opened repository (real path): /home/user/Documents/code/queryquest
2025-05-14 15:29:56.231 [info] > git rev-parse --show-toplevel [2ms]
2025-05-14 15:29:56.231 [info] > git config --get commit.template [5ms]
2025-05-14 15:29:56.239 [info] > git rev-parse --show-toplevel [4ms]
2025-05-14 15:29:56.239 [info] [Model][doInitialScan] Initial repository scan completed - repositories (1), closed repositories (0), parent repositories (0), unsafe repositories (0)
2025-05-14 15:29:56.252 [info] > git for-each-ref --format=%(refname)%00%(upstream:short)%00%(objectname)%00%(upstream:track)%00%(upstream:remotename)%00%(upstream:remoteref) refs/heads/main refs/remotes/main [14ms]
2025-05-14 15:29:56.258 [warning] [Git][revParse] Unable to read file: ENOENT: no such file or directory, open '/home/user/Documents/code/queryquest/.git/refs/remotes/origin/main'
2025-05-14 15:29:56.260 [info] > git rev-parse refs/remotes/origin/main [2ms]
2025-05-14 15:29:56.268 [info] > git for-each-ref --sort -committerdate --format %(refname)%00%(objectname)%00%(*objectname) [1ms]
2025-05-14 15:29:56.339 [info] > git status -z -uall [76ms]
2025-05-14 15:29:56.354 [info] > git for-each-ref --format=%(refname)%00%(upstream:short)%00%(objectname)%00%(upstream:track)%00%(upstream:remotename)%00%(upstream:remoteref) refs/heads/main refs/remotes/main [4ms]
2025-05-14 15:29:56.358 [info] > git config --get --local branch.main.vscode-merge-base [1ms]
2025-05-14 15:29:56.358 [warning] [Git][config] git config failed: Failed to execute git
2025-05-14 15:29:56.361 [info] > git config --get commit.template [7ms]
2025-05-14 15:29:56.376 [info] > git reflog main --grep-reflog=branch: Created from *. [15ms]
2025-05-14 15:29:56.379 [info] > git symbolic-ref --short refs/remotes/origin/HEAD [1ms]
2025-05-14 15:29:56.382 [info] > git for-each-ref --format=%(refname)%00%(upstream:short)%00%(objectname)%00%(upstream:track)%00%(upstream:remotename)%00%(upstream:remoteref) refs/heads/main refs/remotes/main [7ms]
2025-05-14 15:29:56.386 [warning] [Git][revParse] Unable to read file: ENOENT: no such file or directory, open '/home/user/Documents/code/queryquest/.git/refs/remotes/origin/main'
2025-05-14 15:29:56.386 [info] > git rev-parse refs/remotes/origin/main [1ms]
2025-05-14 15:29:56.393 [info] > git for-each-ref --format=%(refname)%00%(upstream:short)%00%(objectname)%00%(upstream:track)%00%(upstream:remotename)%00%(upstream:remoteref) refs/heads/origin/main refs/remotes/origin/main [11ms]
2025-05-14 15:29:56.396 [info] > git for-each-ref --sort -committerdate --format %(refname)%00%(objectname)%00%(*objectname) [3ms]
2025-05-14 15:29:56.397 [info] > git config --add --local branch.main.vscode-merge-base origin/main [1ms]
2025-05-14 15:29:56.404 [info] > git status -z -uall [14ms] (cancelled)
2025-05-14 15:29:56.404 [info] > git for-each-ref --format=%(refname)%00%(upstream:short)%00%(objectname)%00%(upstream:track)%00%(upstream:remotename)%00%(upstream:remoteref) refs/heads/main refs/remotes/main [4ms]
2025-05-14 15:29:56.407 [info] > git config --get commit.template [4ms]
2025-05-14 15:29:56.408 [info] > git config --get --local branch.main.vscode-merge-base [1ms]
2025-05-14 15:29:56.414 [info] > git for-each-ref --format=%(refname)%00%(upstream:short)%00%(objectname)%00%(upstream:track)%00%(upstream:remotename)%00%(upstream:remoteref) refs/heads/origin/main refs/remotes/origin/main [3ms]
2025-05-14 15:29:56.418 [info] > git for-each-ref --format=%(refname)%00%(upstream:short)%00%(objectname)%00%(upstream:track)%00%(upstream:remotename)%00%(upstream:remoteref) refs/heads/main refs/remotes/main [4ms]
2025-05-14 15:29:56.421 [warning] [Git][revParse] Unable to read file: ENOENT: no such file or directory, open '/home/user/Documents/code/queryquest/.git/refs/remotes/origin/main'
2025-05-14 15:29:56.422 [info] > git rev-parse refs/remotes/origin/main [1ms]
2025-05-14 15:29:56.429 [info] > git merge-base refs/heads/main refs/remotes/origin/main [12ms]
2025-05-14 15:29:56.433 [info] > git for-each-ref --sort -committerdate --format %(refname)%00%(objectname)%00%(*objectname) [3ms]
2025-05-14 15:29:56.433 [info] > git diff --name-status -z --diff-filter=ADMR 3cd74cd96354b4aea25f4bb95309952ea81c2360...refs/remotes/origin/main [1ms]
2025-05-14 15:29:56.790 [info] > git status -z -uall [365ms]
2025-05-14 15:29:56.790 [info] > git check-ignore -v -z --stdin [2ms]
2025-05-14 15:30:01.739 [info] > git check-ignore -v -z --stdin [0ms]
2025-05-14 15:30:10.249 [info] > git config --get commit.template [9ms]
2025-05-14 15:30:10.249 [info] > git for-each-ref --format=%(refname)%00%(upstream:short)%00%(objectname)%00%(upstream:track)%00%(upstream:remotename)%00%(upstream:remoteref) refs/heads/main refs/remotes/main [1ms]
2025-05-14 15:30:10.257 [warning] [Git][revParse] Unable to read file: ENOENT: no such file or directory, open '/home/user/Documents/code/queryquest/.git/refs/remotes/origin/main'
2025-05-14 15:30:10.258 [info] > git rev-parse refs/remotes/origin/main [1ms]
2025-05-14 15:30:10.275 [info] > git for-each-ref --sort -committerdate --format %(refname)%00%(objectname)%00%(*objectname) [0ms]
2025-05-14 15:30:10.345 [info] > git status -z -uall [79ms]
2025-05-14 15:30:38.088 [info] > git config --get commit.template [9ms]
2025-05-14 15:30:38.088 [info] > git for-each-ref --format=%(refname)%00%(upstream:short)%00%(objectname)%00%(upstream:track)%00%(upstream:remotename)%00%(upstream:remoteref) refs/heads/main refs/remotes/main [1ms]
2025-05-14 15:30:38.096 [warning] [Git][revParse] Unable to read file: ENOENT: no such file or directory, open '/home/user/Documents/code/queryquest/.git/refs/remotes/origin/main'
2025-05-14 15:30:38.097 [info] > git rev-parse refs/remotes/origin/main [1ms]
2025-05-14 15:30:38.113 [info] > git for-each-ref --sort -committerdate --format %(refname)%00%(objectname)%00%(*objectname) [1ms]
2025-05-14 15:30:38.182 [info] > git status -z -uall [78ms]
2025-05-14 15:31:11.009 [info] > git config --get commit.template [8ms]
2025-05-14 15:31:11.010 [info] > git for-each-ref --format=%(refname)%00%(upstream:short)%00%(objectname)%00%(upstream:track)%00%(upstream:remotename)%00%(upstream:remoteref) refs/heads/main refs/remotes/main [1ms]
2025-05-14 15:31:11.018 [warning] [Git][revParse] Unable to read file: ENOENT: no such file or directory, open '/home/user/Documents/code/queryquest/.git/refs/remotes/origin/main'
2025-05-14 15:31:11.018 [info] > git rev-parse refs/remotes/origin/main [0ms]
2025-05-14 15:31:11.035 [info] > git for-each-ref --sort -committerdate --format %(refname)%00%(objectname)%00%(*objectname) [1ms]
2025-05-14 15:31:11.104 [info] > git status -z -uall [78ms]
2025-05-14 15:32:03.923 [info] > git config --get commit.template [10ms]
2025-05-14 15:32:03.923 [info] > git for-each-ref --format=%(refname)%00%(upstream:short)%00%(objectname)%00%(upstream:track)%00%(upstream:remotename)%00%(upstream:remoteref) refs/heads/main refs/remotes/main [1ms]
2025-05-14 15:32:03.932 [warning] [Git][revParse] Unable to read file: ENOENT: no such file or directory, open '/home/user/Documents/code/queryquest/.git/refs/remotes/origin/main'
2025-05-14 15:32:03.932 [info] > git rev-parse refs/remotes/origin/main [0ms]
2025-05-14 15:32:03.952 [info] > git for-each-ref --sort -committerdate --format %(refname)%00%(objectname)%00%(*objectname) [1ms]
2025-05-14 15:32:04.020 [info] > git status -z -uall [79ms]
2025-05-14 15:33:03.754 [info] > git config --get commit.template [9ms]
2025-05-14 15:33:03.754 [info] > git for-each-ref --format=%(refname)%00%(upstream:short)%00%(objectname)%00%(upstream:track)%00%(upstream:remotename)%00%(upstream:remoteref) refs/heads/main refs/remotes/main [0ms]
2025-05-14 15:33:03.762 [warning] [Git][revParse] Unable to read file: ENOENT: no such file or directory, open '/home/user/Documents/code/queryquest/.git/refs/remotes/origin/main'
2025-05-14 15:33:03.763 [info] > git rev-parse refs/remotes/origin/main [1ms]
2025-05-14 15:33:03.780 [info] > git for-each-ref --sort -committerdate --format %(refname)%00%(objectname)%00%(*objectname) [1ms]
2025-05-14 15:33:03.850 [info] > git status -z -uall [79ms]
2025-05-14 15:33:08.303 [info] > git check-ignore -v -z --stdin [1ms]
2025-05-14 15:33:08.872 [info] > git for-each-ref --format=%(refname)%00%(upstream:short)%00%(objectname)%00%(upstream:track)%00%(upstream:remotename)%00%(upstream:remoteref) refs/heads/main refs/remotes/main [1ms]
2025-05-14 15:33:08.872 [info] > git config --get commit.template [9ms]
2025-05-14 15:33:08.880 [warning] [Git][revParse] Unable to read file: ENOENT: no such file or directory, open '/home/user/Documents/code/queryquest/.git/refs/remotes/origin/main'
2025-05-14 15:33:08.880 [info] > git rev-parse refs/remotes/origin/main [0ms]
2025-05-14 15:33:08.897 [info] > git for-each-ref --sort -committerdate --format %(refname)%00%(objectname)%00%(*objectname) [1ms]
2025-05-14 15:33:08.966 [info] > git status -z -uall [78ms]
2025-05-14 15:33:09.493 [info] > git check-ignore -v -z --stdin [1ms]
2025-05-14 15:33:11.390 [info] > git show --textconv :frontend/src/pocketbase.js [29ms]
2025-05-14 15:33:11.390 [info] > git ls-files --stage -- frontend/src/pocketbase.js [17ms]
2025-05-14 15:33:11.404 [info] > git cat-file -s 96b37345001962b38bab829820366d390d54d664 [2ms]
2025-05-14 15:33:16.034 [info] > git check-ignore -v -z --stdin [0ms]
2025-05-14 15:33:17.555 [info] > git check-ignore -v -z --stdin [1ms]
2025-05-14 15:33:18.619 [info] > git show --textconv :frontend/src/pages/RegistrationPage.vue [8ms]
2025-05-14 15:33:18.620 [info] > git ls-files --stage -- frontend/src/pages/RegistrationPage.vue [1ms]
2025-05-14 15:33:18.628 [info] > git cat-file -s 14a0e3df00bdf76223d685bcbc367cff412112fd [0ms]
2025-05-14 15:33:37.085 [info] [main] Log level: Info
2025-05-14 15:33:37.085 [info] [main] Validating found git in: "git"
2025-05-14 15:33:37.085 [info] [main] Using git "2.49.0" from "git"
2025-05-14 15:33:37.085 [info] [Model][doInitialScan] Initial repository scan started
2025-05-14 15:33:37.085 [info] > git rev-parse --show-toplevel [4ms]
2025-05-14 15:33:37.092 [info] > git rev-parse --git-dir --git-common-dir [1ms]
2025-05-14 15:33:37.097 [info] [Model][openRepository] Opened repository (path): /home/user/Documents/code/queryquest
2025-05-14 15:33:37.097 [info] [Model][openRepository] Opened repository (real path): /home/user/Documents/code/queryquest
2025-05-14 15:33:37.109 [info] > git rev-parse --show-toplevel [2ms]
2025-05-14 15:33:37.109 [info] > git config --get commit.template [7ms]
2025-05-14 15:33:37.116 [info] > git rev-parse --show-toplevel [3ms]
2025-05-14 15:33:37.117 [info] [Model][doInitialScan] Initial repository scan completed - repositories (1), closed repositories (0), parent repositories (0), unsafe repositories (0)
2025-05-14 15:33:37.117 [info] > git for-each-ref --format=%(refname)%00%(upstream:short)%00%(objectname)%00%(upstream:track)%00%(upstream:remotename)%00%(upstream:remoteref) refs/heads/main refs/remotes/main [1ms]
2025-05-14 15:33:37.120 [warning] [Git][revParse] Unable to read file: ENOENT: no such file or directory, open '/home/user/Documents/code/queryquest/.git/refs/remotes/origin/main'
2025-05-14 15:33:37.120 [info] > git rev-parse refs/remotes/origin/main [1ms]
2025-05-14 15:33:37.127 [info] > git for-each-ref --sort -committerdate --format %(refname)%00%(objectname)%00%(*objectname) [1ms]
2025-05-14 15:33:37.198 [info] > git status -z -uall [75ms]
2025-05-14 15:33:37.458 [info] > git for-each-ref --format=%(refname)%00%(upstream:short)%00%(objectname)%00%(upstream:track)%00%(upstream:remotename)%00%(upstream:remoteref) refs/heads/main refs/remotes/main [250ms]
2025-05-14 15:33:37.464 [info] > git config --get --local branch.main.vscode-merge-base [2ms]
2025-05-14 15:33:37.468 [info] > git config --get commit.template [10ms]
2025-05-14 15:33:37.469 [info] > git for-each-ref --format=%(refname)%00%(upstream:short)%00%(objectname)%00%(upstream:track)%00%(upstream:remotename)%00%(upstream:remoteref) refs/heads/origin/main refs/remotes/origin/main [1ms]
2025-05-14 15:33:37.477 [info] > git merge-base refs/heads/main refs/remotes/origin/main [4ms]
2025-05-14 15:33:37.480 [info] > git for-each-ref --format=%(refname)%00%(upstream:short)%00%(objectname)%00%(upstream:track)%00%(upstream:remotename)%00%(upstream:remoteref) refs/heads/main refs/remotes/main [4ms]
2025-05-14 15:33:37.484 [warning] [Git][revParse] Unable to read file: ENOENT: no such file or directory, open '/home/user/Documents/code/queryquest/.git/refs/remotes/origin/main'
2025-05-14 15:33:37.484 [info] > git diff --name-status -z --diff-filter=ADMR 3cd74cd96354b4aea25f4bb95309952ea81c2360...refs/remotes/origin/main [4ms]
2025-05-14 15:33:37.498 [info] > git rev-parse refs/remotes/origin/main [14ms]
2025-05-14 15:33:37.510 [info] > git for-each-ref --sort -committerdate --format %(refname)%00%(objectname)%00%(*objectname) [3ms]
2025-05-14 15:33:37.885 [info] > git status -z -uall [382ms]
2025-05-14 15:33:49.368 [info] [main] Log level: Info
2025-05-14 15:33:49.368 [info] [main] Validating found git in: "git"
2025-05-14 15:33:49.368 [info] [main] Using git "2.49.0" from "git"
2025-05-14 15:33:49.368 [info] [Model][doInitialScan] Initial repository scan started
2025-05-14 15:33:49.368 [info] > git rev-parse --show-toplevel [4ms]
2025-05-14 15:33:49.376 [info] > git rev-parse --git-dir --git-common-dir [1ms]
2025-05-14 15:33:49.380 [info] [Model][openRepository] Opened repository (path): /home/user/Documents/code/queryquest
2025-05-14 15:33:49.380 [info] [Model][openRepository] Opened repository (real path): /home/user/Documents/code/queryquest
2025-05-14 15:33:49.397 [info] > git rev-parse --show-toplevel [1ms]
2025-05-14 15:33:49.397 [info] > git config --get commit.template [8ms]
2025-05-14 15:33:49.409 [info] > git rev-parse --show-toplevel [6ms]
2025-05-14 15:33:49.409 [info] [Model][doInitialScan] Initial repository scan completed - repositories (1), closed repositories (0), parent repositories (0), unsafe repositories (0)
2025-05-14 15:33:49.410 [info] > git for-each-ref --format=%(refname)%00%(upstream:short)%00%(objectname)%00%(upstream:track)%00%(upstream:remotename)%00%(upstream:remoteref) refs/heads/main refs/remotes/main [2ms]
2025-05-14 15:33:49.417 [warning] [Git][revParse] Unable to read file: ENOENT: no such file or directory, open '/home/user/Documents/code/queryquest/.git/refs/remotes/origin/main'
2025-05-14 15:33:49.418 [info] > git rev-parse refs/remotes/origin/main [1ms]
2025-05-14 15:33:49.435 [info] > git for-each-ref --sort -committerdate --format %(refname)%00%(objectname)%00%(*objectname) [5ms]
2025-05-14 15:33:49.731 [info] > git status -z -uall [307ms]
2025-05-14 15:33:49.758 [info] > git for-each-ref --format=%(refname)%00%(upstream:short)%00%(objectname)%00%(upstream:track)%00%(upstream:remotename)%00%(upstream:remoteref) refs/heads/main refs/remotes/main [13ms]
2025-05-14 15:33:49.766 [info] > git config --get --local branch.main.vscode-merge-base [2ms]
2025-05-14 15:33:49.772 [info] > git config --get commit.template [14ms]
2025-05-14 15:33:49.778 [info] > git for-each-ref --format=%(refname)%00%(upstream:short)%00%(objectname)%00%(upstream:track)%00%(upstream:remotename)%00%(upstream:remoteref) refs/heads/origin/main refs/remotes/origin/main [7ms]
2025-05-14 15:33:49.785 [info] > git for-each-ref --format=%(refname)%00%(upstream:short)%00%(objectname)%00%(upstream:track)%00%(upstream:remotename)%00%(upstream:remoteref) refs/heads/main refs/remotes/main [7ms]
2025-05-14 15:33:49.816 [warning] [Git][revParse] Unable to read file: ENOENT: no such file or directory, open '/home/user/Documents/code/queryquest/.git/refs/remotes/origin/main'
2025-05-14 15:33:49.816 [info] > git merge-base refs/heads/main refs/remotes/origin/main [32ms]
2025-05-14 15:33:49.825 [info] > git rev-parse refs/remotes/origin/main [10ms]
2025-05-14 15:33:49.838 [info] > git diff --name-status -z --diff-filter=ADMR 3cd74cd96354b4aea25f4bb95309952ea81c2360...refs/remotes/origin/main [15ms]
2025-05-14 15:33:49.839 [info] > git for-each-ref --sort -committerdate --format %(refname)%00%(objectname)%00%(*objectname) [2ms]
2025-05-14 15:33:50.221 [info] > git status -z -uall [391ms]
2025-05-14 15:33:52.370 [info] > git check-ignore -v -z --stdin [1ms]
2025-05-14 15:33:54.150 [info] > git show --textconv :frontend/src/pages/RegistrationPage.vue [14ms]
2025-05-14 15:33:54.151 [info] > git ls-files --stage -- frontend/src/pages/RegistrationPage.vue [2ms]
2025-05-14 15:33:54.166 [info] > git cat-file -s 14a0e3df00bdf76223d685bcbc367cff412112fd [1ms]
2025-05-14 15:33:54.678 [info] > git blame --root --incremental 3cd74cd96354b4aea25f4bb95309952ea81c2360 -- frontend/src/pages/RegistrationPage.vue [2ms]
2025-05-14 15:36:39.521 [info] > git config --get commit.template [9ms]
2025-05-14 15:36:39.521 [info] > git for-each-ref --format=%(refname)%00%(upstream:short)%00%(objectname)%00%(upstream:track)%00%(upstream:remotename)%00%(upstream:remoteref) refs/heads/main refs/remotes/main [1ms]
2025-05-14 15:36:39.528 [warning] [Git][revParse] Unable to read file: ENOENT: no such file or directory, open '/home/user/Documents/code/queryquest/.git/refs/remotes/origin/main'
2025-05-14 15:36:39.529 [info] > git rev-parse refs/remotes/origin/main [1ms]
2025-05-14 15:36:39.543 [info] > git for-each-ref --sort -committerdate --format %(refname)%00%(objectname)%00%(*objectname) [0ms]
2025-05-14 15:36:39.616 [info] > git status -z -uall [80ms]
2025-05-14 15:36:45.143 [info] > git config --get commit.template [10ms]
2025-05-14 15:36:45.143 [info] > git for-each-ref --format=%(refname)%00%(upstream:short)%00%(objectname)%00%(upstream:track)%00%(upstream:remotename)%00%(upstream:remoteref) refs/heads/main refs/remotes/main [1ms]
2025-05-14 15:36:45.151 [warning] [Git][revParse] Unable to read file: ENOENT: no such file or directory, open '/home/user/Documents/code/queryquest/.git/refs/remotes/origin/main'
2025-05-14 15:36:45.151 [info] > git rev-parse refs/remotes/origin/main [0ms]
2025-05-14 15:36:45.167 [info] > git for-each-ref --sort -committerdate --format %(refname)%00%(objectname)%00%(*objectname) [1ms]
2025-05-14 15:36:45.238 [info] > git status -z -uall [80ms]
2025-05-14 15:38:11.087 [info] > git config --get commit.template [9ms]
2025-05-14 15:38:11.088 [info] > git for-each-ref --format=%(refname)%00%(upstream:short)%00%(objectname)%00%(upstream:track)%00%(upstream:remotename)%00%(upstream:remoteref) refs/heads/main refs/remotes/main [1ms]
2025-05-14 15:38:11.095 [warning] [Git][revParse] Unable to read file: ENOENT: no such file or directory, open '/home/user/Documents/code/queryquest/.git/refs/remotes/origin/main'
2025-05-14 15:38:11.096 [info] > git rev-parse refs/remotes/origin/main [1ms]
2025-05-14 15:38:11.112 [info] > git for-each-ref --sort -committerdate --format %(refname)%00%(objectname)%00%(*objectname) [1ms]
2025-05-14 15:38:11.181 [info] > git status -z -uall [78ms]
2025-05-14 15:38:24.941 [info] > git config --get commit.template [10ms]
2025-05-14 15:38:24.942 [info] > git for-each-ref --format=%(refname)%00%(upstream:short)%00%(objectname)%00%(upstream:track)%00%(upstream:remotename)%00%(upstream:remoteref) refs/heads/main refs/remotes/main [1ms]
2025-05-14 15:38:24.951 [warning] [Git][revParse] Unable to read file: ENOENT: no such file or directory, open '/home/user/Documents/code/queryquest/.git/refs/remotes/origin/main'
2025-05-14 15:38:24.951 [info] > git rev-parse refs/remotes/origin/main [1ms]
2025-05-14 15:38:24.967 [info] > git for-each-ref --sort -committerdate --format %(refname)%00%(objectname)%00%(*objectname) [1ms]
2025-05-14 15:38:25.037 [info] > git status -z -uall [79ms]
2025-05-14 15:38:36.907 [info] > git config --get commit.template [9ms]
2025-05-14 15:38:36.907 [info] > git for-each-ref --format=%(refname)%00%(upstream:short)%00%(objectname)%00%(upstream:track)%00%(upstream:remotename)%00%(upstream:remoteref) refs/heads/main refs/remotes/main [1ms]
2025-05-14 15:38:36.915 [warning] [Git][revParse] Unable to read file: ENOENT: no such file or directory, open '/home/user/Documents/code/queryquest/.git/refs/remotes/origin/main'
2025-05-14 15:38:36.916 [info] > git rev-parse refs/remotes/origin/main [1ms]
2025-05-14 15:38:36.931 [info] > git for-each-ref --sort -committerdate --format %(refname)%00%(objectname)%00%(*objectname) [1ms]
2025-05-14 15:38:37.001 [info] > git status -z -uall [78ms]
2025-05-14 15:38:42.013 [info] > git config --get commit.template [1ms]
2025-05-14 15:38:42.021 [info] > git for-each-ref --format=%(refname)%00%(upstream:short)%00%(objectname)%00%(upstream:track)%00%(upstream:remotename)%00%(upstream:remoteref) refs/heads/main refs/remotes/main [1ms]
2025-05-14 15:38:42.027 [warning] [Git][revParse] Unable to read file: ENOENT: no such file or directory, open '/home/user/Documents/code/queryquest/.git/refs/remotes/origin/main'
2025-05-14 15:38:42.028 [info] > git rev-parse refs/remotes/origin/main [1ms]
2025-05-14 15:38:42.042 [info] > git for-each-ref --sort -committerdate --format %(refname)%00%(objectname)%00%(*objectname) [1ms]
2025-05-14 15:38:42.114 [info] > git status -z -uall [79ms]
2025-05-14 15:38:43.062 [info] > git check-ignore -v -z --stdin [1ms]
2025-05-14 15:38:48.729 [info] > git show --textconv :frontend/src/components/CreateTestBtn.vue [8ms]
2025-05-14 15:38:48.729 [info] > git ls-files --stage -- frontend/src/components/CreateTestBtn.vue [1ms]
2025-05-14 15:38:48.737 [info] > git cat-file -s 88f0e430a9d328592539c6093754dcfc839e6155 [1ms]
2025-05-14 15:38:57.023 [info] > git blame --root --incremental 3cd74cd96354b4aea25f4bb95309952ea81c2360 -- frontend/src/components/CreateTestBtn.vue [1ms]
2025-05-14 15:39:46.195 [info] > git check-ignore -v -z --stdin [0ms]
2025-05-14 15:39:53.874 [info] > git check-ignore -v -z --stdin [1ms]
2025-05-14 15:39:56.935 [info] > git check-ignore -v -z --stdin [1ms]
2025-05-14 15:39:59.628 [info] > git show --textconv :backend/sqlite_query_service/endpoints/sql.py [13ms]
2025-05-14 15:39:59.628 [info] > git ls-files --stage -- backend/sqlite_query_service/endpoints/sql.py [2ms]
2025-05-14 15:39:59.644 [info] > git cat-file -s fc7c28f60f6a537a2b35bfcaac559c0159f740a7 [6ms]
2025-05-14 15:40:00.742 [info] > git blame --root --incremental 3cd74cd96354b4aea25f4bb95309952ea81c2360 -- backend/sqlite_query_service/endpoints/sql.py [1ms]
2025-05-14 15:40:24.576 [info] > git show --textconv :frontend/src/components/ResponseTable.vue [8ms]
2025-05-14 15:40:24.576 [info] > git ls-files --stage -- frontend/src/components/ResponseTable.vue [1ms]
2025-05-14 15:40:24.583 [info] > git cat-file -s 787c5b3edee961add7262a97e23e14ef182e7c62 [0ms]
2025-05-14 15:40:30.221 [info] > git blame --root --incremental 3cd74cd96354b4aea25f4bb95309952ea81c2360 -- frontend/src/components/ResponseTable.vue [2ms]
2025-05-14 15:40:36.864 [info] > git show --textconv :frontend/src/pages/SolveTestPage.vue [9ms]
2025-05-14 15:40:36.865 [info] > git ls-files --stage -- frontend/src/pages/SolveTestPage.vue [1ms]
2025-05-14 15:40:36.873 [info] > git cat-file -s 6f9b949a1c4f42c699d60d99231688d32538fa2f [1ms]
2025-05-14 15:40:48.175 [info] > git blame --root --incremental 3cd74cd96354b4aea25f4bb95309952ea81c2360 -- frontend/src/pages/SolveTestPage.vue [1ms]
2025-05-14 15:41:02.605 [info] > git check-ignore -v -z --stdin [1ms]
2025-05-14 15:41:03.485 [info] > git check-ignore -v -z --stdin [0ms]
2025-05-14 15:41:05.117 [info] > git show --textconv :frontend/src/api/config.js [13ms]
2025-05-14 15:41:05.117 [info] > git ls-files --stage -- frontend/src/api/config.js [1ms]
2025-05-14 15:41:05.128 [info] > git cat-file -s 8e067377ad781ee8bc102c3b0564dd15f2061d3b [1ms]
2025-05-14 15:41:07.610 [info] > git show --textconv :frontend/src/api/index.js [8ms]
2025-05-14 15:41:07.610 [info] > git ls-files --stage -- frontend/src/api/index.js [1ms]
2025-05-14 15:41:07.618 [info] > git cat-file -s df21475761f761756955fafbe172179d23f2281e [1ms]
2025-05-14 15:41:10.516 [info] > git blame --root --incremental 3cd74cd96354b4aea25f4bb95309952ea81c2360 -- frontend/src/api/index.js [1ms]
2025-05-14 15:41:40.921 [info] > git config --get commit.template [10ms]
2025-05-14 15:41:40.921 [info] > git for-each-ref --format=%(refname)%00%(upstream:short)%00%(objectname)%00%(upstream:track)%00%(upstream:remotename)%00%(upstream:remoteref) refs/heads/main refs/remotes/main [1ms]
2025-05-14 15:41:40.929 [warning] [Git][revParse] Unable to read file: ENOENT: no such file or directory, open '/home/user/Documents/code/queryquest/.git/refs/remotes/origin/main'
2025-05-14 15:41:40.930 [info] > git rev-parse refs/remotes/origin/main [1ms]
2025-05-14 15:41:40.946 [info] > git for-each-ref --sort -committerdate --format %(refname)%00%(objectname)%00%(*objectname) [1ms]
2025-05-14 15:41:41.016 [info] > git status -z -uall [79ms]
2025-05-14 15:41:46.035 [info] > git config --get commit.template [7ms]
2025-05-14 15:41:46.036 [info] > git for-each-ref --format=%(refname)%00%(upstream:short)%00%(objectname)%00%(upstream:track)%00%(upstream:remotename)%00%(upstream:remoteref) refs/heads/main refs/remotes/main [1ms]
2025-05-14 15:41:46.043 [warning] [Git][revParse] Unable to read file: ENOENT: no such file or directory, open '/home/user/Documents/code/queryquest/.git/refs/remotes/origin/main'
2025-05-14 15:41:46.043 [info] > git rev-parse refs/remotes/origin/main [0ms]
2025-05-14 15:41:46.057 [info] > git for-each-ref --sort -committerdate --format %(refname)%00%(objectname)%00%(*objectname) [0ms]
2025-05-14 15:41:46.127 [info] > git status -z -uall [77ms]
2025-05-14 15:41:47.381 [info] > git show --textconv :frontend/src/components/CreateQuestionBtn.vue [8ms]
2025-05-14 15:41:47.381 [info] > git ls-files --stage -- frontend/src/components/CreateQuestionBtn.vue [1ms]
2025-05-14 15:41:47.389 [info] > git cat-file -s 242d225d9e0979edfb2697e01564fb27411ced74 [1ms]
2025-05-14 15:41:47.959 [info] > git show --textconv :frontend/src/components/CreateTestBtn.vue [8ms]
2025-05-14 15:41:47.960 [info] > git ls-files --stage -- frontend/src/components/CreateTestBtn.vue [1ms]
2025-05-14 15:41:47.967 [info] > git cat-file -s 88f0e430a9d328592539c6093754dcfc839e6155 [1ms]
2025-05-14 15:42:06.528 [info] > git show --textconv :frontend/src/pages/SolveTestPage.vue [7ms]
2025-05-14 15:42:06.529 [info] > git ls-files --stage -- frontend/src/pages/SolveTestPage.vue [1ms]
2025-05-14 15:42:06.537 [info] > git cat-file -s 6f9b949a1c4f42c699d60d99231688d32538fa2f [1ms]
2025-05-14 15:42:29.241 [info] > git show --textconv :frontend/src/api/index.js [9ms]
2025-05-14 15:42:29.241 [info] > git ls-files --stage -- frontend/src/api/index.js [0ms]
2025-05-14 15:42:29.250 [info] > git cat-file -s df21475761f761756955fafbe172179d23f2281e [1ms]
2025-05-14 15:42:43.458 [info] > git show --textconv :backend/sqlite_query_service/endpoints/sql.py [8ms]
2025-05-14 15:42:43.459 [info] > git ls-files --stage -- backend/sqlite_query_service/endpoints/sql.py [1ms]
2025-05-14 15:42:43.467 [info] > git cat-file -s fc7c28f60f6a537a2b35bfcaac559c0159f740a7 [1ms]
2025-05-14 15:43:17.279 [info] > git config --get commit.template [9ms]
2025-05-14 15:43:17.280 [info] > git for-each-ref --format=%(refname)%00%(upstream:short)%00%(objectname)%00%(upstream:track)%00%(upstream:remotename)%00%(upstream:remoteref) refs/heads/main refs/remotes/main [1ms]
2025-05-14 15:43:17.288 [warning] [Git][revParse] Unable to read file: ENOENT: no such file or directory, open '/home/user/Documents/code/queryquest/.git/refs/remotes/origin/main'
2025-05-14 15:43:17.288 [info] > git rev-parse refs/remotes/origin/main [0ms]
2025-05-14 15:43:17.304 [info] > git for-each-ref --sort -committerdate --format %(refname)%00%(objectname)%00%(*objectname) [1ms]
2025-05-14 15:43:17.374 [info] > git status -z -uall [78ms]
2025-05-14 15:43:23.279 [info] > git config --get commit.template [9ms]
2025-05-14 15:43:23.280 [info] > git for-each-ref --format=%(refname)%00%(upstream:short)%00%(objectname)%00%(upstream:track)%00%(upstream:remotename)%00%(upstream:remoteref) refs/heads/main refs/remotes/main [1ms]
2025-05-14 15:43:23.287 [warning] [Git][revParse] Unable to read file: ENOENT: no such file or directory, open '/home/user/Documents/code/queryquest/.git/refs/remotes/origin/main'
2025-05-14 15:43:23.288 [info] > git rev-parse refs/remotes/origin/main [1ms]
2025-05-14 15:43:23.305 [info] > git for-each-ref --sort -committerdate --format %(refname)%00%(objectname)%00%(*objectname) [0ms]
2025-05-14 15:43:23.375 [info] > git status -z -uall [79ms]
2025-05-14 15:44:55.807 [info] > git show --textconv :frontend/src/components/CreateTestBtn.vue [8ms]
2025-05-14 15:44:55.807 [info] > git ls-files --stage -- frontend/src/components/CreateTestBtn.vue [1ms]
2025-05-14 15:44:55.815 [info] > git cat-file -s 88f0e430a9d328592539c6093754dcfc839e6155 [1ms]
2025-05-14 15:47:08.676 [info] > git config --get commit.template [10ms]
2025-05-14 15:47:08.677 [info] > git for-each-ref --format=%(refname)%00%(upstream:short)%00%(objectname)%00%(upstream:track)%00%(upstream:remotename)%00%(upstream:remoteref) refs/heads/main refs/remotes/main [1ms]
2025-05-14 15:47:08.685 [warning] [Git][revParse] Unable to read file: ENOENT: no such file or directory, open '/home/user/Documents/code/queryquest/.git/refs/remotes/origin/main'
2025-05-14 15:47:08.686 [info] > git rev-parse refs/remotes/origin/main [1ms]
2025-05-14 15:47:08.703 [info] > git for-each-ref --sort -committerdate --format %(refname)%00%(objectname)%00%(*objectname) [1ms]
2025-05-14 15:47:08.772 [info] > git status -z -uall [79ms]
2025-05-14 15:49:38.513 [info] > git config --get commit.template [9ms]
2025-05-14 15:49:38.514 [info] > git for-each-ref --format=%(refname)%00%(upstream:short)%00%(objectname)%00%(upstream:track)%00%(upstream:remotename)%00%(upstream:remoteref) refs/heads/main refs/remotes/main [1ms]
2025-05-14 15:49:38.521 [warning] [Git][revParse] Unable to read file: ENOENT: no such file or directory, open '/home/user/Documents/code/queryquest/.git/refs/remotes/origin/main'
2025-05-14 15:49:38.522 [info] > git rev-parse refs/remotes/origin/main [1ms]
2025-05-14 15:49:38.537 [info] > git for-each-ref --sort -committerdate --format %(refname)%00%(objectname)%00%(*objectname) [1ms]
2025-05-14 15:49:38.607 [info] > git status -z -uall [78ms]
2025-05-14 15:49:43.626 [info] > git config --get commit.template [8ms]
2025-05-14 15:49:43.626 [info] > git for-each-ref --format=%(refname)%00%(upstream:short)%00%(objectname)%00%(upstream:track)%00%(upstream:remotename)%00%(upstream:remoteref) refs/heads/main refs/remotes/main [1ms]
2025-05-14 15:49:43.633 [warning] [Git][revParse] Unable to read file: ENOENT: no such file or directory, open '/home/user/Documents/code/queryquest/.git/refs/remotes/origin/main'
2025-05-14 15:49:43.634 [info] > git rev-parse refs/remotes/origin/main [1ms]
2025-05-14 15:49:43.648 [info] > git for-each-ref --sort -committerdate --format %(refname)%00%(objectname)%00%(*objectname) [0ms]
2025-05-14 15:49:43.718 [info] > git status -z -uall [77ms]
2025-05-14 15:50:17.365 [info] > git config --get commit.template [10ms]
2025-05-14 15:50:17.366 [info] > git for-each-ref --format=%(refname)%00%(upstream:short)%00%(objectname)%00%(upstream:track)%00%(upstream:remotename)%00%(upstream:remoteref) refs/heads/main refs/remotes/main [1ms]
2025-05-14 15:50:17.374 [warning] [Git][revParse] Unable to read file: ENOENT: no such file or directory, open '/home/user/Documents/code/queryquest/.git/refs/remotes/origin/main'
2025-05-14 15:50:17.374 [info] > git rev-parse refs/remotes/origin/main [0ms]
2025-05-14 15:50:17.390 [info] > git for-each-ref --sort -committerdate --format %(refname)%00%(objectname)%00%(*objectname) [1ms]
2025-05-14 15:50:17.460 [info] > git status -z -uall [79ms]
2025-05-14 15:50:18.391 [info] > git show --textconv :frontend/src/pages/SolveTestPage.vue [7ms]
2025-05-14 15:50:18.392 [info] > git ls-files --stage -- frontend/src/pages/SolveTestPage.vue [1ms]
2025-05-14 15:50:18.399 [info] > git cat-file -s 6f9b949a1c4f42c699d60d99231688d32538fa2f [1ms]
2025-05-14 15:50:18.979 [info] > git show --textconv :frontend/src/components/CreateTestBtn.vue [8ms]
2025-05-14 15:50:18.979 [info] > git ls-files --stage -- frontend/src/components/CreateTestBtn.vue [1ms]
2025-05-14 15:50:18.987 [info] > git cat-file -s 88f0e430a9d328592539c6093754dcfc839e6155 [1ms]
2025-05-14 15:50:22.481 [info] > git config --get commit.template [8ms]
2025-05-14 15:50:22.481 [info] > git for-each-ref --format=%(refname)%00%(upstream:short)%00%(objectname)%00%(upstream:track)%00%(upstream:remotename)%00%(upstream:remoteref) refs/heads/main refs/remotes/main [1ms]
2025-05-14 15:50:22.488 [warning] [Git][revParse] Unable to read file: ENOENT: no such file or directory, open '/home/user/Documents/code/queryquest/.git/refs/remotes/origin/main'
2025-05-14 15:50:22.489 [info] > git rev-parse refs/remotes/origin/main [1ms]
2025-05-14 15:50:22.518 [info] > git for-each-ref --sort -committerdate --format %(refname)%00%(objectname)%00%(*objectname) [2ms]
2025-05-14 15:50:22.585 [info] > git status -z -uall [86ms]
2025-05-14 15:50:22.719 [info] > git show --textconv :frontend/src/components/CreateQuestionBtn.vue [7ms]
2025-05-14 15:50:22.720 [info] > git ls-files --stage -- frontend/src/components/CreateQuestionBtn.vue [1ms]
2025-05-14 15:50:22.727 [info] > git cat-file -s 242d225d9e0979edfb2697e01564fb27411ced74 [1ms]
2025-05-14 15:50:30.097 [info] > git blame --root --incremental 3cd74cd96354b4aea25f4bb95309952ea81c2360 -- frontend/src/components/CreateQuestionBtn.vue [1ms]
2025-05-14 15:51:56.384 [info] > git config --get commit.template [10ms]
2025-05-14 15:51:56.384 [info] > git for-each-ref --format=%(refname)%00%(upstream:short)%00%(objectname)%00%(upstream:track)%00%(upstream:remotename)%00%(upstream:remoteref) refs/heads/main refs/remotes/main [1ms]
2025-05-14 15:51:56.392 [warning] [Git][revParse] Unable to read file: ENOENT: no such file or directory, open '/home/user/Documents/code/queryquest/.git/refs/remotes/origin/main'
2025-05-14 15:51:56.393 [info] > git rev-parse refs/remotes/origin/main [1ms]
2025-05-14 15:51:56.409 [info] > git for-each-ref --sort -committerdate --format %(refname)%00%(objectname)%00%(*objectname) [1ms]
2025-05-14 15:51:56.479 [info] > git status -z -uall [78ms]
2025-05-14 15:52:20.750 [info] > git config --get commit.template [9ms]
2025-05-14 15:52:20.751 [info] > git for-each-ref --format=%(refname)%00%(upstream:short)%00%(objectname)%00%(upstream:track)%00%(upstream:remotename)%00%(upstream:remoteref) refs/heads/main refs/remotes/main [1ms]
2025-05-14 15:52:20.759 [warning] [Git][revParse] Unable to read file: ENOENT: no such file or directory, open '/home/user/Documents/code/queryquest/.git/refs/remotes/origin/main'
2025-05-14 15:52:20.760 [info] > git rev-parse refs/remotes/origin/main [1ms]
2025-05-14 15:52:20.775 [info] > git for-each-ref --sort -committerdate --format %(refname)%00%(objectname)%00%(*objectname) [1ms]
2025-05-14 15:52:20.845 [info] > git status -z -uall [78ms]
2025-05-14 15:53:09.993 [info] > git config --get commit.template [14ms]
2025-05-14 15:53:09.994 [info] > git for-each-ref --format=%(refname)%00%(upstream:short)%00%(objectname)%00%(upstream:track)%00%(upstream:remotename)%00%(upstream:remoteref) refs/heads/main refs/remotes/main [1ms]
2025-05-14 15:53:10.004 [warning] [Git][revParse] Unable to read file: ENOENT: no such file or directory, open '/home/user/Documents/code/queryquest/.git/refs/remotes/origin/main'
2025-05-14 15:53:10.005 [info] > git rev-parse refs/remotes/origin/main [1ms]
2025-05-14 15:53:10.023 [info] > git for-each-ref --sort -committerdate --format %(refname)%00%(objectname)%00%(*objectname) [1ms]
2025-05-14 15:53:10.095 [info] > git status -z -uall [82ms]
2025-05-14 15:53:16.822 [info] > git config --get commit.template [1ms]
2025-05-14 15:53:16.836 [info] > git for-each-ref --format=%(refname)%00%(upstream:short)%00%(objectname)%00%(upstream:track)%00%(upstream:remotename)%00%(upstream:remoteref) refs/heads/main refs/remotes/main [1ms]
2025-05-14 15:53:16.849 [warning] [Git][revParse] Unable to read file: ENOENT: no such file or directory, open '/home/user/Documents/code/queryquest/.git/refs/remotes/origin/main'
2025-05-14 15:53:16.850 [info] > git rev-parse refs/remotes/origin/main [1ms]
2025-05-14 15:53:16.867 [info] > git for-each-ref --sort -committerdate --format %(refname)%00%(objectname)%00%(*objectname) [1ms]
2025-05-14 15:53:16.935 [info] > git status -z -uall [77ms]
2025-05-14 15:53:19.918 [info] > git show --textconv :frontend/src/pages/SolveTestPage.vue [8ms]
2025-05-14 15:53:19.918 [info] > git ls-files --stage -- frontend/src/pages/SolveTestPage.vue [1ms]
2025-05-14 15:53:19.926 [info] > git cat-file -s 6f9b949a1c4f42c699d60d99231688d32538fa2f [1ms]
2025-05-14 15:53:50.148 [info] > git config --get commit.template [11ms]
2025-05-14 15:53:50.148 [info] > git for-each-ref --format=%(refname)%00%(upstream:short)%00%(objectname)%00%(upstream:track)%00%(upstream:remotename)%00%(upstream:remoteref) refs/heads/main refs/remotes/main [0ms]
2025-05-14 15:53:50.158 [warning] [Git][revParse] Unable to read file: ENOENT: no such file or directory, open '/home/user/Documents/code/queryquest/.git/refs/remotes/origin/main'
2025-05-14 15:53:50.158 [info] > git rev-parse refs/remotes/origin/main [0ms]
2025-05-14 15:53:50.175 [info] > git for-each-ref --sort -committerdate --format %(refname)%00%(objectname)%00%(*objectname) [1ms]
2025-05-14 15:53:50.245 [info] > git status -z -uall [79ms]
2025-05-14 15:54:07.729 [info] > git config --get commit.template [11ms]
2025-05-14 15:54:07.729 [info] > git for-each-ref --format=%(refname)%00%(upstream:short)%00%(objectname)%00%(upstream:track)%00%(upstream:remotename)%00%(upstream:remoteref) refs/heads/main refs/remotes/main [1ms]
2025-05-14 15:54:07.738 [warning] [Git][revParse] Unable to read file: ENOENT: no such file or directory, open '/home/user/Documents/code/queryquest/.git/refs/remotes/origin/main'
2025-05-14 15:54:07.739 [info] > git rev-parse refs/remotes/origin/main [1ms]
2025-05-14 15:54:07.756 [info] > git for-each-ref --sort -committerdate --format %(refname)%00%(objectname)%00%(*objectname) [1ms]
2025-05-14 15:54:07.827 [info] > git status -z -uall [80ms]
2025-05-14 15:54:37.717 [info] > git config --get commit.template [10ms]
2025-05-14 15:54:37.717 [info] > git for-each-ref --format=%(refname)%00%(upstream:short)%00%(objectname)%00%(upstream:track)%00%(upstream:remotename)%00%(upstream:remoteref) refs/heads/main refs/remotes/main [1ms]
2025-05-14 15:54:37.725 [warning] [Git][revParse] Unable to read file: ENOENT: no such file or directory, open '/home/user/Documents/code/queryquest/.git/refs/remotes/origin/main'
2025-05-14 15:54:37.726 [info] > git rev-parse refs/remotes/origin/main [1ms]
2025-05-14 15:54:37.740 [info] > git for-each-ref --sort -committerdate --format %(refname)%00%(objectname)%00%(*objectname) [0ms]
2025-05-14 15:54:37.810 [info] > git status -z -uall [77ms]
2025-05-14 15:54:42.830 [info] > git config --get commit.template [7ms]
2025-05-14 15:54:42.830 [info] > git for-each-ref --format=%(refname)%00%(upstream:short)%00%(objectname)%00%(upstream:track)%00%(upstream:remotename)%00%(upstream:remoteref) refs/heads/main refs/remotes/main [1ms]
2025-05-14 15:54:42.837 [warning] [Git][revParse] Unable to read file: ENOENT: no such file or directory, open '/home/user/Documents/code/queryquest/.git/refs/remotes/origin/main'
2025-05-14 15:54:42.837 [info] > git rev-parse refs/remotes/origin/main [0ms]
2025-05-14 15:54:42.851 [info] > git for-each-ref --sort -committerdate --format %(refname)%00%(objectname)%00%(*objectname) [0ms]
2025-05-14 15:54:42.922 [info] > git status -z -uall [78ms]
2025-05-14 15:54:48.440 [info] > git show --textconv :frontend/src/pages/TestPage.vue [7ms]
2025-05-14 15:54:48.440 [info] > git ls-files --stage -- frontend/src/pages/TestPage.vue [1ms]
2025-05-14 15:54:48.448 [info] > git cat-file -s 5a37d39ed2cba5401b77a009e7cc028985d3f7da [1ms]
2025-05-14 15:54:48.873 [info] > git blame --root --incremental 3cd74cd96354b4aea25f4bb95309952ea81c2360 -- frontend/src/pages/TestPage.vue [2ms]
2025-05-14 15:56:17.370 [info] > git config --get commit.template [1ms]
2025-05-14 15:56:17.380 [info] > git for-each-ref --format=%(refname)%00%(upstream:short)%00%(objectname)%00%(upstream:track)%00%(upstream:remotename)%00%(upstream:remoteref) refs/heads/main refs/remotes/main [1ms]
2025-05-14 15:56:17.388 [warning] [Git][revParse] Unable to read file: ENOENT: no such file or directory, open '/home/user/Documents/code/queryquest/.git/refs/remotes/origin/main'
2025-05-14 15:56:17.388 [info] > git rev-parse refs/remotes/origin/main [0ms]
2025-05-14 15:56:17.403 [info] > git for-each-ref --sort -committerdate --format %(refname)%00%(objectname)%00%(*objectname) [0ms]
2025-05-14 15:56:17.474 [info] > git status -z -uall [78ms]
2025-05-14 15:57:36.796 [info] > git config --get commit.template [10ms]
2025-05-14 15:57:36.796 [info] > git for-each-ref --format=%(refname)%00%(upstream:short)%00%(objectname)%00%(upstream:track)%00%(upstream:remotename)%00%(upstream:remoteref) refs/heads/main refs/remotes/main [0ms]
2025-05-14 15:57:36.804 [warning] [Git][revParse] Unable to read file: ENOENT: no such file or directory, open '/home/user/Documents/code/queryquest/.git/refs/remotes/origin/main'
2025-05-14 15:57:36.805 [info] > git rev-parse refs/remotes/origin/main [1ms]
2025-05-14 15:57:36.821 [info] > git for-each-ref --sort -committerdate --format %(refname)%00%(objectname)%00%(*objectname) [1ms]
2025-05-14 15:57:36.893 [info] > git status -z -uall [80ms]
2025-05-14 15:57:39.395 [info] > git check-ignore -v -z --stdin [1ms]
2025-05-14 15:57:41.912 [info] > git config --get commit.template [7ms]
2025-05-14 15:57:41.912 [info] > git for-each-ref --format=%(refname)%00%(upstream:short)%00%(objectname)%00%(upstream:track)%00%(upstream:remotename)%00%(upstream:remoteref) refs/heads/main refs/remotes/main [1ms]
2025-05-14 15:57:41.919 [warning] [Git][revParse] Unable to read file: ENOENT: no such file or directory, open '/home/user/Documents/code/queryquest/.git/refs/remotes/origin/main'
2025-05-14 15:57:41.920 [info] > git rev-parse refs/remotes/origin/main [1ms]
2025-05-14 15:57:41.936 [info] > git for-each-ref --sort -committerdate --format %(refname)%00%(objectname)%00%(*objectname) [1ms]
2025-05-14 15:57:42.006 [info] > git status -z -uall [79ms]
2025-05-14 15:57:45.244 [info] > git show --textconv :backend/sqlite_query_service/main.py [7ms]
2025-05-14 15:57:45.245 [info] > git ls-files --stage -- backend/sqlite_query_service/main.py [1ms]
2025-05-14 15:57:45.252 [info] > git cat-file -s 9df20b74825d67f22f3edc8e03074492b1d29406 [0ms]
2025-05-14 15:57:46.372 [info] > git blame --root --incremental 3cd74cd96354b4aea25f4bb95309952ea81c2360 -- backend/sqlite_query_service/main.py [1ms]
2025-05-14 15:59:15.718 [info] > git config --get commit.template [8ms]
2025-05-14 15:59:15.718 [info] > git for-each-ref --format=%(refname)%00%(upstream:short)%00%(objectname)%00%(upstream:track)%00%(upstream:remotename)%00%(upstream:remoteref) refs/heads/main refs/remotes/main [1ms]
2025-05-14 15:59:15.725 [warning] [Git][revParse] Unable to read file: ENOENT: no such file or directory, open '/home/user/Documents/code/queryquest/.git/refs/remotes/origin/main'
2025-05-14 15:59:15.726 [info] > git rev-parse refs/remotes/origin/main [1ms]
2025-05-14 15:59:15.740 [info] > git for-each-ref --sort -committerdate --format %(refname)%00%(objectname)%00%(*objectname) [0ms]
2025-05-14 15:59:15.811 [info] > git status -z -uall [79ms]
2025-05-14 15:59:21.158 [info] > git config --get commit.template [9ms]
2025-05-14 15:59:21.158 [info] > git for-each-ref --format=%(refname)%00%(upstream:short)%00%(objectname)%00%(upstream:track)%00%(upstream:remotename)%00%(upstream:remoteref) refs/heads/main refs/remotes/main [1ms]
2025-05-14 15:59:21.166 [warning] [Git][revParse] Unable to read file: ENOENT: no such file or directory, open '/home/user/Documents/code/queryquest/.git/refs/remotes/origin/main'
2025-05-14 15:59:21.166 [info] > git rev-parse refs/remotes/origin/main [0ms]
2025-05-14 15:59:21.183 [info] > git for-each-ref --sort -committerdate --format %(refname)%00%(objectname)%00%(*objectname) [1ms]
2025-05-14 15:59:21.253 [info] > git status -z -uall [79ms]
2025-05-14 16:00:01.096 [info] > git config --get commit.template [7ms]
2025-05-14 16:00:01.097 [info] > git for-each-ref --format=%(refname)%00%(upstream:short)%00%(objectname)%00%(upstream:track)%00%(upstream:remotename)%00%(upstream:remoteref) refs/heads/main refs/remotes/main [1ms]
2025-05-14 16:00:01.104 [warning] [Git][revParse] Unable to read file: ENOENT: no such file or directory, open '/home/user/Documents/code/queryquest/.git/refs/remotes/origin/main'
2025-05-14 16:00:01.104 [info] > git rev-parse refs/remotes/origin/main [0ms]
2025-05-14 16:00:01.119 [info] > git for-each-ref --sort -committerdate --format %(refname)%00%(objectname)%00%(*objectname) [0ms]
2025-05-14 16:00:01.189 [info] > git status -z -uall [78ms]
2025-05-14 16:00:41.240 [info] > git config --get commit.template [9ms]
2025-05-14 16:00:41.240 [info] > git for-each-ref --format=%(refname)%00%(upstream:short)%00%(objectname)%00%(upstream:track)%00%(upstream:remotename)%00%(upstream:remoteref) refs/heads/main refs/remotes/main [1ms]
2025-05-14 16:00:41.248 [warning] [Git][revParse] Unable to read file: ENOENT: no such file or directory, open '/home/user/Documents/code/queryquest/.git/refs/remotes/origin/main'
2025-05-14 16:00:41.249 [info] > git rev-parse refs/remotes/origin/main [1ms]
2025-05-14 16:00:41.264 [info] > git for-each-ref --sort -committerdate --format %(refname)%00%(objectname)%00%(*objectname) [1ms]
2025-05-14 16:00:41.334 [info] > git status -z -uall [78ms]
2025-05-14 16:00:46.353 [info] > git config --get commit.template [7ms]
2025-05-14 16:00:46.353 [info] > git for-each-ref --format=%(refname)%00%(upstream:short)%00%(objectname)%00%(upstream:track)%00%(upstream:remotename)%00%(upstream:remoteref) refs/heads/main refs/remotes/main [0ms]
2025-05-14 16:00:46.360 [warning] [Git][revParse] Unable to read file: ENOENT: no such file or directory, open '/home/user/Documents/code/queryquest/.git/refs/remotes/origin/main'
2025-05-14 16:00:46.361 [info] > git rev-parse refs/remotes/origin/main [1ms]
2025-05-14 16:00:46.375 [info] > git for-each-ref --sort -committerdate --format %(refname)%00%(objectname)%00%(*objectname) [1ms]
2025-05-14 16:00:46.445 [info] > git status -z -uall [78ms]
2025-05-14 16:02:32.020 [info] > git check-ignore -v -z --stdin [0ms]
2025-05-14 16:02:34.920 [info] > git config --get commit.template [11ms]
2025-05-14 16:02:34.920 [info] > git for-each-ref --format=%(refname)%00%(upstream:short)%00%(objectname)%00%(upstream:track)%00%(upstream:remotename)%00%(upstream:remoteref) refs/heads/main refs/remotes/main [1ms]
2025-05-14 16:02:34.928 [warning] [Git][revParse] Unable to read file: ENOENT: no such file or directory, open '/home/user/Documents/code/queryquest/.git/refs/remotes/origin/main'
2025-05-14 16:02:34.929 [info] > git rev-parse refs/remotes/origin/main [1ms]
2025-05-14 16:02:34.945 [info] > git for-each-ref --sort -committerdate --format %(refname)%00%(objectname)%00%(*objectname) [1ms]
2025-05-14 16:02:35.015 [info] > git status -z -uall [79ms]
2025-05-14 16:02:38.988 [info] > git show --textconv :frontend/src/api/index.js [8ms]
2025-05-14 16:02:38.988 [info] > git ls-files --stage -- frontend/src/api/index.js [1ms]
2025-05-14 16:02:38.996 [info] > git cat-file -s df21475761f761756955fafbe172179d23f2281e [1ms]
2025-05-14 16:02:40.026 [info] > git config --get commit.template [0ms]
2025-05-14 16:02:40.035 [info] > git for-each-ref --format=%(refname)%00%(upstream:short)%00%(objectname)%00%(upstream:track)%00%(upstream:remotename)%00%(upstream:remoteref) refs/heads/main refs/remotes/main [1ms]
2025-05-14 16:02:40.042 [warning] [Git][revParse] Unable to read file: ENOENT: no such file or directory, open '/home/user/Documents/code/queryquest/.git/refs/remotes/origin/main'
2025-05-14 16:02:40.042 [info] > git rev-parse refs/remotes/origin/main [0ms]
2025-05-14 16:02:40.057 [info] > git for-each-ref --sort -committerdate --format %(refname)%00%(objectname)%00%(*objectname) [1ms]
2025-05-14 16:02:40.127 [info] > git status -z -uall [78ms]
2025-05-14 16:02:42.599 [info] > git show --textconv :frontend/src/api/config.js [8ms]
2025-05-14 16:02:42.599 [info] > git ls-files --stage -- frontend/src/api/config.js [1ms]
2025-05-14 16:02:42.607 [info] > git cat-file -s 8e067377ad781ee8bc102c3b0564dd15f2061d3b [1ms]
2025-05-14 16:02:45.196 [info] > git blame --root --incremental 3cd74cd96354b4aea25f4bb95309952ea81c2360 -- frontend/src/api/config.js [1ms]
2025-05-14 16:02:54.234 [info] > git show --textconv :frontend/src/api/index.js [7ms]
2025-05-14 16:02:54.235 [info] > git ls-files --stage -- frontend/src/api/index.js [1ms]
2025-05-14 16:02:54.242 [info] > git cat-file -s df21475761f761756955fafbe172179d23f2281e [0ms]
2025-05-14 16:02:58.423 [info] > git show --textconv :frontend/src/api/config.js [9ms]
2025-05-14 16:02:58.423 [info] > git ls-files --stage -- frontend/src/api/config.js [0ms]
2025-05-14 16:02:58.431 [info] > git cat-file -s 8e067377ad781ee8bc102c3b0564dd15f2061d3b [1ms]
2025-05-14 16:03:03.818 [info] > git config --get commit.template [9ms]
2025-05-14 16:03:03.819 [info] > git for-each-ref --format=%(refname)%00%(upstream:short)%00%(objectname)%00%(upstream:track)%00%(upstream:remotename)%00%(upstream:remoteref) refs/heads/main refs/remotes/main [1ms]
2025-05-14 16:03:03.826 [warning] [Git][revParse] Unable to read file: ENOENT: no such file or directory, open '/home/user/Documents/code/queryquest/.git/refs/remotes/origin/main'
2025-05-14 16:03:03.827 [info] > git rev-parse refs/remotes/origin/main [1ms]
2025-05-14 16:03:03.845 [info] > git for-each-ref --sort -committerdate --format %(refname)%00%(objectname)%00%(*objectname) [1ms]
2025-05-14 16:03:03.915 [info] > git status -z -uall [80ms]
2025-05-14 16:04:11.255 [info] > git config --get commit.template [0ms]
2025-05-14 16:04:11.269 [info] > git for-each-ref --format=%(refname)%00%(upstream:short)%00%(objectname)%00%(upstream:track)%00%(upstream:remotename)%00%(upstream:remoteref) refs/heads/main refs/remotes/main [1ms]
2025-05-14 16:04:11.281 [warning] [Git][revParse] Unable to read file: ENOENT: no such file or directory, open '/home/user/Documents/code/queryquest/.git/refs/remotes/origin/main'
2025-05-14 16:04:11.282 [info] > git rev-parse refs/remotes/origin/main [1ms]
2025-05-14 16:04:11.299 [info] > git for-each-ref --sort -committerdate --format %(refname)%00%(objectname)%00%(*objectname) [1ms]
2025-05-14 16:04:11.369 [info] > git status -z -uall [78ms]
2025-05-14 16:04:32.960 [info] > git config --get commit.template [1ms]
2025-05-14 16:04:32.970 [info] > git for-each-ref --format=%(refname)%00%(upstream:short)%00%(objectname)%00%(upstream:track)%00%(upstream:remotename)%00%(upstream:remoteref) refs/heads/main refs/remotes/main [1ms]
2025-05-14 16:04:32.978 [warning] [Git][revParse] Unable to read file: ENOENT: no such file or directory, open '/home/user/Documents/code/queryquest/.git/refs/remotes/origin/main'
2025-05-14 16:04:32.979 [info] > git rev-parse refs/remotes/origin/main [1ms]
2025-05-14 16:04:32.996 [info] > git for-each-ref --sort -committerdate --format %(refname)%00%(objectname)%00%(*objectname) [1ms]
2025-05-14 16:04:33.067 [info] > git status -z -uall [80ms]
2025-05-14 16:04:35.945 [info] > git show --textconv :frontend/src/pages/SolveTestPage.vue [7ms]
2025-05-14 16:04:35.946 [info] > git ls-files --stage -- frontend/src/pages/SolveTestPage.vue [1ms]
2025-05-14 16:04:35.953 [info] > git cat-file -s 6f9b949a1c4f42c699d60d99231688d32538fa2f [1ms]
2025-05-14 16:04:48.416 [info] > git config --get commit.template [8ms]
2025-05-14 16:04:48.417 [info] > git for-each-ref --format=%(refname)%00%(upstream:short)%00%(objectname)%00%(upstream:track)%00%(upstream:remotename)%00%(upstream:remoteref) refs/heads/main refs/remotes/main [1ms]
2025-05-14 16:04:48.424 [warning] [Git][revParse] Unable to read file: ENOENT: no such file or directory, open '/home/user/Documents/code/queryquest/.git/refs/remotes/origin/main'
2025-05-14 16:04:48.425 [info] > git rev-parse refs/remotes/origin/main [1ms]
2025-05-14 16:04:48.441 [info] > git for-each-ref --sort -committerdate --format %(refname)%00%(objectname)%00%(*objectname) [1ms]
2025-05-14 16:04:48.510 [info] > git status -z -uall [78ms]
2025-05-14 16:06:15.677 [info] > git config --get commit.template [11ms]
2025-05-14 16:06:15.678 [info] > git for-each-ref --format=%(refname)%00%(upstream:short)%00%(objectname)%00%(upstream:track)%00%(upstream:remotename)%00%(upstream:remoteref) refs/heads/main refs/remotes/main [1ms]
2025-05-14 16:06:15.687 [warning] [Git][revParse] Unable to read file: ENOENT: no such file or directory, open '/home/user/Documents/code/queryquest/.git/refs/remotes/origin/main'
2025-05-14 16:06:15.687 [info] > git rev-parse refs/remotes/origin/main [0ms]
2025-05-14 16:06:15.705 [info] > git for-each-ref --sort -committerdate --format %(refname)%00%(objectname)%00%(*objectname) [1ms]
2025-05-14 16:06:15.773 [info] > git status -z -uall [78ms]
2025-05-14 16:06:27.545 [info] > git config --get commit.template [10ms]
2025-05-14 16:06:27.545 [info] > git for-each-ref --format=%(refname)%00%(upstream:short)%00%(objectname)%00%(upstream:track)%00%(upstream:remotename)%00%(upstream:remoteref) refs/heads/main refs/remotes/main [1ms]
2025-05-14 16:06:27.554 [warning] [Git][revParse] Unable to read file: ENOENT: no such file or directory, open '/home/user/Documents/code/queryquest/.git/refs/remotes/origin/main'
2025-05-14 16:06:27.555 [info] > git rev-parse refs/remotes/origin/main [1ms]
2025-05-14 16:06:27.572 [info] > git for-each-ref --sort -committerdate --format %(refname)%00%(objectname)%00%(*objectname) [0ms]
2025-05-14 16:06:27.643 [info] > git status -z -uall [80ms]
2025-05-14 16:06:32.536 [info] > git check-ignore -v -z --stdin [1ms]
2025-05-14 16:06:33.765 [info] > git show --textconv :backend/sqlite_query_service/utils/diagram_creator.py [9ms]
2025-05-14 16:06:33.765 [info] > git ls-files --stage -- backend/sqlite_query_service/utils/diagram_creator.py [1ms]
2025-05-14 16:06:33.774 [info] > git cat-file -s a0c0284fec50e2644b3028f9a670c39114598dd6 [1ms]
2025-05-14 16:06:35.544 [info] > git blame --root --incremental 3cd74cd96354b4aea25f4bb95309952ea81c2360 -- backend/sqlite_query_service/utils/diagram_creator.py [1ms]
2025-05-14 16:06:54.825 [info] > git check-ignore -v -z --stdin [1ms]
2025-05-14 16:06:56.208 [info] > git show --textconv :backend/sqlite_query_service/endpoints/create_er_diagram.py [9ms]
2025-05-14 16:06:56.209 [info] > git ls-files --stage -- backend/sqlite_query_service/endpoints/create_er_diagram.py [1ms]
2025-05-14 16:06:56.218 [info] > git cat-file -s a8dd0bc23b5d813a830d4c8181c20cc03b3f838b [0ms]
2025-05-14 16:06:56.810 [info] > git blame --root --incremental 3cd74cd96354b4aea25f4bb95309952ea81c2360 -- backend/sqlite_query_service/endpoints/create_er_diagram.py [1ms]
2025-05-14 16:08:02.042 [info] > git config --get commit.template [8ms]
2025-05-14 16:08:02.042 [info] > git for-each-ref --format=%(refname)%00%(upstream:short)%00%(objectname)%00%(upstream:track)%00%(upstream:remotename)%00%(upstream:remoteref) refs/heads/main refs/remotes/main [1ms]
2025-05-14 16:08:02.050 [warning] [Git][revParse] Unable to read file: ENOENT: no such file or directory, open '/home/user/Documents/code/queryquest/.git/refs/remotes/origin/main'
2025-05-14 16:08:02.051 [info] > git rev-parse refs/remotes/origin/main [1ms]
2025-05-14 16:08:02.068 [info] > git for-each-ref --sort -committerdate --format %(refname)%00%(objectname)%00%(*objectname) [1ms]
2025-05-14 16:08:02.137 [info] > git status -z -uall [78ms]
2025-05-14 16:08:07.159 [info] > git for-each-ref --format=%(refname)%00%(upstream:short)%00%(objectname)%00%(upstream:track)%00%(upstream:remotename)%00%(upstream:remoteref) refs/heads/main refs/remotes/main [1ms]
2025-05-14 16:08:07.159 [info] > git config --get commit.template [10ms]
2025-05-14 16:08:07.167 [warning] [Git][revParse] Unable to read file: ENOENT: no such file or directory, open '/home/user/Documents/code/queryquest/.git/refs/remotes/origin/main'
2025-05-14 16:08:07.167 [info] > git rev-parse refs/remotes/origin/main [0ms]
2025-05-14 16:08:07.184 [info] > git for-each-ref --sort -committerdate --format %(refname)%00%(objectname)%00%(*objectname) [1ms]
2025-05-14 16:08:07.253 [info] > git status -z -uall [78ms]
2025-05-14 16:08:12.274 [info] > git config --get commit.template [8ms]
2025-05-14 16:08:12.274 [info] > git for-each-ref --format=%(refname)%00%(upstream:short)%00%(objectname)%00%(upstream:track)%00%(upstream:remotename)%00%(upstream:remoteref) refs/heads/main refs/remotes/main [0ms]
2025-05-14 16:08:12.282 [warning] [Git][revParse] Unable to read file: ENOENT: no such file or directory, open '/home/user/Documents/code/queryquest/.git/refs/remotes/origin/main'
2025-05-14 16:08:12.283 [info] > git rev-parse refs/remotes/origin/main [1ms]
2025-05-14 16:08:12.300 [info] > git for-each-ref --sort -committerdate --format %(refname)%00%(objectname)%00%(*objectname) [1ms]
2025-05-14 16:08:12.369 [info] > git status -z -uall [78ms]
2025-05-14 16:08:15.247 [info] > git check-ignore -v -z --stdin [1ms]
2025-05-14 16:08:30.955 [info] > git config --get commit.template [12ms]
2025-05-14 16:08:30.956 [info] > git for-each-ref --format=%(refname)%00%(upstream:short)%00%(objectname)%00%(upstream:track)%00%(upstream:remotename)%00%(upstream:remoteref) refs/heads/main refs/remotes/main [1ms]
2025-05-14 16:08:30.965 [warning] [Git][revParse] Unable to read file: ENOENT: no such file or directory, open '/home/user/Documents/code/queryquest/.git/refs/remotes/origin/main'
2025-05-14 16:08:30.965 [info] > git rev-parse refs/remotes/origin/main [0ms]
2025-05-14 16:08:30.983 [info] > git for-each-ref --sort -committerdate --format %(refname)%00%(objectname)%00%(*objectname) [1ms]
2025-05-14 16:08:31.052 [info] > git status -z -uall [78ms]
2025-05-14 16:08:41.473 [info] > git show --textconv :backend/sqlite_query_service/utils/diagram_creator.py [9ms]
2025-05-14 16:08:41.473 [info] > git ls-files --stage -- backend/sqlite_query_service/utils/diagram_creator.py [0ms]
2025-05-14 16:08:41.482 [info] > git cat-file -s a0c0284fec50e2644b3028f9a670c39114598dd6 [0ms]
2025-05-14 16:08:56.094 [info] > git show --textconv :backend/sqlite_query_service/endpoints/create_er_diagram.py [10ms]
2025-05-14 16:08:56.095 [info] > git ls-files --stage -- backend/sqlite_query_service/endpoints/create_er_diagram.py [1ms]
2025-05-14 16:08:56.105 [info] > git cat-file -s a8dd0bc23b5d813a830d4c8181c20cc03b3f838b [1ms]
2025-05-14 16:08:56.955 [info] > git config --get commit.template [8ms]
2025-05-14 16:08:56.956 [info] > git for-each-ref --format=%(refname)%00%(upstream:short)%00%(objectname)%00%(upstream:track)%00%(upstream:remotename)%00%(upstream:remoteref) refs/heads/main refs/remotes/main [1ms]
2025-05-14 16:08:56.964 [warning] [Git][revParse] Unable to read file: ENOENT: no such file or directory, open '/home/user/Documents/code/queryquest/.git/refs/remotes/origin/main'
2025-05-14 16:08:56.964 [info] > git rev-parse refs/remotes/origin/main [0ms]
2025-05-14 16:08:56.981 [info] > git for-each-ref --sort -committerdate --format %(refname)%00%(objectname)%00%(*objectname) [1ms]
2025-05-14 16:08:57.051 [info] > git status -z -uall [79ms]
2025-05-14 16:09:09.761 [info] > git config --get commit.template [9ms]
2025-05-14 16:09:09.762 [info] > git for-each-ref --format=%(refname)%00%(upstream:short)%00%(objectname)%00%(upstream:track)%00%(upstream:remotename)%00%(upstream:remoteref) refs/heads/main refs/remotes/main [1ms]
2025-05-14 16:09:09.770 [warning] [Git][revParse] Unable to read file: ENOENT: no such file or directory, open '/home/user/Documents/code/queryquest/.git/refs/remotes/origin/main'
2025-05-14 16:09:09.770 [info] > git rev-parse refs/remotes/origin/main [0ms]
2025-05-14 16:09:09.788 [info] > git for-each-ref --sort -committerdate --format %(refname)%00%(objectname)%00%(*objectname) [1ms]
2025-05-14 16:09:09.857 [info] > git status -z -uall [79ms]
2025-05-14 16:09:14.880 [info] > git config --get commit.template [9ms]
2025-05-14 16:09:14.880 [info] > git for-each-ref --format=%(refname)%00%(upstream:short)%00%(objectname)%00%(upstream:track)%00%(upstream:remotename)%00%(upstream:remoteref) refs/heads/main refs/remotes/main [1ms]
2025-05-14 16:09:14.889 [warning] [Git][revParse] Unable to read file: ENOENT: no such file or directory, open '/home/user/Documents/code/queryquest/.git/refs/remotes/origin/main'
2025-05-14 16:09:14.889 [info] > git rev-parse refs/remotes/origin/main [0ms]
2025-05-14 16:09:14.906 [info] > git for-each-ref --sort -committerdate --format %(refname)%00%(objectname)%00%(*objectname) [0ms]
2025-05-14 16:09:14.975 [info] > git status -z -uall [78ms]
2025-05-14 16:09:19.999 [info] > git config --get commit.template [9ms]
2025-05-14 16:09:19.999 [info] > git for-each-ref --format=%(refname)%00%(upstream:short)%00%(objectname)%00%(upstream:track)%00%(upstream:remotename)%00%(upstream:remoteref) refs/heads/main refs/remotes/main [1ms]
2025-05-14 16:09:20.008 [warning] [Git][revParse] Unable to read file: ENOENT: no such file or directory, open '/home/user/Documents/code/queryquest/.git/refs/remotes/origin/main'
2025-05-14 16:09:20.009 [info] > git rev-parse refs/remotes/origin/main [1ms]
2025-05-14 16:09:20.027 [info] > git for-each-ref --sort -committerdate --format %(refname)%00%(objectname)%00%(*objectname) [1ms]
2025-05-14 16:09:20.097 [info] > git status -z -uall [80ms]
2025-05-14 16:09:21.216 [info] > git show --textconv :backend/sqlite_query_service/Dockerfile [9ms]
2025-05-14 16:09:21.217 [info] > git ls-files --stage -- backend/sqlite_query_service/Dockerfile [1ms]
2025-05-14 16:09:21.225 [info] > git cat-file -s c856172ec84bd286040c829da538c752908c7e2c [0ms]
2025-05-14 16:09:24.484 [info] > git show --textconv :backend/sqlite_query_service/test.py [11ms]
2025-05-14 16:09:24.492 [info] > git ls-files --stage -- backend/sqlite_query_service/test.py [9ms]
2025-05-14 16:09:24.501 [info] > git hash-object -t tree /dev/null [8ms]
2025-05-14 16:09:24.501 [warning] [GitFileSystemProvider][readFile] File not found - git:/home/user/Documents/code/queryquest/backend/sqlite_query_service/test.py.git?%7B%22path%22%3A%22%2Fhome%2Fuser%2FDocuments%2Fcode%2Fqueryquest%2Fbackend%2Fsqlite_query_service%2Ftest.py%22%2C%22ref%22%3A%22%22%7D
2025-05-14 16:09:24.501 [info] > git hash-object -t tree /dev/null [1ms]
2025-05-14 16:09:24.501 [warning] [GitFileSystemProvider][stat] File not found - git:/home/user/Documents/code/queryquest/backend/sqlite_query_service/test.py.git?%7B%22path%22%3A%22%2Fhome%2Fuser%2FDocuments%2Fcode%2Fqueryquest%2Fbackend%2Fsqlite_query_service%2Ftest.py%22%2C%22ref%22%3A%22%22%7D
2025-05-14 16:09:24.768 [info] > git check-ignore -v -z --stdin [1ms]
2025-05-14 16:09:25.295 [info] > git config --get commit.template [1ms]
2025-05-14 16:09:25.305 [info] > git for-each-ref --format=%(refname)%00%(upstream:short)%00%(objectname)%00%(upstream:track)%00%(upstream:remotename)%00%(upstream:remoteref) refs/heads/main refs/remotes/main [1ms]
2025-05-14 16:09:25.314 [warning] [Git][revParse] Unable to read file: ENOENT: no such file or directory, open '/home/user/Documents/code/queryquest/.git/refs/remotes/origin/main'
2025-05-14 16:09:25.314 [info] > git rev-parse refs/remotes/origin/main [0ms]
2025-05-14 16:09:25.332 [info] > git for-each-ref --sort -committerdate --format %(refname)%00%(objectname)%00%(*objectname) [1ms]
2025-05-14 16:09:25.402 [info] > git status -z -uall [79ms]
2025-05-14 16:09:30.424 [info] > git config --get commit.template [9ms]
2025-05-14 16:09:30.424 [info] > git for-each-ref --format=%(refname)%00%(upstream:short)%00%(objectname)%00%(upstream:track)%00%(upstream:remotename)%00%(upstream:remoteref) refs/heads/main refs/remotes/main [1ms]
2025-05-14 16:09:30.432 [warning] [Git][revParse] Unable to read file: ENOENT: no such file or directory, open '/home/user/Documents/code/queryquest/.git/refs/remotes/origin/main'
2025-05-14 16:09:30.433 [info] > git rev-parse refs/remotes/origin/main [1ms]
2025-05-14 16:09:30.451 [info] > git for-each-ref --sort -committerdate --format %(refname)%00%(objectname)%00%(*objectname) [1ms]
2025-05-14 16:09:30.520 [info] > git status -z -uall [79ms]
2025-05-14 16:09:33.844 [info] > git show --textconv :backend/sqlite_query_service/endpoints/create_er_diagram.py [11ms]
2025-05-14 16:09:33.845 [info] > git ls-files --stage -- backend/sqlite_query_service/endpoints/create_er_diagram.py [1ms]
2025-05-14 16:09:33.855 [info] > git cat-file -s a8dd0bc23b5d813a830d4c8181c20cc03b3f838b [1ms]
2025-05-14 16:09:35.542 [info] > git config --get commit.template [9ms]
2025-05-14 16:09:35.543 [info] > git for-each-ref --format=%(refname)%00%(upstream:short)%00%(objectname)%00%(upstream:track)%00%(upstream:remotename)%00%(upstream:remoteref) refs/heads/main refs/remotes/main [1ms]
2025-05-14 16:09:35.551 [warning] [Git][revParse] Unable to read file: ENOENT: no such file or directory, open '/home/user/Documents/code/queryquest/.git/refs/remotes/origin/main'
2025-05-14 16:09:35.552 [info] > git rev-parse refs/remotes/origin/main [1ms]
2025-05-14 16:09:35.570 [info] > git for-each-ref --sort -committerdate --format %(refname)%00%(objectname)%00%(*objectname) [0ms]
2025-05-14 16:09:35.638 [info] > git status -z -uall [77ms]
2025-05-14 16:09:52.405 [info] > git config --get commit.template [9ms]
2025-05-14 16:09:52.406 [info] > git for-each-ref --format=%(refname)%00%(upstream:short)%00%(objectname)%00%(upstream:track)%00%(upstream:remotename)%00%(upstream:remoteref) refs/heads/main refs/remotes/main [1ms]
2025-05-14 16:09:52.414 [warning] [Git][revParse] Unable to read file: ENOENT: no such file or directory, open '/home/user/Documents/code/queryquest/.git/refs/remotes/origin/main'
2025-05-14 16:09:52.415 [info] > git rev-parse refs/remotes/origin/main [1ms]
2025-05-14 16:09:52.433 [info] > git for-each-ref --sort -committerdate --format %(refname)%00%(objectname)%00%(*objectname) [1ms]
2025-05-14 16:09:52.501 [info] > git status -z -uall [78ms]
2025-05-14 16:09:53.631 [info] > git show --textconv :backend/sqlite_query_service/endpoints/create_er_diagram.py [11ms]
2025-05-14 16:09:53.631 [info] > git ls-files --stage -- backend/sqlite_query_service/endpoints/create_er_diagram.py [0ms]
2025-05-14 16:09:53.641 [info] > git cat-file -s a8dd0bc23b5d813a830d4c8181c20cc03b3f838b [1ms]
2025-05-14 16:09:57.523 [info] > git config --get commit.template [10ms]
2025-05-14 16:09:57.523 [info] > git for-each-ref --format=%(refname)%00%(upstream:short)%00%(objectname)%00%(upstream:track)%00%(upstream:remotename)%00%(upstream:remoteref) refs/heads/main refs/remotes/main [1ms]
2025-05-14 16:09:57.531 [warning] [Git][revParse] Unable to read file: ENOENT: no such file or directory, open '/home/user/Documents/code/queryquest/.git/refs/remotes/origin/main'
2025-05-14 16:09:57.532 [info] > git rev-parse refs/remotes/origin/main [1ms]
2025-05-14 16:09:57.550 [info] > git for-each-ref --sort -committerdate --format %(refname)%00%(objectname)%00%(*objectname) [1ms]
2025-05-14 16:09:57.618 [info] > git status -z -uall [77ms]
2025-05-14 16:10:07.110 [info] > git config --get commit.template [11ms]
2025-05-14 16:10:07.110 [info] > git for-each-ref --format=%(refname)%00%(upstream:short)%00%(objectname)%00%(upstream:track)%00%(upstream:remotename)%00%(upstream:remoteref) refs/heads/main refs/remotes/main [1ms]
2025-05-14 16:10:07.122 [warning] [Git][revParse] Unable to read file: ENOENT: no such file or directory, open '/home/user/Documents/code/queryquest/.git/refs/remotes/origin/main'
2025-05-14 16:10:07.122 [info] > git rev-parse refs/remotes/origin/main [0ms]
2025-05-14 16:10:07.142 [info] > git for-each-ref --sort -committerdate --format %(refname)%00%(objectname)%00%(*objectname) [0ms]
2025-05-14 16:10:07.211 [info] > git status -z -uall [79ms]
2025-05-14 16:10:12.232 [info] > git config --get commit.template [9ms]
2025-05-14 16:10:12.233 [info] > git for-each-ref --format=%(refname)%00%(upstream:short)%00%(objectname)%00%(upstream:track)%00%(upstream:remotename)%00%(upstream:remoteref) refs/heads/main refs/remotes/main [1ms]
2025-05-14 16:10:12.241 [warning] [Git][revParse] Unable to read file: ENOENT: no such file or directory, open '/home/user/Documents/code/queryquest/.git/refs/remotes/origin/main'
2025-05-14 16:10:12.241 [info] > git rev-parse refs/remotes/origin/main [0ms]
2025-05-14 16:10:12.259 [info] > git for-each-ref --sort -committerdate --format %(refname)%00%(objectname)%00%(*objectname) [1ms]
2025-05-14 16:10:12.327 [info] > git status -z -uall [78ms]
2025-05-14 16:10:20.542 [info] > git for-each-ref --format=%(refname)%00%(upstream:short)%00%(objectname)%00%(upstream:track)%00%(upstream:remotename)%00%(upstream:remoteref) refs/heads/main refs/remotes/main [1ms]
2025-05-14 16:10:20.542 [info] > git config --get commit.template [9ms]
2025-05-14 16:10:20.550 [warning] [Git][revParse] Unable to read file: ENOENT: no such file or directory, open '/home/user/Documents/code/queryquest/.git/refs/remotes/origin/main'
2025-05-14 16:10:20.551 [info] > git rev-parse refs/remotes/origin/main [1ms]
2025-05-14 16:10:20.568 [info] > git for-each-ref --sort -committerdate --format %(refname)%00%(objectname)%00%(*objectname) [1ms]
2025-05-14 16:10:20.650 [info] > git status -z -uall [91ms]
2025-05-14 16:10:25.151 [info] > git show --textconv :backend/sqlite_query_service/endpoints/create_er_diagram.py [10ms]
2025-05-14 16:10:25.151 [info] > git ls-files --stage -- backend/sqlite_query_service/endpoints/create_er_diagram.py [1ms]
2025-05-14 16:10:25.160 [info] > git cat-file -s a8dd0bc23b5d813a830d4c8181c20cc03b3f838b [0ms]
2025-05-14 16:10:25.673 [info] > git config --get commit.template [10ms]
2025-05-14 16:10:25.673 [info] > git for-each-ref --format=%(refname)%00%(upstream:short)%00%(objectname)%00%(upstream:track)%00%(upstream:remotename)%00%(upstream:remoteref) refs/heads/main refs/remotes/main [1ms]
2025-05-14 16:10:25.682 [warning] [Git][revParse] Unable to read file: ENOENT: no such file or directory, open '/home/user/Documents/code/queryquest/.git/refs/remotes/origin/main'
2025-05-14 16:10:25.683 [info] > git rev-parse refs/remotes/origin/main [1ms]
2025-05-14 16:10:25.701 [info] > git for-each-ref --sort -committerdate --format %(refname)%00%(objectname)%00%(*objectname) [1ms]
2025-05-14 16:10:25.770 [info] > git status -z -uall [79ms]
2025-05-14 16:10:45.971 [info] > git config --get commit.template [13ms]
2025-05-14 16:10:45.971 [info] > git for-each-ref --format=%(refname)%00%(upstream:short)%00%(objectname)%00%(upstream:track)%00%(upstream:remotename)%00%(upstream:remoteref) refs/heads/main refs/remotes/main [1ms]
2025-05-14 16:10:45.980 [warning] [Git][revParse] Unable to read file: ENOENT: no such file or directory, open '/home/user/Documents/code/queryquest/.git/refs/remotes/origin/main'
2025-05-14 16:10:45.981 [info] > git rev-parse refs/remotes/origin/main [1ms]
2025-05-14 16:10:45.999 [info] > git for-each-ref --sort -committerdate --format %(refname)%00%(objectname)%00%(*objectname) [1ms]
2025-05-14 16:10:46.067 [info] > git status -z -uall [77ms]
2025-05-14 16:11:02.095 [info] > git show --textconv :backend/sqlite_query_service/endpoints/create_er_diagram.py [9ms]
2025-05-14 16:11:02.096 [info] > git ls-files --stage -- backend/sqlite_query_service/endpoints/create_er_diagram.py [1ms]
2025-05-14 16:11:02.105 [info] > git cat-file -s a8dd0bc23b5d813a830d4c8181c20cc03b3f838b [1ms]
2025-05-14 16:11:35.432 [info] > git config --get commit.template [11ms]
2025-05-14 16:11:35.433 [info] > git for-each-ref --format=%(refname)%00%(upstream:short)%00%(objectname)%00%(upstream:track)%00%(upstream:remotename)%00%(upstream:remoteref) refs/heads/main refs/remotes/main [1ms]
2025-05-14 16:11:35.443 [warning] [Git][revParse] Unable to read file: ENOENT: no such file or directory, open '/home/user/Documents/code/queryquest/.git/refs/remotes/origin/main'
2025-05-14 16:11:35.443 [info] > git rev-parse refs/remotes/origin/main [0ms]
2025-05-14 16:11:35.465 [info] > git for-each-ref --sort -committerdate --format %(refname)%00%(objectname)%00%(*objectname) [1ms]
2025-05-14 16:11:35.533 [info] > git status -z -uall [80ms]
2025-05-14 16:11:44.252 [info] > git show --textconv :backend/sqlite_query_service/main.py [11ms]
2025-05-14 16:11:44.253 [info] > git ls-files --stage -- backend/sqlite_query_service/main.py [1ms]
2025-05-14 16:11:44.264 [info] > git cat-file -s 9df20b74825d67f22f3edc8e03074492b1d29406 [1ms]
2025-05-14 16:11:50.807 [info] > git config --get commit.template [8ms]
2025-05-14 16:11:50.808 [info] > git for-each-ref --format=%(refname)%00%(upstream:short)%00%(objectname)%00%(upstream:track)%00%(upstream:remotename)%00%(upstream:remoteref) refs/heads/main refs/remotes/main [1ms]
2025-05-14 16:11:50.816 [warning] [Git][revParse] Unable to read file: ENOENT: no such file or directory, open '/home/user/Documents/code/queryquest/.git/refs/remotes/origin/main'
2025-05-14 16:11:50.817 [info] > git rev-parse refs/remotes/origin/main [1ms]
2025-05-14 16:11:50.842 [info] > git for-each-ref --sort -committerdate --format %(refname)%00%(objectname)%00%(*objectname) [1ms]
2025-05-14 16:11:50.909 [info] > git status -z -uall [78ms]
2025-05-14 16:12:00.115 [info] > git show --textconv :backend/sqlite_query_service/main.py [9ms]
2025-05-14 16:12:00.115 [info] > git ls-files --stage -- backend/sqlite_query_service/main.py [1ms]
2025-05-14 16:12:00.125 [info] > git cat-file -s 9df20b74825d67f22f3edc8e03074492b1d29406 [1ms]
2025-05-14 16:12:44.369 [info] > git config --get commit.template [9ms]
2025-05-14 16:12:44.369 [info] > git for-each-ref --format=%(refname)%00%(upstream:short)%00%(objectname)%00%(upstream:track)%00%(upstream:remotename)%00%(upstream:remoteref) refs/heads/main refs/remotes/main [0ms]
2025-05-14 16:12:44.378 [warning] [Git][revParse] Unable to read file: ENOENT: no such file or directory, open '/home/user/Documents/code/queryquest/.git/refs/remotes/origin/main'
2025-05-14 16:12:44.378 [info] > git rev-parse refs/remotes/origin/main [0ms]
2025-05-14 16:12:44.395 [info] > git for-each-ref --sort -committerdate --format %(refname)%00%(objectname)%00%(*objectname) [1ms]
2025-05-14 16:12:44.464 [info] > git status -z -uall [78ms]
2025-05-14 16:13:02.494 [info] > git config --get commit.template [12ms]
2025-05-14 16:13:02.495 [info] > git for-each-ref --format=%(refname)%00%(upstream:short)%00%(objectname)%00%(upstream:track)%00%(upstream:remotename)%00%(upstream:remoteref) refs/heads/main refs/remotes/main [1ms]
2025-05-14 16:13:02.506 [warning] [Git][revParse] Unable to read file: ENOENT: no such file or directory, open '/home/user/Documents/code/queryquest/.git/refs/remotes/origin/main'
2025-05-14 16:13:02.506 [info] > git rev-parse refs/remotes/origin/main [0ms]
2025-05-14 16:13:02.527 [info] > git for-each-ref --sort -committerdate --format %(refname)%00%(objectname)%00%(*objectname) [1ms]
2025-05-14 16:13:02.596 [info] > git status -z -uall [80ms]
2025-05-14 16:13:10.728 [info] > git config --get commit.template [9ms]
2025-05-14 16:13:10.729 [info] > git for-each-ref --format=%(refname)%00%(upstream:short)%00%(objectname)%00%(upstream:track)%00%(upstream:remotename)%00%(upstream:remoteref) refs/heads/main refs/remotes/main [1ms]
2025-05-14 16:13:10.737 [warning] [Git][revParse] Unable to read file: ENOENT: no such file or directory, open '/home/user/Documents/code/queryquest/.git/refs/remotes/origin/main'
2025-05-14 16:13:10.738 [info] > git rev-parse refs/remotes/origin/main [1ms]
2025-05-14 16:13:10.755 [info] > git for-each-ref --sort -committerdate --format %(refname)%00%(objectname)%00%(*objectname) [1ms]
2025-05-14 16:13:10.823 [info] > git status -z -uall [77ms]
2025-05-14 16:13:16.148 [info] > git config --get commit.template [12ms]
2025-05-14 16:13:16.148 [info] > git for-each-ref --format=%(refname)%00%(upstream:short)%00%(objectname)%00%(upstream:track)%00%(upstream:remotename)%00%(upstream:remoteref) refs/heads/main refs/remotes/main [1ms]
2025-05-14 16:13:16.159 [warning] [Git][revParse] Unable to read file: ENOENT: no such file or directory, open '/home/user/Documents/code/queryquest/.git/refs/remotes/origin/main'
2025-05-14 16:13:16.160 [info] > git rev-parse refs/remotes/origin/main [1ms]
2025-05-14 16:13:16.180 [info] > git for-each-ref --sort -committerdate --format %(refname)%00%(objectname)%00%(*objectname) [1ms]
2025-05-14 16:13:16.248 [info] > git status -z -uall [79ms]
2025-05-14 16:13:25.947 [info] > git config --get commit.template [1ms]
2025-05-14 16:13:25.956 [info] > git for-each-ref --format=%(refname)%00%(upstream:short)%00%(objectname)%00%(upstream:track)%00%(upstream:remotename)%00%(upstream:remoteref) refs/heads/main refs/remotes/main [1ms]
2025-05-14 16:13:25.965 [warning] [Git][revParse] Unable to read file: ENOENT: no such file or directory, open '/home/user/Documents/code/queryquest/.git/refs/remotes/origin/main'
2025-05-14 16:13:25.966 [info] > git rev-parse refs/remotes/origin/main [1ms]
2025-05-14 16:13:25.984 [info] > git for-each-ref --sort -committerdate --format %(refname)%00%(objectname)%00%(*objectname) [0ms]
2025-05-14 16:13:26.063 [info] > git status -z -uall [88ms]
2025-05-14 16:13:32.430 [info] > git config --get commit.template [9ms]
2025-05-14 16:13:32.430 [info] > git for-each-ref --format=%(refname)%00%(upstream:short)%00%(objectname)%00%(upstream:track)%00%(upstream:remotename)%00%(upstream:remoteref) refs/heads/main refs/remotes/main [0ms]
2025-05-14 16:13:32.439 [warning] [Git][revParse] Unable to read file: ENOENT: no such file or directory, open '/home/user/Documents/code/queryquest/.git/refs/remotes/origin/main'
2025-05-14 16:13:32.439 [info] > git rev-parse refs/remotes/origin/main [0ms]
2025-05-14 16:13:32.457 [info] > git for-each-ref --sort -committerdate --format %(refname)%00%(objectname)%00%(*objectname) [1ms]
2025-05-14 16:13:32.526 [info] > git status -z -uall [78ms]
2025-05-14 16:13:37.549 [info] > git config --get commit.template [9ms]
2025-05-14 16:13:37.550 [info] > git for-each-ref --format=%(refname)%00%(upstream:short)%00%(objectname)%00%(upstream:track)%00%(upstream:remotename)%00%(upstream:remoteref) refs/heads/main refs/remotes/main [1ms]
2025-05-14 16:13:37.558 [warning] [Git][revParse] Unable to read file: ENOENT: no such file or directory, open '/home/user/Documents/code/queryquest/.git/refs/remotes/origin/main'
2025-05-14 16:13:37.559 [info] > git rev-parse refs/remotes/origin/main [1ms]
2025-05-14 16:13:37.576 [info] > git for-each-ref --sort -committerdate --format %(refname)%00%(objectname)%00%(*objectname) [1ms]
2025-05-14 16:13:37.644 [info] > git status -z -uall [77ms]
2025-05-14 16:14:08.675 [info] > git config --get commit.template [10ms]
2025-05-14 16:14:08.675 [info] > git for-each-ref --format=%(refname)%00%(upstream:short)%00%(objectname)%00%(upstream:track)%00%(upstream:remotename)%00%(upstream:remoteref) refs/heads/main refs/remotes/main [1ms]
2025-05-14 16:14:08.683 [warning] [Git][revParse] Unable to read file: ENOENT: no such file or directory, open '/home/user/Documents/code/queryquest/.git/refs/remotes/origin/main'
2025-05-14 16:14:08.684 [info] > git rev-parse refs/remotes/origin/main [1ms]
2025-05-14 16:14:08.702 [info] > git for-each-ref --sort -committerdate --format %(refname)%00%(objectname)%00%(*objectname) [1ms]
2025-05-14 16:14:08.770 [info] > git status -z -uall [78ms]
2025-05-14 16:14:42.054 [info] > git config --get commit.template [13ms]
2025-05-14 16:14:42.054 [info] > git for-each-ref --format=%(refname)%00%(upstream:short)%00%(objectname)%00%(upstream:track)%00%(upstream:remotename)%00%(upstream:remoteref) refs/heads/main refs/remotes/main [1ms]
2025-05-14 16:14:42.065 [warning] [Git][revParse] Unable to read file: ENOENT: no such file or directory, open '/home/user/Documents/code/queryquest/.git/refs/remotes/origin/main'
2025-05-14 16:14:42.066 [info] > git rev-parse refs/remotes/origin/main [1ms]
2025-05-14 16:14:42.087 [info] > git for-each-ref --sort -committerdate --format %(refname)%00%(objectname)%00%(*objectname) [1ms]
2025-05-14 16:14:42.154 [info] > git status -z -uall [78ms]
2025-05-14 16:14:47.167 [info] > git config --get commit.template [1ms]
2025-05-14 16:14:47.176 [info] > git for-each-ref --format=%(refname)%00%(upstream:short)%00%(objectname)%00%(upstream:track)%00%(upstream:remotename)%00%(upstream:remoteref) refs/heads/main refs/remotes/main [1ms]
2025-05-14 16:14:47.184 [warning] [Git][revParse] Unable to read file: ENOENT: no such file or directory, open '/home/user/Documents/code/queryquest/.git/refs/remotes/origin/main'
2025-05-14 16:14:47.185 [info] > git rev-parse refs/remotes/origin/main [1ms]
2025-05-14 16:14:47.202 [info] > git for-each-ref --sort -committerdate --format %(refname)%00%(objectname)%00%(*objectname) [0ms]
2025-05-14 16:14:47.271 [info] > git status -z -uall [78ms]
2025-05-14 16:17:37.161 [info] > git config --get commit.template [1ms]
2025-05-14 16:17:37.178 [info] > git for-each-ref --format=%(refname)%00%(upstream:short)%00%(objectname)%00%(upstream:track)%00%(upstream:remotename)%00%(upstream:remoteref) refs/heads/main refs/remotes/main [1ms]
2025-05-14 16:17:37.189 [warning] [Git][revParse] Unable to read file: ENOENT: no such file or directory, open '/home/user/Documents/code/queryquest/.git/refs/remotes/origin/main'
2025-05-14 16:17:37.190 [info] > git rev-parse refs/remotes/origin/main [1ms]
2025-05-14 16:17:37.211 [info] > git for-each-ref --sort -committerdate --format %(refname)%00%(objectname)%00%(*objectname) [1ms]
2025-05-14 16:17:37.278 [info] > git status -z -uall [78ms]
2025-05-14 16:18:03.400 [info] > git config --get commit.template [12ms]
2025-05-14 16:18:03.401 [info] > git for-each-ref --format=%(refname)%00%(upstream:short)%00%(objectname)%00%(upstream:track)%00%(upstream:remotename)%00%(upstream:remoteref) refs/heads/main refs/remotes/main [1ms]
2025-05-14 16:18:03.410 [warning] [Git][revParse] Unable to read file: ENOENT: no such file or directory, open '/home/user/Documents/code/queryquest/.git/refs/remotes/origin/main'
2025-05-14 16:18:03.410 [info] > git rev-parse refs/remotes/origin/main [0ms]
2025-05-14 16:18:03.429 [info] > git for-each-ref --sort -committerdate --format %(refname)%00%(objectname)%00%(*objectname) [0ms]
2025-05-14 16:18:03.498 [info] > git status -z -uall [79ms]
2025-05-14 16:18:38.959 [info] > git config --get commit.template [12ms]
2025-05-14 16:18:38.959 [info] > git for-each-ref --format=%(refname)%00%(upstream:short)%00%(objectname)%00%(upstream:track)%00%(upstream:remotename)%00%(upstream:remoteref) refs/heads/main refs/remotes/main [1ms]
2025-05-14 16:18:38.969 [warning] [Git][revParse] Unable to read file: ENOENT: no such file or directory, open '/home/user/Documents/code/queryquest/.git/refs/remotes/origin/main'
2025-05-14 16:18:38.970 [info] > git rev-parse refs/remotes/origin/main [1ms]
2025-05-14 16:18:38.991 [info] > git for-each-ref --sort -committerdate --format %(refname)%00%(objectname)%00%(*objectname) [1ms]
2025-05-14 16:18:39.059 [info] > git status -z -uall [79ms]
2025-05-14 16:18:44.082 [info] > git config --get commit.template [9ms]
2025-05-14 16:18:44.083 [info] > git for-each-ref --format=%(refname)%00%(upstream:short)%00%(objectname)%00%(upstream:track)%00%(upstream:remotename)%00%(upstream:remoteref) refs/heads/main refs/remotes/main [1ms]
2025-05-14 16:18:44.092 [warning] [Git][revParse] Unable to read file: ENOENT: no such file or directory, open '/home/user/Documents/code/queryquest/.git/refs/remotes/origin/main'
2025-05-14 16:18:44.093 [info] > git rev-parse refs/remotes/origin/main [1ms]
2025-05-14 16:18:44.113 [info] > git for-each-ref --sort -committerdate --format %(refname)%00%(objectname)%00%(*objectname) [1ms]
2025-05-14 16:18:44.180 [info] > git status -z -uall [78ms]
2025-05-14 16:18:45.937 [info] > git show --textconv :frontend/src/pages/TestPage.vue [12ms]
2025-05-14 16:18:45.938 [info] > git ls-files --stage -- frontend/src/pages/TestPage.vue [1ms]
2025-05-14 16:18:45.950 [info] > git cat-file -s 5a37d39ed2cba5401b77a009e7cc028985d3f7da [1ms]
2025-05-14 16:19:54.371 [info] > git config --get commit.template [12ms]
2025-05-14 16:19:54.371 [info] > git for-each-ref --format=%(refname)%00%(upstream:short)%00%(objectname)%00%(upstream:track)%00%(upstream:remotename)%00%(upstream:remoteref) refs/heads/main refs/remotes/main [1ms]
2025-05-14 16:19:54.382 [warning] [Git][revParse] Unable to read file: ENOENT: no such file or directory, open '/home/user/Documents/code/queryquest/.git/refs/remotes/origin/main'
2025-05-14 16:19:54.382 [info] > git rev-parse refs/remotes/origin/main [0ms]
2025-05-14 16:19:54.405 [info] > git for-each-ref --sort -committerdate --format %(refname)%00%(objectname)%00%(*objectname) [1ms]
2025-05-14 16:19:54.471 [info] > git status -z -uall [78ms]
2025-05-14 16:19:59.500 [info] > git config --get commit.template [13ms]
2025-05-14 16:19:59.500 [info] > git for-each-ref --format=%(refname)%00%(upstream:short)%00%(objectname)%00%(upstream:track)%00%(upstream:remotename)%00%(upstream:remoteref) refs/heads/main refs/remotes/main [1ms]
2025-05-14 16:19:59.512 [warning] [Git][revParse] Unable to read file: ENOENT: no such file or directory, open '/home/user/Documents/code/queryquest/.git/refs/remotes/origin/main'
2025-05-14 16:19:59.512 [info] > git rev-parse refs/remotes/origin/main [0ms]
2025-05-14 16:19:59.535 [info] > git for-each-ref --sort -committerdate --format %(refname)%00%(objectname)%00%(*objectname) [1ms]
2025-05-14 16:19:59.606 [info] > git status -z -uall [83ms]
2025-05-14 16:20:26.406 [info] > git config --get commit.template [16ms]
2025-05-14 16:20:26.406 [info] > git for-each-ref --format=%(refname)%00%(upstream:short)%00%(objectname)%00%(upstream:track)%00%(upstream:remotename)%00%(upstream:remoteref) refs/heads/main refs/remotes/main [1ms]
2025-05-14 16:20:26.420 [warning] [Git][revParse] Unable to read file: ENOENT: no such file or directory, open '/home/user/Documents/code/queryquest/.git/refs/remotes/origin/main'
2025-05-14 16:20:26.421 [info] > git rev-parse refs/remotes/origin/main [1ms]
2025-05-14 16:20:26.449 [info] > git for-each-ref --sort -committerdate --format %(refname)%00%(objectname)%00%(*objectname) [1ms]
2025-05-14 16:20:26.513 [info] > git status -z -uall [78ms]
2025-05-14 16:20:31.541 [info] > git config --get commit.template [12ms]
2025-05-14 16:20:31.541 [info] > git for-each-ref --format=%(refname)%00%(upstream:short)%00%(objectname)%00%(upstream:track)%00%(upstream:remotename)%00%(upstream:remoteref) refs/heads/main refs/remotes/main [1ms]
2025-05-14 16:20:31.552 [warning] [Git][revParse] Unable to read file: ENOENT: no such file or directory, open '/home/user/Documents/code/queryquest/.git/refs/remotes/origin/main'
2025-05-14 16:20:31.553 [info] > git rev-parse refs/remotes/origin/main [1ms]
2025-05-14 16:20:31.577 [info] > git for-each-ref --sort -committerdate --format %(refname)%00%(objectname)%00%(*objectname) [1ms]
2025-05-14 16:20:31.646 [info] > git status -z -uall [81ms]
2025-05-14 16:20:49.608 [info] > git config --get commit.template [13ms]
2025-05-14 16:20:49.608 [info] > git for-each-ref --format=%(refname)%00%(upstream:short)%00%(objectname)%00%(upstream:track)%00%(upstream:remotename)%00%(upstream:remoteref) refs/heads/main refs/remotes/main [1ms]
2025-05-14 16:20:49.620 [warning] [Git][revParse] Unable to read file: ENOENT: no such file or directory, open '/home/user/Documents/code/queryquest/.git/refs/remotes/origin/main'
2025-05-14 16:20:49.621 [info] > git rev-parse refs/remotes/origin/main [1ms]
2025-05-14 16:20:49.645 [info] > git for-each-ref --sort -committerdate --format %(refname)%00%(objectname)%00%(*objectname) [1ms]
2025-05-14 16:20:49.705 [info] > git status -z -uall [73ms]
2025-05-14 16:21:17.329 [info] > git show --textconv :frontend/src/pages/TestPage.vue [15ms]
2025-05-14 16:21:17.329 [info] > git ls-files --stage -- frontend/src/pages/TestPage.vue [1ms]
2025-05-14 16:21:17.343 [info] > git cat-file -s 5a37d39ed2cba5401b77a009e7cc028985d3f7da [1ms]
2025-05-14 16:21:24.746 [info] > git config --get commit.template [15ms]
2025-05-14 16:21:24.746 [info] > git for-each-ref --format=%(refname)%00%(upstream:short)%00%(objectname)%00%(upstream:track)%00%(upstream:remotename)%00%(upstream:remoteref) refs/heads/main refs/remotes/main [1ms]
2025-05-14 16:21:24.758 [warning] [Git][revParse] Unable to read file: ENOENT: no such file or directory, open '/home/user/Documents/code/queryquest/.git/refs/remotes/origin/main'
2025-05-14 16:21:24.759 [info] > git rev-parse refs/remotes/origin/main [1ms]
2025-05-14 16:21:24.782 [info] > git for-each-ref --sort -committerdate --format %(refname)%00%(objectname)%00%(*objectname) [0ms]
2025-05-14 16:21:24.849 [info] > git status -z -uall [79ms]
2025-05-14 16:21:46.901 [info] > git config --get commit.template [14ms]
2025-05-14 16:21:46.902 [info] > git for-each-ref --format=%(refname)%00%(upstream:short)%00%(objectname)%00%(upstream:track)%00%(upstream:remotename)%00%(upstream:remoteref) refs/heads/main refs/remotes/main [1ms]
2025-05-14 16:21:46.915 [warning] [Git][revParse] Unable to read file: ENOENT: no such file or directory, open '/home/user/Documents/code/queryquest/.git/refs/remotes/origin/main'
2025-05-14 16:21:46.916 [info] > git rev-parse refs/remotes/origin/main [1ms]
2025-05-14 16:21:46.942 [info] > git for-each-ref --sort -committerdate --format %(refname)%00%(objectname)%00%(*objectname) [1ms]
2025-05-14 16:21:47.007 [info] > git status -z -uall [79ms]
2025-05-14 16:22:09.988 [info] > git config --get commit.template [24ms]
2025-05-14 16:22:09.989 [info] > git for-each-ref --format=%(refname)%00%(upstream:short)%00%(objectname)%00%(upstream:track)%00%(upstream:remotename)%00%(upstream:remoteref) refs/heads/main refs/remotes/main [1ms]
2025-05-14 16:22:10.004 [warning] [Git][revParse] Unable to read file: ENOENT: no such file or directory, open '/home/user/Documents/code/queryquest/.git/refs/remotes/origin/main'
2025-05-14 16:22:10.005 [info] > git rev-parse refs/remotes/origin/main [1ms]
2025-05-14 16:22:10.034 [info] > git for-each-ref --sort -committerdate --format %(refname)%00%(objectname)%00%(*objectname) [1ms]
2025-05-14 16:22:10.100 [info] > git status -z -uall [81ms]
2025-05-14 16:24:38.549 [info] > git config --get commit.template [13ms]
2025-05-14 16:24:38.550 [info] > git for-each-ref --format=%(refname)%00%(upstream:short)%00%(objectname)%00%(upstream:track)%00%(upstream:remotename)%00%(upstream:remoteref) refs/heads/main refs/remotes/main [1ms]
2025-05-14 16:24:38.561 [warning] [Git][revParse] Unable to read file: ENOENT: no such file or directory, open '/home/user/Documents/code/queryquest/.git/refs/remotes/origin/main'
2025-05-14 16:24:38.562 [info] > git rev-parse refs/remotes/origin/main [1ms]
2025-05-14 16:24:38.586 [info] > git for-each-ref --sort -committerdate --format %(refname)%00%(objectname)%00%(*objectname) [1ms]
2025-05-14 16:24:38.653 [info] > git status -z -uall [80ms]
2025-05-14 16:41:28.048 [info] > git config --get commit.template [23ms]
2025-05-14 16:41:28.049 [info] > git for-each-ref --format=%(refname)%00%(upstream:short)%00%(objectname)%00%(upstream:track)%00%(upstream:remotename)%00%(upstream:remoteref) refs/heads/main refs/remotes/main [2ms]
2025-05-14 16:41:28.070 [warning] [Git][revParse] Unable to read file: ENOENT: no such file or directory, open '/home/user/Documents/code/queryquest/.git/refs/remotes/origin/main'
2025-05-14 16:41:28.071 [info] > git rev-parse refs/remotes/origin/main [1ms]
2025-05-14 16:41:28.098 [info] > git for-each-ref --sort -committerdate --format %(refname)%00%(objectname)%00%(*objectname) [1ms]
2025-05-14 16:41:28.162 [info] > git status -z -uall [78ms]
